2025-05-17 20:43:01,492 [DEBUG] 初始化主窗口: 用户=why_1
2025-05-17 20:43:01,503 [DEBUG] 创建客户端线程
2025-05-17 20:43:01,503 [DEBUG] 客户端线程初始化
2025-05-17 20:43:01,504 [DEBUG] 开始初始化UDP音频服务
2025-05-17 20:43:01,504 [DEBUG] 客户端线程开始运行
2025-05-17 20:43:01,504 [DEBUG] 分配随机UDP端口: 45338
2025-05-17 20:43:01,504 [DEBUG] 尝试绑定UDP端口: 45338
2025-05-17 20:43:01,505 [DEBUG] UDP端口绑定成功: 45338
2025-05-17 20:43:01,505 [DEBUG] 创建UDP音频线程，端口: 45338
2025-05-17 20:43:01,505 [DEBUG] UDP音频线程绑定到端口: 45338
2025-05-17 20:43:01,505 [DEBUG] UDP音频线程启动成功
2025-05-17 20:43:01,506 [DEBUG] 发送UDP端口更新消息: UDP_PORT_UPDATE|why_1|45338
2025-05-17 20:43:01,506 [DEBUG] UDP音频服务初始化完成，端口: 45338
2025-05-17 20:43:01,528 [DEBUG] 初始化UI
2025-05-17 20:43:01,532 [DEBUG] 初始刷新好友和群组列表
2025-05-17 20:43:01,532 [DEBUG] 主窗口初始化完成，用户: why_1, UDP端口: 45338
2025-05-17 20:43:01,582 [DEBUG] 处理收到的消息: FRIEND_LIST|why:online
2025-05-17 20:43:01,582 [DEBUG] 处理收到的消息: GROUP_LIST|1:first_grop|2:second_grop|3:third_grop|4:4
2025-05-17 20:43:08,902 [DEBUG] 处理收到的消息: PRIVATE_HISTORY|why_1|1|why_1|[EMOJI]smart.png|why_1|[EMOJI]gif4.gif|why_1|[EMOJI]gif4.gif|why_1|[EMOJI]smart.png|why_1|[EMOJI]facepalm.png|why_1|[EMOJI]gif4.gif|why|1|why_1|[EMOJI]smirk.png|why|1|why_1|2|why_1|[EMOJI]smirk.png|why_1|[EMOJI]gif4.gif|why_1|[EMOJI]gif4.gif|why|[EMOJI]smart.png|why|[EMOJI]image_emoticon6.png|why|[EMOJI]image_emoticon6.png|why|[EMOJI]gif4.gif|why_1|[EMOJI]image_emoticon19.png|why|[EMOJI]gif4.gif|why_1|[EMOJI]image_emoticon31.png|why_1|诶呀|why_1|弄得差不多了|why|但是文件还不能下载，语音也打不通|why_1|[EMOJI]image_emoticon19.png|why_1|1
2025-05-17 20:43:08,966 [DEBUG] 处理收到的消息: FILE_LIST|client_20250516_225953.log
2025-05-17 20:43:16,195 [DEBUG] 处理收到的消息: PRIVATE_HISTORY|why_1|1|why_1|[EMOJI]smart.png|why_1|[EMOJI]gif4.gif|why_1|[EMOJI]gif4.gif|why_1|[EMOJI]smart.png|why_1|[EMOJI]facepalm.png|why_1|[EMOJI]gif4.gif|why|1|why_1|[EMOJI]smirk.png|why|1|why_1|2|why_1|[EMOJI]smirk.png|why_1|[EMOJI]gif4.gif|why_1|[EMOJI]gif4.gif|why|[EMOJI]smart.png|why|[EMOJI]image_emoticon6.png|why|[EMOJI]image_emoticon6.png|why|[EMOJI]gif4.gif|why_1|[EMOJI]image_emoticon19.png|why|[EMOJI]gif4.gif|why_1|[EMOJI]image_emoticon31.png|why_1|诶呀|why_1|弄得差不多了|why|但是文件还不能下载，语音也打不通|why_1|[EMOJI]image_emoticon19.png|why_1|1
2025-05-17 20:43:16,251 [DEBUG] 处理收到的消息: FILE_LIST|client_20250516_225953.log
2025-05-17 20:43:23,280 [DEBUG] 尝试发起语音通话
2025-05-17 20:43:23,281 [DEBUG] 发起语音通话请求：why_1 -> why
2025-05-17 20:43:23,282 [DEBUG] 准备发送通话请求: CALL_REQUEST|why_1|why|45338
2025-05-17 20:43:23,282 [DEBUG] 已发送CALL_REQUEST消息，本地UDP端口: 45338
2025-05-17 20:43:24,786 [DEBUG] 处理收到的消息: CALL_RESPONSE|SENDING|why
2025-05-17 20:43:24,788 [DEBUG] 服务器确认正在向 why 发送通话请求
2025-05-17 20:43:25,640 [DEBUG] 处理收到的消息: CALL_ACCEPTED|why|127.0.0.1|47640
2025-05-17 20:43:25,641 [ERROR] 地址信息格式错误: 127.0.0.1
2025-05-17 20:43:26,141 [DEBUG] 处理收到的消息: CALL_ACCEPTED|why|127.0.0.1|47640
2025-05-17 20:43:26,142 [ERROR] 地址信息格式错误: 127.0.0.1
2025-05-17 20:43:26,642 [DEBUG] 处理收到的消息: CALL_ACCEPTED|why|127.0.0.1|47640
2025-05-17 20:43:26,643 [ERROR] 地址信息格式错误: 127.0.0.1
2025-05-17 20:43:27,365 [DEBUG] 已创建通话对话框(主叫方)
2025-05-17 20:45:53,181 [DEBUG] 停止客户端线程
2025-05-17 20:45:53,181 [WARNING] 服务器连接断开
2025-05-17 20:45:53,182 [DEBUG] 客户端线程结束
