2025-05-17 15:41:52,149 [DEBUG] 初始化主窗口: 用户=why
2025-05-17 15:41:52,149 [DEBUG] 创建客户端线程
2025-05-17 15:41:52,149 [DEBUG] 客户端线程初始化
2025-05-17 15:41:52,150 [DEBUG] 开始初始化UDP音频服务
2025-05-17 15:41:52,150 [DEBUG] 分配随机UDP端口: 56007
2025-05-17 15:41:52,150 [DEBUG] 尝试绑定UDP端口: 56007
2025-05-17 15:41:52,150 [DEBUG] 客户端线程开始运行
2025-05-17 15:41:52,151 [DEBUG] UDP端口绑定成功: 56007
2025-05-17 15:41:52,151 [DEBUG] 创建UDP音频线程，端口: 56007
2025-05-17 15:41:52,151 [DEBUG] UDP音频线程启动成功
2025-05-17 15:41:52,152 [DEBUG] 发送UDP端口更新消息: UDP_PORT_UPDATE|why|56007
2025-05-17 15:41:52,152 [DEBUG] UDP音频服务初始化完成，端口: 56007
2025-05-17 15:41:52,172 [DEBUG] 初始化UI
2025-05-17 15:41:52,179 [DEBUG] 初始刷新好友和群组列表
2025-05-17 15:41:52,179 [DEBUG] 主窗口初始化完成，用户: why, UDP端口: 56007
2025-05-17 15:41:52,237 [DEBUG] 处理收到的消息: FRIEND_LIST|why_1:offline
2025-05-17 15:41:52,238 [DEBUG] 处理收到的消息: GROUP_LIST|1:first_grop|2:second_grop|3:third_grop|4:4
2025-05-17 15:42:04,543 [DEBUG] 处理收到的消息: FRIEND_ONLINE|why_1
2025-05-17 15:42:10,362 [DEBUG] 处理收到的消息: CALL_INCOMING|why_1
2025-05-17 15:42:10,362 [DEBUG] ======= CALL_INCOMING详细调试信息 =======
2025-05-17 15:42:10,363 [DEBUG] 收到CALL_INCOMING消息: CALL_INCOMING|why_1
2025-05-17 15:42:10,363 [DEBUG] 来电者: why_1
2025-05-17 15:42:10,363 [DEBUG] 当前用户: why
2025-05-17 15:42:10,363 [DEBUG] 当前通话状态: in_call=False, call_target=None
2025-05-17 15:42:10,363 [DEBUG] 当前窗口状态: visible=True, active=False
2025-05-17 15:42:10,363 [DEBUG] 添加来电到待处理队列: why_1
2025-05-17 15:42:10,363 [DEBUG] CALL_INCOMING已添加到待处理队列
2025-05-17 15:42:10,363 [DEBUG] ======= CALL_INCOMING详细调试信息结束 =======
2025-05-17 15:42:10,464 [DEBUG] 从待处理队列中处理来电: why_1
2025-05-17 15:42:10,487 [DEBUG] 已显示通知窗口并从队列中移除: why_1
2025-05-17 15:42:10,863 [DEBUG] 处理收到的消息: CALL_INCOMING|why_1
2025-05-17 15:42:10,863 [DEBUG] ======= CALL_INCOMING详细调试信息 =======
2025-05-17 15:42:10,863 [DEBUG] 收到CALL_INCOMING消息: CALL_INCOMING|why_1
2025-05-17 15:42:10,863 [DEBUG] 来电者: why_1
2025-05-17 15:42:10,863 [DEBUG] 当前用户: why
2025-05-17 15:42:10,863 [DEBUG] 当前通话状态: in_call=False, call_target=None
2025-05-17 15:42:10,863 [DEBUG] 当前窗口状态: visible=True, active=False
2025-05-17 15:42:10,864 [DEBUG] 添加来电到待处理队列: why_1
2025-05-17 15:42:10,864 [DEBUG] CALL_INCOMING已添加到待处理队列
2025-05-17 15:42:10,864 [DEBUG] ======= CALL_INCOMING详细调试信息结束 =======
2025-05-17 15:42:10,965 [DEBUG] 从待处理队列中处理来电: why_1
2025-05-17 15:42:10,974 [DEBUG] 已显示通知窗口并从队列中移除: why_1
2025-05-17 15:42:11,364 [DEBUG] 处理收到的消息: CALL_INCOMING|why_1
2025-05-17 15:42:11,364 [DEBUG] ======= CALL_INCOMING详细调试信息 =======
2025-05-17 15:42:11,364 [DEBUG] 收到CALL_INCOMING消息: CALL_INCOMING|why_1
2025-05-17 15:42:11,364 [DEBUG] 来电者: why_1
2025-05-17 15:42:11,364 [DEBUG] 当前用户: why
2025-05-17 15:42:11,364 [DEBUG] 当前通话状态: in_call=False, call_target=None
2025-05-17 15:42:11,364 [DEBUG] 当前窗口状态: visible=True, active=False
2025-05-17 15:42:11,365 [DEBUG] 添加来电到待处理队列: why_1
2025-05-17 15:42:11,365 [DEBUG] CALL_INCOMING已添加到待处理队列
2025-05-17 15:42:11,365 [DEBUG] ======= CALL_INCOMING详细调试信息结束 =======
2025-05-17 15:42:11,466 [DEBUG] 从待处理队列中处理来电: why_1
2025-05-17 15:42:11,476 [DEBUG] 已显示通知窗口并从队列中移除: why_1
2025-05-17 15:42:13,207 [DEBUG] 处理收到的消息: PRIVATE_HISTORY|why_1|1|why_1|[EMOJI]smart.png|why_1|[EMOJI]gif4.gif|why_1|[EMOJI]gif4.gif|why_1|[EMOJI]smart.png|why_1|[EMOJI]facepalm.png|why_1|[EMOJI]gif4.gif|why|1|why_1|[EMOJI]smirk.png|why|1|why_1|2|why_1|[EMOJI]smirk.png|why_1|[EMOJI]gif4.gif|why_1|[EMOJI]gif4.gif|why|[EMOJI]smart.png|why|[EMOJI]image_emoticon6.png|why|[EMOJI]image_emoticon6.png|why|[EMOJI]gif4.gif|why_1|[EMOJI]image_emoticon19.png|why|[EMOJI]gif4.gif|why_1|[EMOJI]image_emoticon31.png|why_1|诶呀|why_1|弄得差不多了|why|但是文件还不能下载，语音也打不通
2025-05-17 15:42:13,257 [DEBUG] 处理收到的消息: FILE_LIST|ConFuzzius_A_Data_Dependency-Aware_Hybrid_Fuzzer_for_Smart_Contracts.pdf|cxk.png|sFuzz_An_Efficient_Adaptive_Fuzzer_for_Solidity_Smart_Contracts.pdf|xijin.png|下载测试.txt
2025-05-17 15:42:18,747 [DEBUG] 处理收到的消息: PRIVATE_HISTORY|why_1|1|why_1|[EMOJI]smart.png|why_1|[EMOJI]gif4.gif|why_1|[EMOJI]gif4.gif|why_1|[EMOJI]smart.png|why_1|[EMOJI]facepalm.png|why_1|[EMOJI]gif4.gif|why|1|why_1|[EMOJI]smirk.png|why|1|why_1|2|why_1|[EMOJI]smirk.png|why_1|[EMOJI]gif4.gif|why_1|[EMOJI]gif4.gif|why|[EMOJI]smart.png|why|[EMOJI]image_emoticon6.png|why|[EMOJI]image_emoticon6.png|why|[EMOJI]gif4.gif|why_1|[EMOJI]image_emoticon19.png|why|[EMOJI]gif4.gif|why_1|[EMOJI]image_emoticon31.png|why_1|诶呀|why_1|弄得差不多了|why|但是文件还不能下载，语音也打不通
2025-05-17 15:42:18,796 [DEBUG] 处理收到的消息: FILE_LIST|ConFuzzius_A_Data_Dependency-Aware_Hybrid_Fuzzer_for_Smart_Contracts.pdf|cxk.png|sFuzz_An_Efficient_Adaptive_Fuzzer_for_Solidity_Smart_Contracts.pdf|xijin.png|下载测试.txt
2025-05-17 15:42:20,556 [DEBUG] 尝试发起语音通话
2025-05-17 15:42:20,557 [DEBUG] 发起语音通话请求：why -> why_1
2025-05-17 15:42:20,557 [DEBUG] 准备发送通话请求: CALL_REQUEST|why|why_1|56007
2025-05-17 15:42:20,557 [DEBUG] 已发送CALL_REQUEST消息，本地UDP端口: 56007
2025-05-17 15:42:20,564 [DEBUG] 已创建通话对话框(主叫方)
2025-05-17 15:42:22,062 [DEBUG] 处理收到的消息: CALL_RESPONSE|SENDING|why_1
2025-05-17 15:42:22,062 [DEBUG] 服务器确认正在向 why_1 发送通话请求
2025-05-17 15:42:24,681 [DEBUG] 停止客户端线程
2025-05-17 15:42:24,681 [WARNING] 服务器连接断开
2025-05-17 15:42:24,682 [DEBUG] 客户端线程结束
