2025-05-26 14:12:59,345 [DEBUG] 服务器地址 54.252.240.58 解析成功
2025-05-26 14:12:59,644 [DEBUG] 成功连接到服务器 54.252.240.58:12345
2025-05-26 14:12:59,645 [DEBUG] 服务器地址 54.252.240.58 解析成功
2025-05-26 14:12:59,948 [DEBUG] 成功连接到服务器 54.252.240.58:12345
2025-05-26 14:13:08,287 [DEBUG] 初始化主窗口: 用户=why
2025-05-26 14:13:08,287 [DEBUG] 创建客户端线程
2025-05-26 14:13:08,287 [DEBUG] 客户端线程初始化
2025-05-26 14:13:08,287 [DEBUG] 开始初始化UDP音频服务
2025-05-26 14:13:08,288 [DEBUG] 分配随机UDP端口: 45691
2025-05-26 14:13:08,288 [DEBUG] 客户端线程开始运行
2025-05-26 14:13:08,288 [DEBUG] 尝试绑定UDP端口: 45691
2025-05-26 14:13:08,298 [DEBUG] UDP端口绑定成功: 45691
2025-05-26 14:13:08,298 [DEBUG] 创建UDP音频线程，端口: 45691
2025-05-26 14:13:08,298 [DEBUG] UDP音频线程绑定到端口: 45691
2025-05-26 14:13:08,299 [DEBUG] UDP音频线程启动成功
2025-05-26 14:13:08,299 [DEBUG] 发送UDP端口更新消息: UDP_PORT_UPDATE|why|45691
2025-05-26 14:13:08,299 [DEBUG] UDP音频服务初始化完成，端口: 45691
2025-05-26 14:13:08,317 [DEBUG] 初始化UI
2025-05-26 14:13:08,320 [DEBUG] 初始刷新好友和群组列表
2025-05-26 14:13:08,321 [DEBUG] 主窗口初始化完成，用户: why, UDP端口: 45691
2025-05-26 14:13:08,941 [DEBUG] 处理收到的消息: FRIEND_LIST|
2025-05-26 14:13:10,579 [DEBUG] 处理收到的消息: FRIEND_LIST|why_1:offline|gty:offline
2025-05-26 14:13:11,761 [DEBUG] 处理收到的消息: PRIVATE_HISTORY|why_1|1|why_1|[EMOJI]smart.png|why_1|[EMOJI]gif4.gif|why_1|[EMOJI]gif4.gif|why_1|[EMOJI]smart.png|why_1|[EMOJI]facepalm.png|why_1|[EMOJI]gif4.gif|why|1|why_1|[EMOJI]smirk.png|why|1|why_1|2|why_1|[EMOJI]smirk.png|why_1|[EMOJI]gif4.gif|why_1|[EMOJI]gif4.gif|why|[EMOJI]smart.png|why|[EMOJI]image_emoticon6.png|why|[EMOJI]image_emoticon6.png|why|[EMOJI]gif4.gif|why_1|[EMOJI]image_emoticon19.png|why|[EMOJI]gif4.gif|why_1|[EMOJI]image_emoticon31.png|why_1|诶呀|why_1|弄得差不多了|why|但是文件还不能下载，语音也打不通|why_1|[EMOJI]image_emoticon19.png|why_1|1|why|[EMOJI]gif2.gif|why|1|why|2|why|[EMOJI]image_emoticon19.png|why|[EMOJI]image_emoticon19.png
2025-05-26 14:13:12,065 [DEBUG] 处理收到的消息: FRIEND_ONLINE|why_1
2025-05-26 14:13:12,411 [DEBUG] 处理收到的消息: FILE_LIST|main.py|client_20250516_225953.log|facepalm.png|cxk.png
2025-05-26 14:13:30,787 [DEBUG] 处理收到的消息: CALL_INCOMING|why_1
2025-05-26 14:13:30,788 [DEBUG] ======= CALL_INCOMING详细调试信息 =======
2025-05-26 14:13:30,788 [DEBUG] 收到CALL_INCOMING消息: CALL_INCOMING|why_1
2025-05-26 14:13:30,789 [DEBUG] 来电者: why_1 (旧格式)
2025-05-26 14:13:30,789 [DEBUG] 当前用户: why
2025-05-26 14:13:30,789 [DEBUG] 当前通话状态: in_call=False, call_target=None
2025-05-26 14:13:30,790 [DEBUG] 当前窗口状态: visible=True, active=True
2025-05-26 14:13:30,790 [DEBUG] 添加来电到待处理队列: why_1
2025-05-26 14:13:30,791 [DEBUG] CALL_INCOMING已添加到待处理队列
2025-05-26 14:13:30,791 [DEBUG] ======= CALL_INCOMING详细调试信息结束 =======
2025-05-26 14:13:30,890 [DEBUG] 从待处理队列中处理来电: why_1
2025-05-26 14:13:30,919 [DEBUG] 已显示通知窗口并从队列中移除: why_1
2025-05-26 14:13:31,306 [DEBUG] 处理收到的消息: CALL_INCOMING|why_1
2025-05-26 14:13:31,306 [DEBUG] ======= CALL_INCOMING详细调试信息 =======
2025-05-26 14:13:31,306 [DEBUG] 收到CALL_INCOMING消息: CALL_INCOMING|why_1
2025-05-26 14:13:31,307 [DEBUG] 来电者: why_1 (旧格式)
2025-05-26 14:13:31,307 [DEBUG] 当前用户: why
2025-05-26 14:13:31,307 [DEBUG] 当前通话状态: in_call=False, call_target=None
2025-05-26 14:13:31,308 [DEBUG] 当前窗口状态: visible=True, active=False
2025-05-26 14:13:31,308 [DEBUG] 添加来电到待处理队列: why_1
2025-05-26 14:13:31,308 [DEBUG] CALL_INCOMING已添加到待处理队列
2025-05-26 14:13:31,309 [DEBUG] ======= CALL_INCOMING详细调试信息结束 =======
2025-05-26 14:13:31,321 [DEBUG] 从待处理队列中处理来电: why_1
2025-05-26 14:13:31,336 [DEBUG] 已显示通知窗口并从队列中移除: why_1
2025-05-26 14:13:31,811 [DEBUG] 处理收到的消息: CALL_INCOMING|why_1
2025-05-26 14:13:31,812 [DEBUG] ======= CALL_INCOMING详细调试信息 =======
2025-05-26 14:13:31,812 [DEBUG] 收到CALL_INCOMING消息: CALL_INCOMING|why_1
2025-05-26 14:13:31,812 [DEBUG] 来电者: why_1 (旧格式)
2025-05-26 14:13:31,812 [DEBUG] 当前用户: why
2025-05-26 14:13:31,812 [DEBUG] 当前通话状态: in_call=False, call_target=None
2025-05-26 14:13:31,813 [DEBUG] 当前窗口状态: visible=True, active=False
2025-05-26 14:13:31,813 [DEBUG] 添加来电到待处理队列: why_1
2025-05-26 14:13:31,813 [DEBUG] CALL_INCOMING已添加到待处理队列
2025-05-26 14:13:31,813 [DEBUG] ======= CALL_INCOMING详细调试信息结束 =======
2025-05-26 14:13:31,913 [DEBUG] 从待处理队列中处理来电: why_1
2025-05-26 14:13:31,931 [DEBUG] 已显示通知窗口并从队列中移除: why_1
2025-05-26 14:13:32,769 [DEBUG] 接受来电：why_1
2025-05-26 14:13:32,769 [DEBUG] 准备发送CALL_ACCEPT: b'CALL_ACCEPT|why|why_1|45691'
2025-05-26 14:13:32,770 [DEBUG] 已发送CALL_ACCEPT消息，本地UDP端口: 45691
2025-05-26 14:13:33,139 [DEBUG] 处理收到的消息: CALL_CONNECT_INFO|why_1|210.30.192.180|57931
2025-05-26 14:13:33,139 [DEBUG] 收到CALL_CONNECT_INFO: caller=why_1, ip=210.30.192.180, port=57931
2025-05-26 14:13:33,139 [DEBUG] 接收方获得发起方UDP地址: ('210.30.192.180', 57931)
2025-05-26 14:13:33,139 [DEBUG] 创建新的通话对话框
2025-05-26 14:13:38,656 [DEBUG] 用户选择的音频设备: {'input': 2, 'output': 3}
2025-05-26 14:13:38,659 [DEBUG] 开始通话: is_caller=False, target_addr=('210.30.192.180', 57931)
2025-05-26 14:13:38,659 [DEBUG] 开始NAT穿透，目标地址: ('210.30.192.180', 57931)
2025-05-26 14:13:38,659 [DEBUG] 发送NAT穿透包 1/5 到 ('210.30.192.180', 57931)
2025-05-26 14:13:38,759 [DEBUG] 发送NAT穿透包 2/5 到 ('210.30.192.180', 57931)
2025-05-26 14:13:38,860 [DEBUG] 发送NAT穿透包 3/5 到 ('210.30.192.180', 57931)
2025-05-26 14:13:38,960 [DEBUG] 发送NAT穿透包 4/5 到 ('210.30.192.180', 57931)
2025-05-26 14:13:39,060 [DEBUG] 发送NAT穿透包 5/5 到 ('210.30.192.180', 57931)
2025-05-26 14:13:39,161 [DEBUG] NAT穿透完成
2025-05-26 14:13:39,162 [DEBUG] 初始化音频播放器: output_device_index=3
2025-05-26 14:13:39,164 [DEBUG] 音频播放器已启动
2025-05-26 14:13:39,164 [DEBUG] 初始化音频录制器: input_device_index=2
2025-05-26 14:13:39,165 [DEBUG] 使用输出设备: Microsoft 声音映射器 - Output
2025-05-26 14:13:39,166 [DEBUG] 音频录制器已启动
2025-05-26 14:13:39,167 [DEBUG] 设备信息: {'index': 3, 'structVersion': 2, 'name': 'Microsoft 声音映射器 - Output', 'hostApi': 0, 'maxInputChannels': 0, 'maxOutputChannels': 2, 'defaultLowInputLatency': 0.09, 'defaultLowOutputLatency': 0.09, 'defaultHighInputLatency': 0.18, 'defaultHighOutputLatency': 0.18, 'defaultSampleRate': 44100.0}
2025-05-26 14:13:39,167 [DEBUG] 使用输入设备: 外部麦克风 (Realtek(R) Audio)
2025-05-26 14:13:39,182 [DEBUG] 为接收方创建通话对话框
2025-05-26 14:13:39,182 [DEBUG] 设备信息: {'index': 2, 'structVersion': 2, 'name': '外部麦克风 (Realtek(R) Audio)', 'hostApi': 0, 'maxInputChannels': 4, 'maxOutputChannels': 0, 'defaultLowInputLatency': 0.09, 'defaultLowOutputLatency': 0.09, 'defaultHighInputLatency': 0.18, 'defaultHighOutputLatency': 0.18, 'defaultSampleRate': 44100.0}
2025-05-26 14:13:39,450 [DEBUG] 开始音频播放...
2025-05-26 14:13:39,525 [DEBUG] 开始录音...
2025-05-26 14:13:42,744 [DEBUG] 发送UDP音频数据: 包 #50, 2048 字节，到外网地址: ('210.30.192.180', 57931)
2025-05-26 14:13:45,945 [DEBUG] 录制到音频数据: 包 #100, 2048 字节
2025-05-26 14:13:45,947 [DEBUG] 发送UDP音频数据: 包 #100, 2048 字节，到外网地址: ('210.30.192.180', 57931)
2025-05-26 14:13:45,954 [DEBUG] 用户取消音频设备选择，使用默认设备
2025-05-26 14:13:45,959 [DEBUG] 已创建通话对话框(被叫方)，目标地址: None
2025-05-26 14:13:49,144 [DEBUG] 发送UDP音频数据: 包 #150, 2048 字节，到外网地址: ('210.30.192.180', 57931)
2025-05-26 14:13:50,007 [DEBUG] 处理收到的消息: CALL_ENDED|why_1
2025-05-26 14:13:50,376 [DEBUG] 处理收到的消息: FRIEND_OFFLINE|why_1
2025-05-26 14:13:52,344 [DEBUG] 录制到音频数据: 包 #200, 2048 字节
2025-05-26 14:13:52,345 [DEBUG] 发送UDP音频数据: 包 #200, 2048 字节，到外网地址: ('210.30.192.180', 57931)
2025-05-26 14:13:55,545 [DEBUG] 发送UDP音频数据: 包 #250, 2048 字节，到外网地址: ('210.30.192.180', 57931)
2025-05-26 14:13:56,536 [DEBUG] 结束通话
