2025-05-17 12:48:25,270 [DEBUG] 初始化主窗口: 用户=why
2025-05-17 12:48:25,270 [DEBUG] 创建客户端线程
2025-05-17 12:48:25,270 [DEBUG] 客户端线程初始化
2025-05-17 12:48:25,271 [DEBUG] 开始初始化UDP音频服务
2025-05-17 12:48:25,271 [DEBUG] 分配随机UDP端口: 55614
2025-05-17 12:48:25,271 [DEBUG] 客户端线程开始运行
2025-05-17 12:48:25,271 [DEBUG] 尝试绑定UDP端口: 55614
2025-05-17 12:48:25,272 [DEBUG] UDP端口绑定成功: 55614
2025-05-17 12:48:25,272 [DEBUG] 创建UDP音频线程，端口: 55614
2025-05-17 12:48:25,272 [DEBUG] UDP音频线程启动成功
2025-05-17 12:48:25,272 [DEBUG] 发送UDP端口更新消息: UDP_PORT_UPDATE|why|55614
2025-05-17 12:48:25,274 [DEBUG] UDP音频服务初始化完成，端口: 55614
2025-05-17 12:48:25,292 [DEBUG] 初始化UI
2025-05-17 12:48:25,295 [DEBUG] 初始刷新好友和群组列表
2025-05-17 12:48:25,296 [DEBUG] 主窗口初始化完成，用户: why, UDP端口: 55614
2025-05-17 12:48:25,345 [DEBUG] 处理收到的消息: FRIEND_LIST|why_1:offline
2025-05-17 12:48:25,346 [DEBUG] 处理收到的消息: GROUP_LIST|1:first_grop|2:second_grop|3:third_grop|4:4
2025-05-17 12:48:27,285 [DEBUG] 处理收到的消息: PRIVATE_HISTORY|why_1|1|why_1|[EMOJI]smart.png|why_1|[EMOJI]gif4.gif|why_1|[EMOJI]gif4.gif|why_1|[EMOJI]smart.png|why_1|[EMOJI]facepalm.png|why_1|[EMOJI]gif4.gif|why|1|why_1|[EMOJI]smirk.png|why|1|why_1|2|why_1|[EMOJI]smirk.png|why_1|[EMOJI]gif4.gif|why_1|[EMOJI]gif4.gif|why|[EMOJI]smart.png|why|[EMOJI]image_emoticon6.png|why|[EMOJI]image_emoticon6.png|why|[EMOJI]gif4.gif|why_1|[EMOJI]image_emoticon19.png|why|[EMOJI]gif4.gif|why_1|[EMOJI]image_emoticon31.png
2025-05-17 12:48:27,317 [DEBUG] 处理收到的消息: FILE_LIST|ConFuzzius_A_Data_Dependency-Aware_Hybrid_Fuzzer_for_Smart_Contracts.pdf|sFuzz_An_Efficient_Adaptive_Fuzzer_for_Solidity_Smart_Contracts.pdf|xijin.png
2025-05-17 12:48:35,945 [DEBUG] 处理收到的消息: [
2025-05-17 12:48:45,964 [DEBUG] 处理收到的消息: xk
2025-05-17 12:48:45,965 [DEBUG] 处理收到的消息: I
2025-05-17 12:48:51,977 [DEBUG] 处理收到的消息: %
2025-05-17 12:48:59,992 [DEBUG] 处理收到的消息: 
2025-05-17 12:50:23,988 [ERROR] 连接被重置
2025-05-17 12:50:23,989 [DEBUG] 客户端线程结束
2025-05-17 12:50:26,386 [DEBUG] 停止客户端线程
2025-05-17 12:50:34,040 [DEBUG] 初始化主窗口: 用户=why
2025-05-17 12:50:34,040 [DEBUG] 创建客户端线程
2025-05-17 12:50:34,040 [DEBUG] 客户端线程初始化
2025-05-17 12:50:34,041 [DEBUG] 开始初始化UDP音频服务
2025-05-17 12:50:34,041 [DEBUG] 分配随机UDP端口: 44418
2025-05-17 12:50:34,041 [DEBUG] 客户端线程开始运行
2025-05-17 12:50:34,041 [DEBUG] 尝试绑定UDP端口: 44418
2025-05-17 12:50:34,042 [DEBUG] UDP端口绑定成功: 44418
2025-05-17 12:50:34,042 [DEBUG] 创建UDP音频线程，端口: 44418
2025-05-17 12:50:34,042 [DEBUG] UDP音频线程启动成功
2025-05-17 12:50:34,042 [DEBUG] 发送UDP端口更新消息: UDP_PORT_UPDATE|why|44418
2025-05-17 12:50:34,042 [DEBUG] UDP音频服务初始化完成，端口: 44418
2025-05-17 12:50:34,047 [DEBUG] 初始化UI
2025-05-17 12:50:34,051 [DEBUG] 初始刷新好友和群组列表
2025-05-17 12:50:34,051 [DEBUG] 主窗口初始化完成，用户: why, UDP端口: 44418
2025-05-17 12:50:34,080 [DEBUG] 处理收到的消息: FRIEND_LIST|why_1:offline
2025-05-17 12:50:34,080 [DEBUG] 处理收到的消息: GROUP_LIST|1:first_grop|2:second_grop|3:third_grop|4:4
2025-05-17 12:50:37,271 [DEBUG] 处理收到的消息: PRIVATE_HISTORY|why_1|1|why_1|[EMOJI]smart.png|why_1|[EMOJI]gif4.gif|why_1|[EMOJI]gif4.gif|why_1|[EMOJI]smart.png|why_1|[EMOJI]facepalm.png|why_1|[EMOJI]gif4.gif|why|1|why_1|[EMOJI]smirk.png|why|1|why_1|2|why_1|[EMOJI]smirk.png|why_1|[EMOJI]gif4.gif|why_1|[EMOJI]gif4.gif|why|[EMOJI]smart.png|why|[EMOJI]image_emoticon6.png|why|[EMOJI]image_emoticon6.png|why|[EMOJI]gif4.gif|why_1|[EMOJI]image_emoticon19.png|why|[EMOJI]gif4.gif|why_1|[EMOJI]image_emoticon31.png
2025-05-17 12:50:37,312 [DEBUG] 处理收到的消息: FILE_LIST|ConFuzzius_A_Data_Dependency-Aware_Hybrid_Fuzzer_for_Smart_Contracts.pdf|sFuzz_An_Efficient_Adaptive_Fuzzer_for_Solidity_Smart_Contracts.pdf|xijin.png
2025-05-17 12:50:55,838 [DEBUG] 处理收到的消息: FILE_LIST|ConFuzzius_A_Data_Dependency-Aware_Hybrid_Fuzzer_for_Smart_Contracts.pdf|sFuzz_An_Efficient_Adaptive_Fuzzer_for_Solidity_Smart_Contracts.pdf|xijin.png|下载测试.txt
2025-05-17 12:50:57,051 [DEBUG] 处理收到的消息: FILE_LIST|ConFuzzius_A_Data_Dependency-Aware_Hybrid_Fuzzer_for_Smart_Contracts.pdf|sFuzz_An_Efficient_Adaptive_Fuzzer_for_Solidity_Smart_Contracts.pdf|xijin.png|下载测试.txt
2025-05-17 12:55:40,334 [DEBUG] 停止客户端线程
2025-05-17 12:55:40,336 [WARNING] 服务器连接断开
2025-05-17 12:55:40,337 [DEBUG] 客户端线程结束
