2025-05-25 19:47:17,267 [DEBUG] 服务器地址 127.0.0.1 解析成功
2025-05-25 19:47:17,268 [DEBUG] 成功连接到服务器 127.0.0.1:12345
2025-05-25 19:47:17,268 [DEBUG] 服务器地址 127.0.0.1 解析成功
2025-05-25 19:47:17,278 [DEBUG] 成功连接到服务器 127.0.0.1:12345
2025-05-25 19:47:22,534 [DEBUG] 初始化主窗口: 用户=why
2025-05-25 19:47:22,534 [DEBUG] 创建客户端线程
2025-05-25 19:47:22,535 [DEBUG] 客户端线程初始化
2025-05-25 19:47:22,535 [DEBUG] 开始初始化UDP音频服务
2025-05-25 19:47:22,535 [DEBUG] 客户端线程开始运行
2025-05-25 19:47:22,535 [DEBUG] 分配随机UDP端口: 53849
2025-05-25 19:47:22,535 [DEBUG] 尝试绑定UDP端口: 53849
2025-05-25 19:47:22,547 [DEBUG] UDP端口绑定成功: 53849
2025-05-25 19:47:22,547 [DEBUG] 创建UDP音频线程，端口: 53849
2025-05-25 19:47:22,547 [DEBUG] UDP音频线程绑定到端口: 53849
2025-05-25 19:47:22,547 [DEBUG] UDP音频线程启动成功
2025-05-25 19:47:22,548 [DEBUG] 发送UDP端口更新消息: UDP_PORT_UPDATE|why|53849
2025-05-25 19:47:22,548 [DEBUG] UDP音频服务初始化完成，端口: 53849
2025-05-25 19:47:22,565 [DEBUG] 初始化UI
2025-05-25 19:47:22,567 [DEBUG] 初始刷新好友和群组列表
2025-05-25 19:47:22,568 [DEBUG] 主窗口初始化完成，用户: why, UDP端口: 53849
2025-05-25 19:47:22,618 [DEBUG] 处理收到的消息: FRIEND_LIST|why_1:offline|gty:offline
2025-05-25 19:47:22,618 [DEBUG] 处理收到的消息: GROUP_LIST|1:first_grop|2:second_grop|3:third_grop|4:4|5:5
2025-05-25 19:47:23,669 [DEBUG] 处理收到的消息: PRIVATE_HISTORY|why_1|1|why_1|[EMOJI]smart.png|why_1|[EMOJI]gif4.gif|why_1|[EMOJI]gif4.gif|why_1|[EMOJI]smart.png|why_1|[EMOJI]facepalm.png|why_1|[EMOJI]gif4.gif|why|1|why_1|[EMOJI]smirk.png|why|1|why_1|2|why_1|[EMOJI]smirk.png|why_1|[EMOJI]gif4.gif|why_1|[EMOJI]gif4.gif|why|[EMOJI]smart.png|why|[EMOJI]image_emoticon6.png|why|[EMOJI]image_emoticon6.png|why|[EMOJI]gif4.gif|why_1|[EMOJI]image_emoticon19.png|why|[EMOJI]gif4.gif|why_1|[EMOJI]image_emoticon31.png|why_1|诶呀|why_1|弄得差不多了|why|但是文件还不能下载，语音也打不通|why_1|[EMOJI]image_emoticon19.png|why_1|1|why|[EMOJI]gif2.gif|why|1|why|2|why|[EMOJI]image_emoticon19.png|why|[EMOJI]image_emoticon19.png
2025-05-25 19:47:23,735 [DEBUG] 处理收到的消息: FILE_LIST|client_20250516_225953.log|cxk.png|facepalm.png|main.py
2025-05-25 19:47:24,421 [DEBUG] 处理收到的消息: PRIVATE_HISTORY|why_1|1|why_1|[EMOJI]smart.png|why_1|[EMOJI]gif4.gif|why_1|[EMOJI]gif4.gif|why_1|[EMOJI]smart.png|why_1|[EMOJI]facepalm.png|why_1|[EMOJI]gif4.gif|why|1|why_1|[EMOJI]smirk.png|why|1|why_1|2|why_1|[EMOJI]smirk.png|why_1|[EMOJI]gif4.gif|why_1|[EMOJI]gif4.gif|why|[EMOJI]smart.png|why|[EMOJI]image_emoticon6.png|why|[EMOJI]image_emoticon6.png|why|[EMOJI]gif4.gif|why_1|[EMOJI]image_emoticon19.png|why|[EMOJI]gif4.gif|why_1|[EMOJI]image_emoticon31.png|why_1|诶呀|why_1|弄得差不多了|why|但是文件还不能下载，语音也打不通|why_1|[EMOJI]image_emoticon19.png|why_1|1|why|[EMOJI]gif2.gif|why|1|why|2|why|[EMOJI]image_emoticon19.png|why|[EMOJI]image_emoticon19.png
2025-05-25 19:47:24,482 [DEBUG] 处理收到的消息: FILE_LIST|client_20250516_225953.log|cxk.png|facepalm.png|main.py
2025-05-25 19:47:25,129 [DEBUG] 处理收到的消息: PRIVATE_HISTORY|why_1|1|why_1|[EMOJI]smart.png|why_1|[EMOJI]gif4.gif|why_1|[EMOJI]gif4.gif|why_1|[EMOJI]smart.png|why_1|[EMOJI]facepalm.png|why_1|[EMOJI]gif4.gif|why|1|why_1|[EMOJI]smirk.png|why|1|why_1|2|why_1|[EMOJI]smirk.png|why_1|[EMOJI]gif4.gif|why_1|[EMOJI]gif4.gif|why|[EMOJI]smart.png|why|[EMOJI]image_emoticon6.png|why|[EMOJI]image_emoticon6.png|why|[EMOJI]gif4.gif|why_1|[EMOJI]image_emoticon19.png|why|[EMOJI]gif4.gif|why_1|[EMOJI]image_emoticon31.png|why_1|诶呀|why_1|弄得差不多了|why|但是文件还不能下载，语音也打不通|why_1|[EMOJI]image_emoticon19.png|why_1|1|why|[EMOJI]gif2.gif|why|1|why|2|why|[EMOJI]image_emoticon19.png|why|[EMOJI]image_emoticon19.png
2025-05-25 19:47:25,159 [DEBUG] 处理收到的消息: FILE_LIST|client_20250516_225953.log|cxk.png|facepalm.png|main.py
2025-05-25 19:47:25,809 [DEBUG] 处理收到的消息: FRIEND_LIST|why_1:offline|gty:offline
2025-05-25 19:47:26,497 [DEBUG] 处理收到的消息: FRIEND_LIST|why_1:offline|gty:offline
2025-05-25 19:47:27,020 [DEBUG] 处理收到的消息: FRIEND_LIST|why_1:offline|gty:offline
2025-05-25 19:47:27,420 [DEBUG] 处理收到的消息: FRIEND_LIST|why_1:offline|gty:offline
2025-05-25 19:47:27,427 [DEBUG] 处理收到的消息: FRIEND_ONLINE|why_1
2025-05-25 19:47:27,610 [DEBUG] 处理收到的消息: FRIEND_LIST|why_1:online|gty:offline
2025-05-25 19:47:28,383 [DEBUG] 处理收到的消息: PRIVATE_HISTORY|why_1|1|why_1|[EMOJI]smart.png|why_1|[EMOJI]gif4.gif|why_1|[EMOJI]gif4.gif|why_1|[EMOJI]smart.png|why_1|[EMOJI]facepalm.png|why_1|[EMOJI]gif4.gif|why|1|why_1|[EMOJI]smirk.png|why|1|why_1|2|why_1|[EMOJI]smirk.png|why_1|[EMOJI]gif4.gif|why_1|[EMOJI]gif4.gif|why|[EMOJI]smart.png|why|[EMOJI]image_emoticon6.png|why|[EMOJI]image_emoticon6.png|why|[EMOJI]gif4.gif|why_1|[EMOJI]image_emoticon19.png|why|[EMOJI]gif4.gif|why_1|[EMOJI]image_emoticon31.png|why_1|诶呀|why_1|弄得差不多了|why|但是文件还不能下载，语音也打不通|why_1|[EMOJI]image_emoticon19.png|why_1|1|why|[EMOJI]gif2.gif|why|1|why|2|why|[EMOJI]image_emoticon19.png|why|[EMOJI]image_emoticon19.png
2025-05-25 19:47:28,430 [DEBUG] 处理收到的消息: FILE_LIST|client_20250516_225953.log|cxk.png|facepalm.png|main.py
2025-05-25 19:47:31,596 [DEBUG] 处理收到的消息: CALL_INCOMING|why_1
2025-05-25 19:47:31,596 [DEBUG] ======= CALL_INCOMING详细调试信息 =======
2025-05-25 19:47:31,597 [DEBUG] 收到CALL_INCOMING消息: CALL_INCOMING|why_1
2025-05-25 19:47:31,597 [DEBUG] 来电者: why_1
2025-05-25 19:47:31,597 [DEBUG] 当前用户: why
2025-05-25 19:47:31,597 [DEBUG] 当前通话状态: in_call=False, call_target=None
2025-05-25 19:47:31,597 [DEBUG] 当前窗口状态: visible=True, active=True
2025-05-25 19:47:31,597 [DEBUG] 添加来电到待处理队列: why_1
2025-05-25 19:47:31,597 [DEBUG] CALL_INCOMING已添加到待处理队列
2025-05-25 19:47:31,598 [DEBUG] ======= CALL_INCOMING详细调试信息结束 =======
2025-05-25 19:47:31,698 [DEBUG] 从待处理队列中处理来电: why_1
2025-05-25 19:47:31,725 [DEBUG] 已显示通知窗口并从队列中移除: why_1
2025-05-25 19:47:32,097 [DEBUG] 处理收到的消息: CALL_INCOMING|why_1
2025-05-25 19:47:32,098 [DEBUG] ======= CALL_INCOMING详细调试信息 =======
2025-05-25 19:47:32,098 [DEBUG] 收到CALL_INCOMING消息: CALL_INCOMING|why_1
2025-05-25 19:47:32,098 [DEBUG] 来电者: why_1
2025-05-25 19:47:32,098 [DEBUG] 当前用户: why
2025-05-25 19:47:32,098 [DEBUG] 当前通话状态: in_call=False, call_target=None
2025-05-25 19:47:32,098 [DEBUG] 当前窗口状态: visible=True, active=False
2025-05-25 19:47:32,098 [DEBUG] 添加来电到待处理队列: why_1
2025-05-25 19:47:32,099 [DEBUG] CALL_INCOMING已添加到待处理队列
2025-05-25 19:47:32,099 [DEBUG] ======= CALL_INCOMING详细调试信息结束 =======
2025-05-25 19:47:32,199 [DEBUG] 从待处理队列中处理来电: why_1
2025-05-25 19:47:32,215 [DEBUG] 已显示通知窗口并从队列中移除: why_1
2025-05-25 19:47:32,598 [DEBUG] 处理收到的消息: CALL_INCOMING|why_1
2025-05-25 19:47:32,598 [DEBUG] ======= CALL_INCOMING详细调试信息 =======
2025-05-25 19:47:32,598 [DEBUG] 收到CALL_INCOMING消息: CALL_INCOMING|why_1
2025-05-25 19:47:32,598 [DEBUG] 来电者: why_1
2025-05-25 19:47:32,598 [DEBUG] 当前用户: why
2025-05-25 19:47:32,598 [DEBUG] 当前通话状态: in_call=False, call_target=None
2025-05-25 19:47:32,598 [DEBUG] 当前窗口状态: visible=True, active=False
2025-05-25 19:47:32,599 [DEBUG] 添加来电到待处理队列: why_1
2025-05-25 19:47:32,599 [DEBUG] CALL_INCOMING已添加到待处理队列
2025-05-25 19:47:32,599 [DEBUG] ======= CALL_INCOMING详细调试信息结束 =======
2025-05-25 19:47:32,700 [DEBUG] 从待处理队列中处理来电: why_1
2025-05-25 19:47:32,719 [DEBUG] 已显示通知窗口并从队列中移除: why_1
2025-05-25 19:47:39,238 [DEBUG] 接受来电：why_1
2025-05-25 19:47:39,238 [DEBUG] 准备发送CALL_ACCEPT: b'CALL_ACCEPT|why|why_1|53849'
2025-05-25 19:47:39,238 [DEBUG] 已发送CALL_ACCEPT消息，本地UDP端口: 53849
2025-05-25 19:47:39,355 [DEBUG] 处理收到的消息: CALL_CONNECT_INFO|why_1|172.18.204.180|47444
2025-05-25 19:47:39,355 [DEBUG] 收到CALL_CONNECT_INFO: caller=why_1, ip=172.18.204.180, port=47444
2025-05-25 19:47:39,355 [DEBUG] 接收方获得发起方UDP地址: ('172.18.204.180', 47444)
2025-05-25 19:47:40,511 [DEBUG] 用户选择的音频设备: {'input': 0, 'output': 2}
2025-05-25 19:47:40,512 [DEBUG] 开始通话: is_caller=False, target_addr=('172.18.204.180', 47444)
2025-05-25 19:47:40,513 [DEBUG] 初始化音频播放器: output_device_index=2
2025-05-25 19:47:40,513 [DEBUG] 音频播放器已启动
2025-05-25 19:47:40,513 [DEBUG] 初始化音频录制器: input_device_index=0
2025-05-25 19:47:40,513 [DEBUG] 使用输出设备: Microsoft 声音映射器 - Output
2025-05-25 19:47:40,513 [DEBUG] 音频录制器已启动
2025-05-25 19:47:40,513 [DEBUG] 设备信息: {'index': 2, 'structVersion': 2, 'name': 'Microsoft 声音映射器 - Output', 'hostApi': 0, 'maxInputChannels': 0, 'maxOutputChannels': 2, 'defaultLowInputLatency': 0.09, 'defaultLowOutputLatency': 0.09, 'defaultHighInputLatency': 0.18, 'defaultHighOutputLatency': 0.18, 'defaultSampleRate': 44100.0}
2025-05-25 19:47:40,514 [DEBUG] 使用输入设备: Microsoft 声音映射器 - Input
2025-05-25 19:47:40,522 [DEBUG] 为接收方创建通话对话框
2025-05-25 19:47:40,522 [DEBUG] 设备信息: {'index': 0, 'structVersion': 2, 'name': 'Microsoft 声音映射器 - Input', 'hostApi': 0, 'maxInputChannels': 2, 'maxOutputChannels': 0, 'defaultLowInputLatency': 0.09, 'defaultLowOutputLatency': 0.09, 'defaultHighInputLatency': 0.18, 'defaultHighOutputLatency': 0.18, 'defaultSampleRate': 44100.0}
2025-05-25 19:47:40,552 [DEBUG] 开始音频播放...
2025-05-25 19:47:40,602 [DEBUG] 开始录音...
2025-05-25 19:47:42,258 [DEBUG] 用户选择的音频设备: {'input': 0, 'output': 2}
2025-05-25 19:47:42,263 [DEBUG] 已创建通话对话框(被叫方)，等待连接信息...
2025-05-25 19:47:43,818 [DEBUG] 发送UDP音频数据: 包 #50, 2048 字节，到: ('172.18.204.180', 47444)
2025-05-25 19:47:47,017 [DEBUG] 录制到音频数据: 包 #100, 2048 字节
2025-05-25 19:47:47,018 [DEBUG] 发送UDP音频数据: 包 #100, 2048 字节，到: ('172.18.204.180', 47444)
2025-05-25 19:47:50,216 [DEBUG] 发送UDP音频数据: 包 #150, 2048 字节，到: ('172.18.204.180', 47444)
2025-05-25 19:47:53,416 [DEBUG] 录制到音频数据: 包 #200, 2048 字节
2025-05-25 19:47:53,417 [DEBUG] 发送UDP音频数据: 包 #200, 2048 字节，到: ('172.18.204.180', 47444)
2025-05-25 19:47:54,281 [DEBUG] 结束通话
