2025-05-17 11:18:34,557 [DEBUG] 初始化主窗口: 用户=why
2025-05-17 11:18:34,558 [DEBUG] 创建客户端线程
2025-05-17 11:18:34,558 [DEBUG] 客户端线程初始化
2025-05-17 11:18:34,558 [DEBUG] 开始初始化UDP音频服务
2025-05-17 11:18:34,559 [DEBUG] 分配随机UDP端口: 57780
2025-05-17 11:18:34,559 [DEBUG] 客户端线程开始运行
2025-05-17 11:18:34,559 [DEBUG] 尝试绑定UDP端口: 57780
2025-05-17 11:18:34,559 [DEBUG] UDP端口绑定成功: 57780
2025-05-17 11:18:34,559 [DEBUG] 创建UDP音频线程，端口: 57780
2025-05-17 11:18:34,560 [DEBUG] UDP音频线程启动成功
2025-05-17 11:18:34,560 [DEBUG] 发送UDP端口更新消息: UDP_PORT_UPDATE|why|57780
2025-05-17 11:18:34,561 [DEBUG] UDP音频服务初始化完成，端口: 57780
2025-05-17 11:18:34,583 [DEBUG] 初始化UI
2025-05-17 11:18:34,586 [DEBUG] 初始刷新好友和群组列表
2025-05-17 11:18:34,586 [DEBUG] 主窗口初始化完成，用户: why, UDP端口: 57780
2025-05-17 11:18:34,633 [DEBUG] 处理收到的消息: FRIEND_LIST|why_1:offline
2025-05-17 11:18:34,633 [DEBUG] 处理收到的消息: GROUP_LIST|1:first_grop|2:second_grop|3:third_grop|4:4
2025-05-17 11:19:10,403 [DEBUG] 处理收到的消息: FRIEND_ONLINE|why_1
2025-05-17 11:19:15,052 [DEBUG] 处理收到的消息: PRIVATE_HISTORY|why_1|1|why_1|[EMOJI]smart.png|why_1|[EMOJI]gif4.gif|why_1|[EMOJI]gif4.gif|why_1|[EMOJI]smart.png|why_1|[EMOJI]facepalm.png|why_1|[EMOJI]gif4.gif|why|1|why_1|[EMOJI]smirk.png|why|1|why_1|2|why_1|[EMOJI]smirk.png|why_1|[EMOJI]gif4.gif|why_1|[EMOJI]gif4.gif|why|[EMOJI]smart.png|why|[EMOJI]image_emoticon6.png|why|[EMOJI]image_emoticon6.png|why|[EMOJI]gif4.gif|why_1|[EMOJI]image_emoticon19.png
2025-05-17 11:19:15,091 [DEBUG] 处理收到的消息: FILE_LIST|
2025-05-17 11:19:27,384 [DEBUG] 处理收到的消息: ERROR|Unknown command.
2025-05-17 11:19:27,385 [DEBUG] 处理收到的消息: ERROR|Unknown command.
2025-05-17 11:19:27,386 [DEBUG] 处理收到的消息: ERROR|Unknown command.
2025-05-17 11:19:27,387 [DEBUG] 处理收到的消息: ERROR|Unknown command.
2025-05-17 11:19:27,387 [DEBUG] 处理收到的消息: ERROR|Unknown command.
2025-05-17 11:19:30,975 [DEBUG] 处理收到的消息: FILE_LIST|
2025-05-17 11:22:29,796 [DEBUG] 停止客户端线程
2025-05-17 11:22:29,798 [WARNING] 服务器连接断开
2025-05-17 11:22:29,798 [DEBUG] 客户端线程结束
2025-05-17 11:22:38,327 [DEBUG] 停止客户端线程
