2025-05-17 20:59:09,712 [DEBUG] 服务器地址 127.0.0.1 解析成功
2025-05-17 20:59:09,714 [DEBUG] 成功连接到服务器 127.0.0.1:12345
2025-05-17 20:59:09,714 [DEBUG] 服务器地址 127.0.0.1 解析成功
2025-05-17 20:59:09,726 [DEBUG] 成功连接到服务器 127.0.0.1:12345
2025-05-17 20:59:18,604 [DEBUG] 初始化主窗口: 用户=why
2025-05-17 20:59:18,605 [DEBUG] 创建客户端线程
2025-05-17 20:59:18,605 [DEBUG] 客户端线程初始化
2025-05-17 20:59:18,605 [DEBUG] 开始初始化UDP音频服务
2025-05-17 20:59:18,605 [DEBUG] 分配随机UDP端口: 58599
2025-05-17 20:59:18,605 [DEBUG] 客户端线程开始运行
2025-05-17 20:59:18,606 [DEBUG] 尝试绑定UDP端口: 58599
2025-05-17 20:59:18,616 [DEBUG] UDP端口绑定成功: 58599
2025-05-17 20:59:18,616 [DEBUG] 创建UDP音频线程，端口: 58599
2025-05-17 20:59:18,616 [DEBUG] UDP音频线程绑定到端口: 58599
2025-05-17 20:59:18,617 [DEBUG] UDP音频线程启动成功
2025-05-17 20:59:18,617 [DEBUG] 发送UDP端口更新消息: UDP_PORT_UPDATE|why|58599
2025-05-17 20:59:18,617 [DEBUG] UDP音频服务初始化完成，端口: 58599
2025-05-17 20:59:18,633 [DEBUG] 初始化UI
2025-05-17 20:59:18,637 [DEBUG] 初始刷新好友和群组列表
2025-05-17 20:59:18,638 [DEBUG] 主窗口初始化完成，用户: why, UDP端口: 58599
2025-05-17 20:59:18,685 [DEBUG] 处理收到的消息: FRIEND_LIST|why_1:offline|gty:online
2025-05-17 20:59:18,686 [DEBUG] 处理收到的消息: GROUP_LIST|1:first_grop|2:second_grop|3:third_grop|4:4
2025-05-17 20:59:20,478 [DEBUG] 尝试发起语音通话
2025-05-17 20:59:20,478 [WARNING] 未选择好友，无法发起通话
2025-05-17 20:59:22,887 [DEBUG] 处理收到的消息: PRIVATE_HISTORY|gty|1|why|2|gty|[EMOJI]gif4.gif|gty|[EMOJI]image_emoticon31.png|gty|[EMOJI]image_emoticon6.png
2025-05-17 20:59:22,897 [DEBUG] 处理收到的消息: FILE_LIST|
2025-05-17 20:59:24,721 [DEBUG] 尝试发起语音通话
2025-05-17 20:59:24,722 [DEBUG] 发起语音通话请求：why -> gty
2025-05-17 20:59:24,722 [DEBUG] 准备发送通话请求: CALL_REQUEST|why|gty|58599
2025-05-17 20:59:24,722 [DEBUG] 已发送CALL_REQUEST消息，本地UDP端口: 58599
2025-05-17 20:59:24,813 [DEBUG] 处理收到的消息: CALL_RESPONSE|BUSY|gty
2025-05-17 20:59:35,761 [DEBUG] 已创建通话对话框(主叫方)
2025-05-17 20:59:39,137 [DEBUG] 停止客户端线程
2025-05-17 20:59:39,732 [DEBUG] 客户端线程结束
