2025-05-17 20:04:35,481 [DEBUG] 初始化主窗口: 用户=why
2025-05-17 20:04:35,481 [DEBUG] 创建客户端线程
2025-05-17 20:04:35,481 [DEBUG] 客户端线程初始化
2025-05-17 20:04:35,481 [DEBUG] 开始初始化UDP音频服务
2025-05-17 20:04:35,482 [DEBUG] 分配随机UDP端口: 58826
2025-05-17 20:04:35,482 [DEBUG] 客户端线程开始运行
2025-05-17 20:04:35,482 [DEBUG] 尝试绑定UDP端口: 58826
2025-05-17 20:04:35,482 [DEBUG] UDP端口绑定成功: 58826
2025-05-17 20:04:35,483 [DEBUG] 创建UDP音频线程，端口: 58826
2025-05-17 20:04:35,483 [DEBUG] UDP音频线程启动成功
2025-05-17 20:04:35,483 [DEBUG] 发送UDP端口更新消息: UDP_PORT_UPDATE|why|58826
2025-05-17 20:04:35,492 [DEBUG] UDP音频服务初始化完成，端口: 58826
2025-05-17 20:04:35,508 [DEBUG] 初始化UI
2025-05-17 20:04:35,511 [DEBUG] 初始刷新好友和群组列表
2025-05-17 20:04:35,512 [DEBUG] 主窗口初始化完成，用户: why, UDP端口: 58826
2025-05-17 20:04:35,554 [DEBUG] 处理收到的消息: FRIEND_LIST|why_1:offline|gty:offline
2025-05-17 20:04:35,555 [DEBUG] 处理收到的消息: GROUP_LIST|1:first_grop|2:second_grop|3:third_grop|4:4
2025-05-17 20:05:15,595 [DEBUG] 处理收到的消息: FRIEND_ONLINE|gty
2025-05-17 20:05:23,005 [DEBUG] 处理收到的消息: PRIVATE_HISTORY|gty|1|why|2
2025-05-17 20:05:23,008 [DEBUG] 处理收到的消息: FILE_LIST|
2025-05-17 20:05:26,473 [DEBUG] 处理收到的消息: CALL_INCOMING|gty
2025-05-17 20:05:26,473 [DEBUG] ======= CALL_INCOMING详细调试信息 =======
2025-05-17 20:05:26,474 [DEBUG] 收到CALL_INCOMING消息: CALL_INCOMING|gty
2025-05-17 20:05:26,474 [DEBUG] 来电者: gty
2025-05-17 20:05:26,474 [DEBUG] 当前用户: why
2025-05-17 20:05:26,474 [DEBUG] 当前通话状态: in_call=False, call_target=None
2025-05-17 20:05:26,475 [DEBUG] 当前窗口状态: visible=True, active=True
2025-05-17 20:05:26,475 [DEBUG] 添加来电到待处理队列: gty
2025-05-17 20:05:26,475 [DEBUG] CALL_INCOMING已添加到待处理队列
2025-05-17 20:05:26,475 [DEBUG] ======= CALL_INCOMING详细调试信息结束 =======
2025-05-17 20:05:26,507 [DEBUG] 从待处理队列中处理来电: gty
2025-05-17 20:05:26,534 [DEBUG] 已显示通知窗口并从队列中移除: gty
2025-05-17 20:05:26,973 [DEBUG] 处理收到的消息: CALL_INCOMING|gty
2025-05-17 20:05:26,973 [DEBUG] ======= CALL_INCOMING详细调试信息 =======
2025-05-17 20:05:26,973 [DEBUG] 收到CALL_INCOMING消息: CALL_INCOMING|gty
2025-05-17 20:05:26,973 [DEBUG] 来电者: gty
2025-05-17 20:05:26,973 [DEBUG] 当前用户: why
2025-05-17 20:05:26,973 [DEBUG] 当前通话状态: in_call=False, call_target=None
2025-05-17 20:05:26,973 [DEBUG] 当前窗口状态: visible=True, active=False
2025-05-17 20:05:26,974 [DEBUG] 添加来电到待处理队列: gty
2025-05-17 20:05:26,974 [DEBUG] CALL_INCOMING已添加到待处理队列
2025-05-17 20:05:26,974 [DEBUG] ======= CALL_INCOMING详细调试信息结束 =======
2025-05-17 20:05:27,075 [DEBUG] 从待处理队列中处理来电: gty
2025-05-17 20:05:27,089 [DEBUG] 已显示通知窗口并从队列中移除: gty
2025-05-17 20:05:27,474 [DEBUG] 处理收到的消息: CALL_INCOMING|gty
2025-05-17 20:05:27,474 [DEBUG] ======= CALL_INCOMING详细调试信息 =======
2025-05-17 20:05:27,474 [DEBUG] 收到CALL_INCOMING消息: CALL_INCOMING|gty
2025-05-17 20:05:27,474 [DEBUG] 来电者: gty
2025-05-17 20:05:27,475 [DEBUG] 当前用户: why
2025-05-17 20:05:27,475 [DEBUG] 当前通话状态: in_call=False, call_target=None
2025-05-17 20:05:27,475 [DEBUG] 当前窗口状态: visible=True, active=False
2025-05-17 20:05:27,475 [DEBUG] 添加来电到待处理队列: gty
2025-05-17 20:05:27,475 [DEBUG] CALL_INCOMING已添加到待处理队列
2025-05-17 20:05:27,475 [DEBUG] ======= CALL_INCOMING详细调试信息结束 =======
2025-05-17 20:05:27,506 [DEBUG] 从待处理队列中处理来电: gty
2025-05-17 20:05:27,522 [DEBUG] 已显示通知窗口并从队列中移除: gty
2025-05-17 20:05:31,400 [DEBUG] 接受来电：gty
2025-05-17 20:05:31,401 [DEBUG] 准备发送CALL_ACCEPT: b'CALL_ACCEPT|why|gty|58826'
2025-05-17 20:05:31,401 [DEBUG] 已发送CALL_ACCEPT消息，本地UDP端口: 58826
2025-05-17 20:05:31,520 [DEBUG] 已创建通话对话框(被叫方)
