2025-05-26 14:06:22,206 [DEBUG] 服务器地址 127.0.0.1 解析成功
2025-05-26 14:06:22,209 [DEBUG] 成功连接到服务器 127.0.0.1:12345
2025-05-26 14:06:22,209 [DEBUG] 服务器地址 127.0.0.1 解析成功
2025-05-26 14:06:22,210 [DEBUG] 成功连接到服务器 127.0.0.1:12345
2025-05-26 14:06:33,577 [DEBUG] 初始化主窗口: 用户=why_1
2025-05-26 14:06:33,577 [DEBUG] 创建客户端线程
2025-05-26 14:06:33,579 [DEBUG] 客户端线程初始化
2025-05-26 14:06:33,580 [DEBUG] 开始初始化UDP音频服务
2025-05-26 14:06:33,580 [DEBUG] 分配随机UDP端口: 55546
2025-05-26 14:06:33,580 [DEBUG] 尝试绑定UDP端口: 55546
2025-05-26 14:06:33,581 [DEBUG] UDP端口绑定成功: 55546
2025-05-26 14:06:33,581 [DEBUG] 创建UDP音频线程，端口: 55546
2025-05-26 14:06:33,581 [DEBUG] UDP音频线程绑定到端口: 55546
2025-05-26 14:06:33,581 [DEBUG] UDP音频线程启动成功
2025-05-26 14:06:33,582 [DEBUG] 发送UDP端口更新消息: UDP_PORT_UPDATE|why_1|55546
2025-05-26 14:06:33,582 [DEBUG] UDP音频服务初始化完成，端口: 55546
2025-05-26 14:06:33,806 [DEBUG] 客户端线程开始运行
2025-05-26 14:06:33,811 [DEBUG] 初始化UI
2025-05-26 14:06:33,815 [DEBUG] 初始刷新好友和群组列表
2025-05-26 14:06:33,815 [DEBUG] 主窗口初始化完成，用户: why_1, UDP端口: 55546
2025-05-26 14:06:33,870 [DEBUG] 处理收到的消息: FRIEND_LIST|why:online
2025-05-26 14:06:33,872 [DEBUG] 处理收到的消息: GROUP_LIST|1:first_grop|2:second_grop|3:third_grop|4:4|5:5
2025-05-26 14:06:36,269 [DEBUG] 处理收到的消息: PRIVATE_HISTORY|why_1|1|why_1|[EMOJI]smart.png|why_1|[EMOJI]gif4.gif|why_1|[EMOJI]gif4.gif|why_1|[EMOJI]smart.png|why_1|[EMOJI]facepalm.png|why_1|[EMOJI]gif4.gif|why|1|why_1|[EMOJI]smirk.png|why|1|why_1|2|why_1|[EMOJI]smirk.png|why_1|[EMOJI]gif4.gif|why_1|[EMOJI]gif4.gif|why|[EMOJI]smart.png|why|[EMOJI]image_emoticon6.png|why|[EMOJI]image_emoticon6.png|why|[EMOJI]gif4.gif|why_1|[EMOJI]image_emoticon19.png|why|[EMOJI]gif4.gif|why_1|[EMOJI]image_emoticon31.png|why_1|诶呀|why_1|弄得差不多了|why|但是文件还不能下载，语音也打不通|why_1|[EMOJI]image_emoticon19.png|why_1|1|why|[EMOJI]gif2.gif|why|1|why|2|why|[EMOJI]image_emoticon19.png|why|[EMOJI]image_emoticon19.png
2025-05-26 14:06:36,367 [DEBUG] 处理收到的消息: FILE_LIST|client_20250516_225953.log|cxk.png|facepalm.png|main.py
2025-05-26 14:06:49,025 [DEBUG] 尝试发起语音通话
2025-05-26 14:06:49,025 [DEBUG] 发起语音通话请求：why_1 -> why
2025-05-26 14:06:49,027 [DEBUG] 准备发送通话请求: CALL_REQUEST|why_1|why|55546
2025-05-26 14:06:49,027 [DEBUG] 已发送CALL_REQUEST消息，本地UDP端口: 55546
2025-05-26 14:06:49,214 [DEBUG] 处理收到的消息: CALL_RESPONSE|BUSY|why
2025-05-26 14:06:51,318 [DEBUG] 用户选择的音频设备: {'input': 0, 'output': 3}
2025-05-26 14:06:51,331 [DEBUG] 已创建通话对话框(主叫方)
2025-05-26 14:06:54,246 [DEBUG] 处理收到的消息: CALL_ENDED|why
2025-05-26 14:06:54,268 [DEBUG] 处理收到的消息: FRIEND_OFFLINE|why
2025-05-26 14:06:54,821 [DEBUG] 停止客户端线程
2025-05-26 14:06:54,821 [WARNING] 服务器连接断开
2025-05-26 14:06:54,823 [DEBUG] 客户端线程结束
