2025-05-17 20:23:19,406 [DEBUG] 初始化主窗口: 用户=why
2025-05-17 20:23:19,406 [DEBUG] 创建客户端线程
2025-05-17 20:23:19,407 [DEBUG] 客户端线程初始化
2025-05-17 20:23:19,407 [DEBUG] 开始初始化UDP音频服务
2025-05-17 20:23:19,407 [DEBUG] 分配随机UDP端口: 51147
2025-05-17 20:23:19,407 [DEBUG] 客户端线程开始运行
2025-05-17 20:23:19,408 [DEBUG] 尝试绑定UDP端口: 51147
2025-05-17 20:23:19,408 [DEBUG] UDP端口绑定成功: 51147
2025-05-17 20:23:19,408 [DEBUG] 创建UDP音频线程，端口: 51147
2025-05-17 20:23:19,409 [DEBUG] UDP音频线程启动成功
2025-05-17 20:23:19,409 [DEBUG] 发送UDP端口更新消息: UDP_PORT_UPDATE|why|51147
2025-05-17 20:23:19,409 [DEBUG] UDP音频服务初始化完成，端口: 51147
2025-05-17 20:23:19,433 [DEBUG] 初始化UI
2025-05-17 20:23:19,436 [DEBUG] 初始刷新好友和群组列表
2025-05-17 20:23:19,436 [DEBUG] 主窗口初始化完成，用户: why, UDP端口: 51147
2025-05-17 20:23:19,472 [DEBUG] 处理收到的消息: FRIEND_LIST|why_1:offline|gty:offline
2025-05-17 20:23:19,472 [DEBUG] 处理收到的消息: GROUP_LIST|1:first_grop|2:second_grop|3:third_grop|4:4
2025-05-17 20:23:29,882 [DEBUG] 处理收到的消息: FRIEND_ONLINE|gty
2025-05-17 20:23:35,488 [DEBUG] 处理收到的消息: CALL_INCOMING|gty
2025-05-17 20:23:35,488 [DEBUG] ======= CALL_INCOMING详细调试信息 =======
2025-05-17 20:23:35,489 [DEBUG] 收到CALL_INCOMING消息: CALL_INCOMING|gty
2025-05-17 20:23:35,489 [DEBUG] 来电者: gty
2025-05-17 20:23:35,489 [DEBUG] 当前用户: why
2025-05-17 20:23:35,489 [DEBUG] 当前通话状态: in_call=False, call_target=None
2025-05-17 20:23:35,490 [DEBUG] 当前窗口状态: visible=True, active=True
2025-05-17 20:23:35,490 [DEBUG] 添加来电到待处理队列: gty
2025-05-17 20:23:35,490 [DEBUG] CALL_INCOMING已添加到待处理队列
2025-05-17 20:23:35,490 [DEBUG] ======= CALL_INCOMING详细调试信息结束 =======
2025-05-17 20:23:35,591 [DEBUG] 从待处理队列中处理来电: gty
2025-05-17 20:23:35,619 [DEBUG] 已显示通知窗口并从队列中移除: gty
2025-05-17 20:23:35,988 [DEBUG] 处理收到的消息: CALL_INCOMING|gty
2025-05-17 20:23:35,989 [DEBUG] ======= CALL_INCOMING详细调试信息 =======
2025-05-17 20:23:35,990 [DEBUG] 收到CALL_INCOMING消息: CALL_INCOMING|gty
2025-05-17 20:23:35,990 [DEBUG] 来电者: gty
2025-05-17 20:23:35,990 [DEBUG] 当前用户: why
2025-05-17 20:23:35,991 [DEBUG] 当前通话状态: in_call=False, call_target=None
2025-05-17 20:23:35,991 [DEBUG] 当前窗口状态: visible=True, active=False
2025-05-17 20:23:35,991 [DEBUG] 添加来电到待处理队列: gty
2025-05-17 20:23:35,991 [DEBUG] CALL_INCOMING已添加到待处理队列
2025-05-17 20:23:35,992 [DEBUG] ======= CALL_INCOMING详细调试信息结束 =======
2025-05-17 20:23:36,092 [DEBUG] 从待处理队列中处理来电: gty
2025-05-17 20:23:36,106 [DEBUG] 已显示通知窗口并从队列中移除: gty
2025-05-17 20:23:36,489 [DEBUG] 处理收到的消息: CALL_INCOMING|gty
2025-05-17 20:23:36,489 [DEBUG] ======= CALL_INCOMING详细调试信息 =======
2025-05-17 20:23:36,489 [DEBUG] 收到CALL_INCOMING消息: CALL_INCOMING|gty
2025-05-17 20:23:36,490 [DEBUG] 来电者: gty
2025-05-17 20:23:36,490 [DEBUG] 当前用户: why
2025-05-17 20:23:36,490 [DEBUG] 当前通话状态: in_call=False, call_target=None
2025-05-17 20:23:36,490 [DEBUG] 当前窗口状态: visible=True, active=False
2025-05-17 20:23:36,490 [DEBUG] 添加来电到待处理队列: gty
2025-05-17 20:23:36,490 [DEBUG] CALL_INCOMING已添加到待处理队列
2025-05-17 20:23:36,490 [DEBUG] ======= CALL_INCOMING详细调试信息结束 =======
2025-05-17 20:23:36,591 [DEBUG] 从待处理队列中处理来电: gty
2025-05-17 20:23:36,608 [DEBUG] 已显示通知窗口并从队列中移除: gty
2025-05-17 20:23:41,122 [DEBUG] 接受来电：gty
2025-05-17 20:23:41,122 [DEBUG] 准备发送CALL_ACCEPT: b'CALL_ACCEPT|why|gty|51147'
2025-05-17 20:23:41,123 [DEBUG] 已发送CALL_ACCEPT消息，本地UDP端口: 51147
2025-05-17 20:23:41,130 [DEBUG] 已创建通话对话框(被叫方)
2025-05-17 20:23:52,210 [DEBUG] 处理收到的消息: CALL_ENDED|gty
