2025-05-17 16:51:13,533 [DEBUG] 初始化主窗口: 用户=why
2025-05-17 16:51:13,534 [DEBUG] 创建客户端线程
2025-05-17 16:51:13,535 [DEBUG] 客户端线程初始化
2025-05-17 16:51:13,536 [DEBUG] 开始初始化UDP音频服务
2025-05-17 16:51:13,536 [DEBUG] 客户端线程开始运行
2025-05-17 16:51:13,536 [DEBUG] 分配随机UDP端口: 47583
2025-05-17 16:51:13,537 [DEBUG] 尝试绑定UDP端口: 47583
2025-05-17 16:51:13,538 [DEBUG] UDP端口绑定成功: 47583
2025-05-17 16:51:13,538 [DEBUG] 创建UDP音频线程，端口: 47583
2025-05-17 16:51:13,539 [DEBUG] UDP音频线程启动成功
2025-05-17 16:51:13,540 [DEBUG] 发送UDP端口更新消息: UDP_PORT_UPDATE|why|47583
2025-05-17 16:51:13,540 [DEBUG] UDP音频服务初始化完成，端口: 47583
2025-05-17 16:51:13,597 [DEBUG] 初始化UI
2025-05-17 16:51:13,606 [DEBUG] 初始刷新好友和群组列表
2025-05-17 16:51:13,607 [DEBUG] 主窗口初始化完成，用户: why, UDP端口: 47583
2025-05-17 16:51:13,677 [DEBUG] 处理收到的消息: FRIEND_LIST|why_1:offline
2025-05-17 16:51:13,678 [DEBUG] 处理收到的消息: GROUP_LIST|1:first_grop|2:second_grop|3:third_grop|4:4
2025-05-17 16:51:15,205 [DEBUG] 处理收到的消息: PRIVATE_HISTORY|why_1|1|why_1|[EMOJI]smart.png|why_1|[EMOJI]gif4.gif|why_1|[EMOJI]gif4.gif|why_1|[EMOJI]smart.png|why_1|[EMOJI]facepalm.png|why_1|[EMOJI]gif4.gif|why|1|why_1|[EMOJI]smirk.png|why|1|why_1|2|why_1|[EMOJI]smirk.png|why_1|[EMOJI]gif4.gif|why_1|[EMOJI]gif4.gif|why|[EMOJI]smart.png|why|[EMOJI]image_emoticon6.png|why|[EMOJI]image_emoticon6.png|why|[EMOJI]gif4.gif|why_1|[EMOJI]image_emoticon19.png|why|[EMOJI]gif4.gif|why_1|[EMOJI]image_emoticon31.png|why_1|诶呀|why_1|弄得差不多了|why|但是文件还不能下载，语音也打不通
2025-05-17 16:51:15,252 [DEBUG] 处理收到的消息: FILE_LIST|
2025-05-17 16:51:24,866 [DEBUG] 处理收到的消息: ERROR|Unknown command.
2025-05-17 16:51:29,603 [DEBUG] 停止客户端线程
2025-05-17 16:51:29,603 [WARNING] 服务器连接断开
2025-05-17 16:51:29,604 [DEBUG] 客户端线程结束
