2025-05-17 17:32:37,408 [DEBUG] 初始化主窗口: 用户=why_1
2025-05-17 17:32:37,408 [DEBUG] 创建客户端线程
2025-05-17 17:32:37,408 [DEBUG] 客户端线程初始化
2025-05-17 17:32:37,409 [DEBUG] 开始初始化UDP音频服务
2025-05-17 17:32:37,409 [DEBUG] 分配随机UDP端口: 44033
2025-05-17 17:32:37,409 [DEBUG] 尝试绑定UDP端口: 44033
2025-05-17 17:32:37,409 [DEBUG] 客户端线程开始运行
2025-05-17 17:32:37,410 [DEBUG] UDP端口绑定成功: 44033
2025-05-17 17:32:37,410 [DEBUG] 创建UDP音频线程，端口: 44033
2025-05-17 17:32:37,410 [DEBUG] UDP音频线程启动成功
2025-05-17 17:32:37,410 [DEBUG] 发送UDP端口更新消息: UDP_PORT_UPDATE|why_1|44033
2025-05-17 17:32:37,421 [DEBUG] UDP音频服务初始化完成，端口: 44033
2025-05-17 17:32:37,440 [DEBUG] 初始化UI
2025-05-17 17:32:37,443 [DEBUG] 初始刷新好友和群组列表
2025-05-17 17:32:37,444 [DEBUG] 主窗口初始化完成，用户: why_1, UDP端口: 44033
2025-05-17 17:32:37,620 [DEBUG] 处理收到的消息: FRIEND_LIST|why:online
2025-05-17 17:32:37,621 [DEBUG] 处理收到的消息: GROUP_LIST|1:first_grop|2:second_grop|3:third_grop|4:4
2025-05-17 17:32:40,067 [DEBUG] 处理收到的消息: PRIVATE_HISTORY|why_1|1|why_1|[EMOJI]smart.png|why_1|[EMOJI]gif4.gif|why_1|[EMOJI]gif4.gif|why_1|[EMOJI]smart.png|why_1|[EMOJI]facepalm.png|why_1|[EMOJI]gif4.gif|why|1|why_1|[EMOJI]smirk.png|why|1|why_1|2|why_1|[EMOJI]smirk.png|why_1|[EMOJI]gif4.gif|why_1|[EMOJI]gif4.gif|why|[EMOJI]smart.png|why|[EMOJI]image_emoticon6.png|why|[EMOJI]image_emoticon6.png|why|[EMOJI]gif4.gif|why_1|[EMOJI]image_emoticon19.png|why|[EMOJI]gif4.gif|why_1|[EMOJI]image_emoticon31.png|why_1|诶呀|why_1|弄得差不多了|why|但是文件还不能下载，语音也打不通|why_1|[EMOJI]image_emoticon19.png|why_1|1
2025-05-17 17:32:40,160 [DEBUG] 处理收到的消息: FILE_LIST|client_20250516_225953.log
2025-05-17 17:32:43,337 [DEBUG] 处理收到的消息: CALL_INCOMING|why
2025-05-17 17:32:43,337 [DEBUG] ======= CALL_INCOMING详细调试信息 =======
2025-05-17 17:32:43,338 [DEBUG] 收到CALL_INCOMING消息: CALL_INCOMING|why
2025-05-17 17:32:43,338 [DEBUG] 来电者: why
2025-05-17 17:32:43,338 [DEBUG] 当前用户: why_1
2025-05-17 17:32:43,338 [DEBUG] 当前通话状态: in_call=False, call_target=None
2025-05-17 17:32:43,339 [DEBUG] 当前窗口状态: visible=True, active=False
2025-05-17 17:32:43,339 [DEBUG] 添加来电到待处理队列: why
2025-05-17 17:32:43,339 [DEBUG] CALL_INCOMING已添加到待处理队列
2025-05-17 17:32:43,340 [DEBUG] ======= CALL_INCOMING详细调试信息结束 =======
2025-05-17 17:32:43,439 [DEBUG] 从待处理队列中处理来电: why
2025-05-17 17:32:43,520 [ERROR] 创建通知窗口失败: 'CallNotificationWindow' object has no attribute 'flash_window'
Traceback (most recent call last):
  File "D:\OneDrive\Desktop\cursor_try_chat_app\client\main.py", line 1734, in check_pending_calls
    self.notification_window = CallNotificationWindow(caller)
  File "D:\OneDrive\Desktop\cursor_try_chat_app\client\main.py", line 2240, in __init__
    self.flash_timer.timeout.connect(self.flash_window)
AttributeError: 'CallNotificationWindow' object has no attribute 'flash_window'
2025-05-17 17:32:43,837 [DEBUG] 处理收到的消息: CALL_INCOMING|why
2025-05-17 17:32:43,838 [DEBUG] ======= CALL_INCOMING详细调试信息 =======
2025-05-17 17:32:43,838 [DEBUG] 收到CALL_INCOMING消息: CALL_INCOMING|why
2025-05-17 17:32:43,838 [DEBUG] 来电者: why
2025-05-17 17:32:43,838 [DEBUG] 当前用户: why_1
2025-05-17 17:32:43,838 [DEBUG] 当前通话状态: in_call=False, call_target=None
2025-05-17 17:32:43,838 [DEBUG] 当前窗口状态: visible=True, active=False
2025-05-17 17:32:43,839 [DEBUG] 添加来电到待处理队列: why
2025-05-17 17:32:43,839 [DEBUG] CALL_INCOMING已添加到待处理队列
2025-05-17 17:32:43,839 [DEBUG] ======= CALL_INCOMING详细调试信息结束 =======
2025-05-17 17:32:43,940 [DEBUG] 从待处理队列中处理来电: why
2025-05-17 17:32:43,970 [ERROR] 创建通知窗口失败: 'CallNotificationWindow' object has no attribute 'flash_window'
Traceback (most recent call last):
  File "D:\OneDrive\Desktop\cursor_try_chat_app\client\main.py", line 1734, in check_pending_calls
    self.notification_window = CallNotificationWindow(caller)
  File "D:\OneDrive\Desktop\cursor_try_chat_app\client\main.py", line 2240, in __init__
    self.flash_timer.timeout.connect(self.flash_window)
AttributeError: 'CallNotificationWindow' object has no attribute 'flash_window'
2025-05-17 17:32:44,339 [DEBUG] 处理收到的消息: CALL_INCOMING|why
2025-05-17 17:32:44,339 [DEBUG] ======= CALL_INCOMING详细调试信息 =======
2025-05-17 17:32:44,340 [DEBUG] 收到CALL_INCOMING消息: CALL_INCOMING|why
2025-05-17 17:32:44,340 [DEBUG] 来电者: why
2025-05-17 17:32:44,340 [DEBUG] 当前用户: why_1
2025-05-17 17:32:44,340 [DEBUG] 当前通话状态: in_call=False, call_target=None
2025-05-17 17:32:44,341 [DEBUG] 当前窗口状态: visible=True, active=False
2025-05-17 17:32:44,341 [DEBUG] 添加来电到待处理队列: why
2025-05-17 17:32:44,341 [DEBUG] CALL_INCOMING已添加到待处理队列
2025-05-17 17:32:44,342 [DEBUG] ======= CALL_INCOMING详细调试信息结束 =======
2025-05-17 17:32:44,442 [DEBUG] 从待处理队列中处理来电: why
2025-05-17 17:32:44,476 [ERROR] 创建通知窗口失败: 'CallNotificationWindow' object has no attribute 'flash_window'
Traceback (most recent call last):
  File "D:\OneDrive\Desktop\cursor_try_chat_app\client\main.py", line 1734, in check_pending_calls
    self.notification_window = CallNotificationWindow(caller)
  File "D:\OneDrive\Desktop\cursor_try_chat_app\client\main.py", line 2240, in __init__
    self.flash_timer.timeout.connect(self.flash_window)
AttributeError: 'CallNotificationWindow' object has no attribute 'flash_window'
2025-05-17 17:33:05,549 [DEBUG] 尝试发起语音通话
2025-05-17 17:33:05,549 [DEBUG] 发起语音通话请求：why_1 -> why
2025-05-17 17:33:05,550 [DEBUG] 准备发送通话请求: CALL_REQUEST|why_1|why|44033
2025-05-17 17:33:05,550 [DEBUG] 已发送CALL_REQUEST消息，本地UDP端口: 44033
2025-05-17 17:33:05,582 [DEBUG] 已创建通话对话框(主叫方)
2025-05-17 17:33:07,052 [DEBUG] 处理收到的消息: CALL_RESPONSE|SENDING|why
2025-05-17 17:33:07,052 [DEBUG] 服务器确认正在向 why 发送通话请求
2025-05-17 17:34:33,037 [DEBUG] 停止客户端线程
2025-05-17 17:34:33,040 [WARNING] 服务器连接断开
2025-05-17 17:34:33,040 [DEBUG] 客户端线程结束
