2025-05-17 12:44:41,160 [DEBUG] 初始化主窗口: 用户=why
2025-05-17 12:44:41,160 [DEBUG] 创建客户端线程
2025-05-17 12:44:41,160 [DEBUG] 客户端线程初始化
2025-05-17 12:44:41,160 [DEBUG] 开始初始化UDP音频服务
2025-05-17 12:44:41,160 [DEBUG] 客户端线程开始运行
2025-05-17 12:44:41,160 [DEBUG] 分配随机UDP端口: 56587
2025-05-17 12:44:41,161 [DEBUG] 尝试绑定UDP端口: 56587
2025-05-17 12:44:41,161 [DEBUG] UDP端口绑定成功: 56587
2025-05-17 12:44:41,161 [DEBUG] 创建UDP音频线程，端口: 56587
2025-05-17 12:44:41,161 [DEBUG] UDP音频线程启动成功
2025-05-17 12:44:41,162 [DEBUG] 发送UDP端口更新消息: UDP_PORT_UPDATE|why|56587
2025-05-17 12:44:41,173 [DEBUG] UDP音频服务初始化完成，端口: 56587
2025-05-17 12:44:41,190 [DEBUG] 初始化UI
2025-05-17 12:44:41,193 [DEBUG] 初始刷新好友和群组列表
2025-05-17 12:44:41,194 [DEBUG] 主窗口初始化完成，用户: why, UDP端口: 56587
2025-05-17 12:44:41,247 [DEBUG] 处理收到的消息: FRIEND_LIST|why_1:offline
2025-05-17 12:44:41,248 [DEBUG] 处理收到的消息: GROUP_LIST|1:first_grop|2:second_grop|3:third_grop|4:4
2025-05-17 12:44:53,560 [DEBUG] 处理收到的消息: FRIEND_ONLINE|why_1
2025-05-17 12:45:08,089 [DEBUG] 处理收到的消息: FRIEND_OFFLINE|why_1
2025-05-17 12:48:09,357 [DEBUG] 停止客户端线程
2025-05-17 12:48:09,357 [WARNING] 服务器连接断开
2025-05-17 12:48:09,358 [DEBUG] 客户端线程结束
