2025-05-24 13:36:25,207 [DEBUG] 服务器地址 127.0.0.1 解析成功
2025-05-24 13:36:25,210 [DEBUG] 成功连接到服务器 127.0.0.1:12345
2025-05-24 13:36:25,212 [DEBUG] 服务器地址 127.0.0.1 解析成功
2025-05-24 13:36:25,224 [DEBUG] 成功连接到服务器 127.0.0.1:12345
2025-05-24 13:36:33,862 [DEBUG] 初始化主窗口: 用户=why_1
2025-05-24 13:36:33,863 [DEBUG] 创建客户端线程
2025-05-24 13:36:33,865 [DEBUG] 客户端线程初始化
2025-05-24 13:36:33,865 [DEBUG] 开始初始化UDP音频服务
2025-05-24 13:36:33,866 [DEBUG] 客户端线程开始运行
2025-05-24 13:36:33,867 [DEBUG] 分配随机UDP端口: 42619
2025-05-24 13:36:33,868 [DEBUG] 尝试绑定UDP端口: 42619
2025-05-24 13:36:33,868 [DEBUG] UDP端口绑定成功: 42619
2025-05-24 13:36:33,868 [DEBUG] 创建UDP音频线程，端口: 42619
2025-05-24 13:36:33,869 [DEBUG] UDP音频线程绑定到端口: 42619
2025-05-24 13:36:33,869 [DEBUG] UDP音频线程启动成功
2025-05-24 13:36:33,869 [DEBUG] 发送UDP端口更新消息: UDP_PORT_UPDATE|why_1|42619
2025-05-24 13:36:33,870 [DEBUG] UDP音频服务初始化完成，端口: 42619
2025-05-24 13:36:34,070 [DEBUG] 初始化UI
2025-05-24 13:36:34,074 [DEBUG] 初始刷新好友和群组列表
2025-05-24 13:36:34,075 [DEBUG] 主窗口初始化完成，用户: why_1, UDP端口: 42619
2025-05-24 13:36:34,140 [DEBUG] 处理收到的消息: FRIEND_LIST|why:online
2025-05-24 13:36:34,142 [DEBUG] 处理收到的消息: GROUP_LIST|1:first_grop|2:second_grop|3:third_grop|4:4
2025-05-24 13:36:36,402 [DEBUG] 处理收到的消息: PRIVATE_HISTORY|why_1|1|why_1|[EMOJI]smart.png|why_1|[EMOJI]gif4.gif|why_1|[EMOJI]gif4.gif|why_1|[EMOJI]smart.png|why_1|[EMOJI]facepalm.png|why_1|[EMOJI]gif4.gif|why|1|why_1|[EMOJI]smirk.png|why|1|why_1|2|why_1|[EMOJI]smirk.png|why_1|[EMOJI]gif4.gif|why_1|[EMOJI]gif4.gif|why|[EMOJI]smart.png|why|[EMOJI]image_emoticon6.png|why|[EMOJI]image_emoticon6.png|why|[EMOJI]gif4.gif|why_1|[EMOJI]image_emoticon19.png|why|[EMOJI]gif4.gif|why_1|[EMOJI]image_emoticon31.png|why_1|诶呀|why_1|弄得差不多了|why|但是文件还不能下载，语音也打不通|why_1|[EMOJI]image_emoticon19.png|why_1|1|why|[EMOJI]gif2.gif
2025-05-24 13:36:36,529 [DEBUG] 处理收到的消息: FILE_LIST|client_20250516_225953.log|cxk.png
2025-05-24 13:36:48,306 [DEBUG] 处理收到的消息: JOIN_GROUP_RESULT|OK|Joined group.|5
2025-05-24 13:36:49,056 [DEBUG] 处理收到的消息: GROUP_LIST|1:first_grop|2:second_grop|3:third_grop|4:4|5:5
2025-05-24 13:36:50,126 [DEBUG] 处理收到的消息: GROUP_MEMBERS|why|why_1
2025-05-24 13:36:50,128 [DEBUG] 处理收到的消息: GROUP_HISTORY
2025-05-24 13:36:54,270 [DEBUG] 处理收到的消息: GROUP_MSG|5|why_1|1
2025-05-24 13:36:58,370 [DEBUG] 处理收到的消息: GROUP_MSG|5|why|[EMOJI]gif4.gif
2025-05-24 13:36:58,377 [DEBUG] 处理收到的消息: FRIEND_ONLINE|why
2025-05-24 13:37:08,717 [DEBUG] 处理收到的消息: PRIVATE_HISTORY|why_1|1|why_1|[EMOJI]smart.png|why_1|[EMOJI]gif4.gif|why_1|[EMOJI]gif4.gif|why_1|[EMOJI]smart.png|why_1|[EMOJI]facepalm.png|why_1|[EMOJI]gif4.gif|why|1|why_1|[EMOJI]smirk.png|why|1|why_1|2|why_1|[EMOJI]smirk.png|why_1|[EMOJI]gif4.gif|why_1|[EMOJI]gif4.gif|why|[EMOJI]smart.png|why|[EMOJI]image_emoticon6.png|why|[EMOJI]image_emoticon6.png|why|[EMOJI]gif4.gif|why_1|[EMOJI]image_emoticon19.png|why|[EMOJI]gif4.gif|why_1|[EMOJI]image_emoticon31.png|why_1|诶呀|why_1|弄得差不多了|why|但是文件还不能下载，语音也打不通|why_1|[EMOJI]image_emoticon19.png|why_1|1|why|[EMOJI]gif2.gif
2025-05-24 13:37:08,845 [DEBUG] 处理收到的消息: FILE_LIST|client_20250516_225953.log|cxk.png
2025-05-24 13:37:16,035 [INFO] 服务器指示使用专用文件端口: 12347
2025-05-24 13:37:19,413 [DEBUG] 停止客户端线程
2025-05-24 13:37:19,414 [WARNING] 服务器连接断开
2025-05-24 13:37:19,419 [DEBUG] 客户端线程结束
