2025-05-16 23:14:00,104 [DEBUG] 初始化主窗口: 用户=why_1
2025-05-16 23:14:00,105 [DEBUG] 创建客户端线程
2025-05-16 23:14:00,109 [DEBUG] 客户端线程初始化
2025-05-16 23:14:00,110 [DEBUG] 开始初始化UDP音频服务
2025-05-16 23:14:00,111 [DEBUG] 计算得到初始UDP端口: 40020
2025-05-16 23:14:00,111 [DEBUG] 客户端线程开始运行
2025-05-16 23:14:00,118 [DEBUG] 尝试绑定UDP端口: 40020
2025-05-16 23:14:00,124 [DEBUG] UDP端口绑定成功: 40020
2025-05-16 23:14:00,126 [DEBUG] 创建UDP音频线程，端口: 40020
2025-05-16 23:14:00,138 [DEBUG] UDP音频线程启动成功
2025-05-16 23:14:00,142 [DEBUG] 发送UDP端口更新消息: UDP_PORT_UPDATE|why_1|40020
2025-05-16 23:14:00,149 [DEBUG] UDP音频服务初始化完成，端口: 40020
2025-05-16 23:14:00,206 [DEBUG] 初始化UI
2025-05-16 23:14:00,220 [DEBUG] 初始刷新好友和群组列表
2025-05-16 23:14:00,221 [DEBUG] 主窗口初始化完成，用户: why_1, UDP端口: 40020
2025-05-16 23:14:00,261 [DEBUG] 接收到完整消息: FRIEND_LIST|why:onlineGROUP_LIST|1:first_grop|2:second_grop|3:third_grop|4:4
2025-05-16 23:14:00,304 [DEBUG] 处理收到的消息: FRIEND_LIST|why:onlineGROUP_LIST|1:first_grop|2:second_grop|3:third_grop|4:4
2025-05-16 23:14:03,224 [DEBUG] 接收到完整消息: FRIEND_LIST|why:online
2025-05-16 23:14:03,228 [DEBUG] 处理收到的消息: FRIEND_LIST|why:online
2025-05-16 23:14:18,585 [DEBUG] 接收到完整消息: JOIN_GROUP_RESULT|OK|Joined group.|1
2025-05-16 23:14:18,593 [DEBUG] 处理收到的消息: JOIN_GROUP_RESULT|OK|Joined group.|1
2025-05-16 23:14:19,905 [DEBUG] 接收到完整消息: GROUP_LIST|1:first_grop|2:second_grop|3:third_grop|4:4
2025-05-16 23:14:19,922 [DEBUG] 处理收到的消息: GROUP_LIST|1:first_grop|2:second_grop|3:third_grop|4:4
2025-05-16 23:14:21,104 [DEBUG] 接收到完整消息: GROUP_MEMBERS|why_1|why
2025-05-16 23:14:21,105 [DEBUG] 接收到完整消息: GROUP_HISTORY|user|why_1|1||user|why_1|2||user|why_1|3||user|why|1||user|why|2||user|why_1|1||user|why_1|2||anon|无名氏|匿名消息||anon|无名氏|啊||user|why_1|啊||user|why|[EMOJI]smart.png||user|why|[EMOJI]gif3.gif||user|why|[EMOJI]smart.png||user|why_1|[EMOJI]smart.png||user|why_1|[EMOJI]smart.png||user|why|[EMOJI]smirk.png||user|why|[EMOJI]smirk.png||user|why|[EMOJI]smirk.png||user|why_1|[EMOJI]gif3.gif||user|why|[EMOJI]smart.png||user|why|[EMOJI]smirk.png||user|why_1|1|
2025-05-16 23:14:21,121 [DEBUG] 处理收到的消息: GROUP_MEMBERS|why_1|why
2025-05-16 23:14:21,123 [DEBUG] 处理收到的消息: GROUP_HISTORY|user|why_1|1||user|why_1|2||user|why_1|3||user|why|1||user|why|2||user|why_1|1||user|why_1|2||anon|无名氏|匿名消息||anon|无名氏|啊||user|why_1|啊||user|why|[EMOJI]smart.png||user|why|[EMOJI]gif3.gif||user|why|[EMOJI]smart.png||user|why_1|[EMOJI]smart.png||user|why_1|[EMOJI]smart.png||user|why|[EMOJI]smirk.png||user|why|[EMOJI]smirk.png||user|why|[EMOJI]smirk.png||user|why_1|[EMOJI]gif3.gif||user|why|[EMOJI]smart.png||user|why|[EMOJI]smirk.png||user|why_1|1|
2025-05-16 23:14:31,235 [DEBUG] 接收到完整消息: PRIVATE_HISTORY|why_1|1|why_1|[EMOJI]smart.png|why_1|[EMOJI]gif4.gif|why_1|[EMOJI]gif4.gif|why_1|[EMOJI]smart.png|why_1|[EMOJI]facepalm.png|why_1|[EMOJI]gif4.gif|why|1|why_1|[EMOJI]smirk.png|why|1|why_1|2
2025-05-16 23:14:31,244 [DEBUG] 处理收到的消息: PRIVATE_HISTORY|why_1|1|why_1|[EMOJI]smart.png|why_1|[EMOJI]gif4.gif|why_1|[EMOJI]gif4.gif|why_1|[EMOJI]smart.png|why_1|[EMOJI]facepalm.png|why_1|[EMOJI]gif4.gif|why|1|why_1|[EMOJI]smirk.png|why|1|why_1|2
2025-05-16 23:15:06,047 [DEBUG] 尝试发起语音通话
2025-05-16 23:15:06,048 [DEBUG] 发起语音通话请求：why_1 -> why
2025-05-16 23:15:06,052 [DEBUG] 准备发送通话请求: CALL_REQUEST|why_1|why|40020
2025-05-16 23:15:06,053 [DEBUG] 已发送CALL_REQUEST消息，本地UDP端口: 40020
2025-05-16 23:15:06,093 [DEBUG] 已创建通话对话框(主叫方)
2025-05-16 23:16:03,270 [DEBUG] 停止客户端线程
2025-05-16 23:16:03,272 [WARNING] 服务器连接断开
2025-05-16 23:16:03,281 [DEBUG] 客户端线程结束
2025-05-16 23:16:04,678 [DEBUG] 停止客户端线程
2025-05-16 23:16:21,104 [DEBUG] 初始化主窗口: 用户=why_1
2025-05-16 23:16:21,106 [DEBUG] 创建客户端线程
2025-05-16 23:16:21,115 [DEBUG] 客户端线程初始化
2025-05-16 23:16:21,129 [DEBUG] 开始初始化UDP音频服务
2025-05-16 23:16:21,143 [DEBUG] 计算得到初始UDP端口: 40020
2025-05-16 23:16:21,143 [DEBUG] 客户端线程开始运行
2025-05-16 23:16:21,156 [DEBUG] 尝试绑定UDP端口: 40020
2025-05-16 23:16:21,184 [DEBUG] UDP端口绑定成功: 40020
2025-05-16 23:16:21,189 [DEBUG] 创建UDP音频线程，端口: 40020
2025-05-16 23:16:21,201 [DEBUG] UDP音频线程启动成功
2025-05-16 23:16:21,202 [DEBUG] 发送UDP端口更新消息: UDP_PORT_UPDATE|why_1|40020
2025-05-16 23:16:21,205 [DEBUG] UDP音频服务初始化完成，端口: 40020
2025-05-16 23:16:21,215 [DEBUG] 初始化UI
2025-05-16 23:16:21,223 [DEBUG] 初始刷新好友和群组列表
2025-05-16 23:16:21,224 [DEBUG] 主窗口初始化完成，用户: why_1, UDP端口: 40020
2025-05-16 23:16:21,224 [DEBUG] 接收到完整消息: FRIEND_LIST|why:online
2025-05-16 23:16:21,260 [DEBUG] 接收到完整消息: GROUP_LIST|1:first_grop|2:second_grop|3:third_grop|4:4
2025-05-16 23:16:21,300 [DEBUG] 处理收到的消息: FRIEND_LIST|why:online
2025-05-16 23:16:21,306 [DEBUG] 处理收到的消息: GROUP_LIST|1:first_grop|2:second_grop|3:third_grop|4:4
2025-05-16 23:16:23,717 [DEBUG] 停止客户端线程
2025-05-16 23:16:23,718 [WARNING] 服务器连接断开
2025-05-16 23:16:23,724 [DEBUG] 客户端线程结束
2025-05-16 23:16:25,998 [DEBUG] 停止客户端线程
