2025-05-26 15:27:11,962 [DEBUG] 服务器地址 127.0.0.1 解析成功
2025-05-26 15:27:11,963 [DEBUG] 成功连接到服务器 127.0.0.1:12345
2025-05-26 15:27:11,964 [DEBUG] 服务器地址 127.0.0.1 解析成功
2025-05-26 15:27:11,964 [DEBUG] 成功连接到服务器 127.0.0.1:12345
2025-05-26 15:27:17,458 [DEBUG] 初始化主窗口: 用户=why
2025-05-26 15:27:17,458 [DEBUG] 创建客户端线程
2025-05-26 15:27:17,458 [DEBUG] 客户端线程初始化
2025-05-26 15:27:17,459 [DEBUG] 开始初始化UDP音频服务
2025-05-26 15:27:17,459 [DEBUG] 分配随机UDP端口: 49689
2025-05-26 15:27:17,459 [DEBUG] 客户端线程开始运行
2025-05-26 15:27:17,459 [DEBUG] 尝试绑定UDP端口: 49689
2025-05-26 15:27:17,470 [DEBUG] UDP端口绑定成功: 49689
2025-05-26 15:27:17,470 [DEBUG] 创建UDP音频线程，端口: 49689
2025-05-26 15:27:17,470 [DEBUG] UDP音频线程绑定到端口: 49689
2025-05-26 15:27:17,470 [DEBUG] UDP音频线程启动成功
2025-05-26 15:27:17,471 [DEBUG] 发送UDP端口更新消息: UDP_PORT_UPDATE|why|49689
2025-05-26 15:27:17,471 [DEBUG] UDP音频服务初始化完成，端口: 49689
2025-05-26 15:27:17,485 [DEBUG] 初始化UI
2025-05-26 15:27:17,487 [DEBUG] 初始刷新好友和群组列表
2025-05-26 15:27:17,487 [DEBUG] 主窗口初始化完成，用户: why, UDP端口: 49689
2025-05-26 15:27:17,525 [DEBUG] 处理收到的消息: FRIEND_LIST|why_1:offline|gty:offline
2025-05-26 15:27:17,526 [DEBUG] 处理收到的消息: GROUP_LIST|1:first_grop|2:second_grop|3:third_grop|4:4|5:5
2025-05-26 15:27:41,937 [DEBUG] 处理收到的消息: FRIEND_ONLINE|why_1
2025-05-26 15:27:43,955 [DEBUG] 处理收到的消息: PRIVATE_HISTORY|why_1|1|why_1|[EMOJI]smart.png|why_1|[EMOJI]gif4.gif|why_1|[EMOJI]gif4.gif|why_1|[EMOJI]smart.png|why_1|[EMOJI]facepalm.png|why_1|[EMOJI]gif4.gif|why|1|why_1|[EMOJI]smirk.png|why|1|why_1|2|why_1|[EMOJI]smirk.png|why_1|[EMOJI]gif4.gif|why_1|[EMOJI]gif4.gif|why|[EMOJI]smart.png|why|[EMOJI]image_emoticon6.png|why|[EMOJI]image_emoticon6.png|why|[EMOJI]gif4.gif|why_1|[EMOJI]image_emoticon19.png|why|[EMOJI]gif4.gif|why_1|[EMOJI]image_emoticon31.png|why_1|诶呀|why_1|弄得差不多了|why|但是文件还不能下载，语音也打不通|why_1|[EMOJI]image_emoticon19.png|why_1|1|why|[EMOJI]gif2.gif|why|1|why|2|why|[EMOJI]image_emoticon19.png|why|[EMOJI]image_emoticon19.png|why|[VOICE]original|4075
2025-05-26 15:27:44,005 [DEBUG] 处理收到的消息: FILE_LIST|client_20250516_225953.log|cxk.png|facepalm.png|main.py
2025-05-26 15:27:50,211 [INFO] 服务器指示使用专用文件端口: 12347
2025-05-26 15:27:59,969 [DEBUG] 处理收到的消息: FRIEND_OFFLINE|why_1
2025-05-26 15:28:01,016 [DEBUG] 停止客户端线程
2025-05-26 15:28:01,017 [WARNING] 服务器连接断开
2025-05-26 15:28:01,017 [DEBUG] 客户端线程结束
