2025-05-16 23:48:40,339 [DEBUG] 初始化主窗口: 用户=why_1
2025-05-16 23:48:40,340 [DEBUG] 创建客户端线程
2025-05-16 23:48:40,343 [DEBUG] 客户端线程初始化
2025-05-16 23:48:40,345 [DEBUG] 开始初始化UDP音频服务
2025-05-16 23:48:40,345 [DEBUG] 客户端线程开始运行
2025-05-16 23:48:40,346 [DEBUG] 分配随机UDP端口: 61998
2025-05-16 23:48:40,360 [DEBUG] 尝试绑定UDP端口: 61998
2025-05-16 23:48:40,364 [DEBUG] UDP端口绑定成功: 61998
2025-05-16 23:48:40,370 [DEBUG] 创建UDP音频线程，端口: 61998
2025-05-16 23:48:40,384 [DEBUG] UDP音频线程启动成功
2025-05-16 23:48:40,393 [DEBUG] 发送UDP端口更新消息: UDP_PORT_UPDATE|why_1|61998
2025-05-16 23:48:40,404 [DEBUG] UDP音频服务初始化完成，端口: 61998
2025-05-16 23:48:40,455 [DEBUG] 初始化UI
2025-05-16 23:48:40,461 [DEBUG] 初始刷新好友和群组列表
2025-05-16 23:48:40,462 [DEBUG] 主窗口初始化完成，用户: why_1, UDP端口: 61998
2025-05-16 23:48:40,551 [DEBUG] 处理收到的消息: FRIEND_LIST|why:online
2025-05-16 23:48:40,554 [DEBUG] 处理收到的消息: GROUP_LIST|1:first_grop|2:second_grop|3:third_grop|4:4
2025-05-16 23:48:48,483 [DEBUG] 尝试发起语音通话
2025-05-16 23:48:48,484 [WARNING] 未选择好友，无法发起通话
2025-05-16 23:48:52,875 [DEBUG] 处理收到的消息: PRIVATE_HISTORY|why_1|1|why_1|[EMOJI]smart.png|why_1|[EMOJI]gif4.gif|why_1|[EMOJI]gif4.gif|why_1|[EMOJI]smart.png|why_1|[EMOJI]facepalm.png|why_1|[EMOJI]gif4.gif|why|1|why_1|[EMOJI]smirk.png|why|1|why_1|2|why_1|[EMOJI]smirk.png|why_1|[EMOJI]gif4.gif|why_1|[EMOJI]gif4.gif
2025-05-16 23:48:57,483 [DEBUG] 尝试发起语音通话
2025-05-16 23:48:57,484 [DEBUG] 发起语音通话请求：why_1 -> why
2025-05-16 23:48:57,486 [DEBUG] 准备发送通话请求: CALL_REQUEST|why_1|why|61998
2025-05-16 23:48:57,491 [DEBUG] 已发送CALL_REQUEST消息，本地UDP端口: 61998
2025-05-16 23:48:57,524 [DEBUG] 已创建通话对话框(主叫方)
2025-05-16 23:49:15,182 [DEBUG] 尝试发起语音通话
2025-05-16 23:49:15,183 [DEBUG] 发起语音通话请求：why_1 -> why
2025-05-16 23:49:15,187 [DEBUG] 准备发送通话请求: CALL_REQUEST|why_1|why|61998
2025-05-16 23:49:15,188 [DEBUG] 已发送CALL_REQUEST消息，本地UDP端口: 61998
2025-05-16 23:49:15,217 [DEBUG] 已创建通话对话框(主叫方)
2025-05-16 23:49:21,669 [DEBUG] 处理收到的消息: FRIEND_OFFLINE|why
2025-05-16 23:49:26,952 [DEBUG] 停止客户端线程
2025-05-16 23:49:26,953 [WARNING] 服务器连接断开
2025-05-16 23:49:26,956 [DEBUG] 客户端线程结束
2025-05-16 23:49:28,341 [DEBUG] 停止客户端线程
