2025-05-17 11:52:34,880 [DEBUG] 初始化主窗口: 用户=why
2025-05-17 11:52:34,880 [DEBUG] 创建客户端线程
2025-05-17 11:52:34,881 [DEBUG] 客户端线程初始化
2025-05-17 11:52:34,881 [DEBUG] 开始初始化UDP音频服务
2025-05-17 11:52:34,881 [DEBUG] 分配随机UDP端口: 64369
2025-05-17 11:52:34,881 [DEBUG] 客户端线程开始运行
2025-05-17 11:52:34,882 [DEBUG] 尝试绑定UDP端口: 64369
2025-05-17 11:52:34,882 [DEBUG] UDP端口绑定成功: 64369
2025-05-17 11:52:34,882 [DEBUG] 创建UDP音频线程，端口: 64369
2025-05-17 11:52:34,883 [DEBUG] UDP音频线程启动成功
2025-05-17 11:52:34,883 [DEBUG] 发送UDP端口更新消息: UDP_PORT_UPDATE|why|64369
2025-05-17 11:52:34,893 [DEBUG] UDP音频服务初始化完成，端口: 64369
2025-05-17 11:52:34,913 [DEBUG] 初始化UI
2025-05-17 11:52:34,914 [DEBUG] 初始刷新好友和群组列表
2025-05-17 11:52:34,915 [DEBUG] 主窗口初始化完成，用户: why, UDP端口: 64369
2025-05-17 11:52:34,948 [DEBUG] 处理收到的消息: FRIEND_LIST|why_1:offline
2025-05-17 11:52:34,948 [DEBUG] 处理收到的消息: GROUP_LIST|1:first_grop|2:second_grop|3:third_grop|4:4
2025-05-17 11:52:47,585 [DEBUG] 处理收到的消息: FRIEND_ONLINE|why_1
2025-05-17 11:52:49,582 [DEBUG] 处理收到的消息: PRIVATE_HISTORY|why_1|1|why_1|[EMOJI]smart.png|why_1|[EMOJI]gif4.gif|why_1|[EMOJI]gif4.gif|why_1|[EMOJI]smart.png|why_1|[EMOJI]facepalm.png|why_1|[EMOJI]gif4.gif|why|1|why_1|[EMOJI]smirk.png|why|1|why_1|2|why_1|[EMOJI]smirk.png|why_1|[EMOJI]gif4.gif|why_1|[EMOJI]gif4.gif|why|[EMOJI]smart.png|why|[EMOJI]image_emoticon6.png|why|[EMOJI]image_emoticon6.png|why|[EMOJI]gif4.gif|why_1|[EMOJI]image_emoticon19.png|why|[EMOJI]gif4.gif
2025-05-17 11:52:49,603 [DEBUG] 处理收到的消息: FILE_LIST|
2025-05-17 11:52:59,109 [DEBUG] 处理收到的消息: FILE_LIST|ConFuzzius_A_Data_Dependency-Aware_Hybrid_Fuzzer_for_Smart_Contracts.pdf
2025-05-17 11:53:00,418 [DEBUG] 处理收到的消息: FILE_LIST|ConFuzzius_A_Data_Dependency-Aware_Hybrid_Fuzzer_for_Smart_Contracts.pdf
2025-05-17 11:55:13,537 [DEBUG] 停止客户端线程
2025-05-17 11:55:13,538 [WARNING] 服务器连接断开
2025-05-17 11:55:13,538 [DEBUG] 客户端线程结束
2025-05-17 11:55:14,443 [DEBUG] 停止客户端线程
