2025-05-17 12:15:50,302 [DEBUG] 初始化主窗口: 用户=why
2025-05-17 12:15:50,303 [DEBUG] 创建客户端线程
2025-05-17 12:15:50,303 [DEBUG] 客户端线程初始化
2025-05-17 12:15:50,303 [DEBUG] 开始初始化UDP音频服务
2025-05-17 12:15:50,303 [DEBUG] 分配随机UDP端口: 42079
2025-05-17 12:15:50,303 [DEBUG] 客户端线程开始运行
2025-05-17 12:15:50,304 [DEBUG] 尝试绑定UDP端口: 42079
2025-05-17 12:15:50,304 [DEBUG] UDP端口绑定成功: 42079
2025-05-17 12:15:50,304 [DEBUG] 创建UDP音频线程，端口: 42079
2025-05-17 12:15:50,305 [DEBUG] UDP音频线程启动成功
2025-05-17 12:15:50,305 [DEBUG] 发送UDP端口更新消息: UDP_PORT_UPDATE|why|42079
2025-05-17 12:15:50,306 [DEBUG] UDP音频服务初始化完成，端口: 42079
2025-05-17 12:15:50,324 [DEBUG] 初始化UI
2025-05-17 12:15:50,328 [DEBUG] 初始刷新好友和群组列表
2025-05-17 12:15:50,328 [DEBUG] 主窗口初始化完成，用户: why, UDP端口: 42079
2025-05-17 12:15:50,374 [DEBUG] 处理收到的消息: FRIEND_LIST|why_1:offline
2025-05-17 12:15:50,374 [DEBUG] 处理收到的消息: GROUP_LIST|1:first_grop|2:second_grop|3:third_grop|4:4
2025-05-17 12:16:00,921 [DEBUG] 处理收到的消息: FRIEND_ONLINE|why_1
2025-05-17 12:16:17,650 [DEBUG] 处理收到的消息: FILE_LIST|ConFuzzius_A_Data_Dependency-Aware_Hybrid_Fuzzer_for_Smart_Contracts.pdf|sFuzz_An_Efficient_Adaptive_Fuzzer_for_Solidity_Smart_Contracts.pdf
2025-05-17 12:16:39,471 [DEBUG] 处理收到的消息: FRIEND_OFFLINE|why_1
