2025-05-24 20:02:02,791 [DEBUG] 服务器地址 127.0.0.1 解析成功
2025-05-24 20:02:02,793 [DEBUG] 成功连接到服务器 127.0.0.1:12345
2025-05-24 20:02:02,793 [DEBUG] 服务器地址 127.0.0.1 解析成功
2025-05-24 20:02:02,794 [DEBUG] 成功连接到服务器 127.0.0.1:12345
2025-05-24 20:02:09,640 [DEBUG] 初始化主窗口: 用户=why
2025-05-24 20:02:09,640 [DEBUG] 创建客户端线程
2025-05-24 20:02:09,641 [DEBUG] 客户端线程初始化
2025-05-24 20:02:09,641 [DEBUG] 开始初始化UDP音频服务
2025-05-24 20:02:09,641 [DEBUG] 分配随机UDP端口: 57266
2025-05-24 20:02:09,641 [DEBUG] 客户端线程开始运行
2025-05-24 20:02:09,642 [DEBUG] 尝试绑定UDP端口: 57266
2025-05-24 20:02:09,652 [DEBUG] UDP端口绑定成功: 57266
2025-05-24 20:02:09,652 [DEBUG] 创建UDP音频线程，端口: 57266
2025-05-24 20:02:09,652 [DEBUG] UDP音频线程绑定到端口: 57266
2025-05-24 20:02:09,652 [DEBUG] UDP音频线程启动成功
2025-05-24 20:02:09,653 [DEBUG] 发送UDP端口更新消息: UDP_PORT_UPDATE|why|57266
2025-05-24 20:02:09,653 [DEBUG] UDP音频服务初始化完成，端口: 57266
2025-05-24 20:02:09,681 [DEBUG] 初始化UI
2025-05-24 20:02:09,685 [DEBUG] 初始刷新好友和群组列表
2025-05-24 20:02:09,685 [DEBUG] 主窗口初始化完成，用户: why, UDP端口: 57266
2025-05-24 20:02:09,754 [DEBUG] 处理收到的消息: FRIEND_LIST|why_1:offline|gty:offline
2025-05-24 20:02:09,755 [DEBUG] 处理收到的消息: GROUP_LIST|1:first_grop|2:second_grop|3:third_grop|4:4|5:5
2025-05-24 20:02:35,912 [DEBUG] 处理收到的消息: FRIEND_ONLINE|why_1
2025-05-24 20:02:37,740 [DEBUG] 处理收到的消息: PRIVATE_HISTORY|why_1|1|why_1|[EMOJI]smart.png|why_1|[EMOJI]gif4.gif|why_1|[EMOJI]gif4.gif|why_1|[EMOJI]smart.png|why_1|[EMOJI]facepalm.png|why_1|[EMOJI]gif4.gif|why|1|why_1|[EMOJI]smirk.png|why|1|why_1|2|why_1|[EMOJI]smirk.png|why_1|[EMOJI]gif4.gif|why_1|[EMOJI]gif4.gif|why|[EMOJI]smart.png|why|[EMOJI]image_emoticon6.png|why|[EMOJI]image_emoticon6.png|why|[EMOJI]gif4.gif|why_1|[EMOJI]image_emoticon19.png|why|[EMOJI]gif4.gif|why_1|[EMOJI]image_emoticon31.png|why_1|诶呀|why_1|弄得差不多了|why|但是文件还不能下载，语音也打不通|why_1|[EMOJI]image_emoticon19.png|why_1|1|why|[EMOJI]gif2.gif|why|1
2025-05-24 20:02:40,789 [DEBUG] 处理收到的消息: PRIVATE_HISTORY|why_1|1|why_1|[EMOJI]smart.png|why_1|[EMOJI]gif4.gif|why_1|[EMOJI]gif4.gif|why_1|[EMOJI]smart.png|why_1|[EMOJI]facepalm.png|why_1|[EMOJI]gif4.gif|why|1|why_1|[EMOJI]smirk.png|why|1|why_1|2|why_1|[EMOJI]smirk.png|why_1|[EMOJI]gif4.gif|why_1|[EMOJI]gif4.gif|why|[EMOJI]smart.png|why|[EMOJI]image_emoticon6.png|why|[EMOJI]image_emoticon6.png|why|[EMOJI]gif4.gif|why_1|[EMOJI]image_emoticon19.png|why|[EMOJI]gif4.gif|why_1|[EMOJI]image_emoticon31.png|why_1|诶呀|why_1|弄得差不多了|why|但是文件还不能下载，语音也打不通|why_1|[EMOJI]image_emoticon19.png|why_1|1|why|[EMOJI]gif2.gif|why|1
2025-05-24 20:02:41,421 [DEBUG] 处理收到的消息: FRIEND_LIST|why_1:online|gty:offline
2025-05-24 20:02:42,145 [DEBUG] 处理收到的消息: PRIVATE_HISTORY|why_1|1|why_1|[EMOJI]smart.png|why_1|[EMOJI]gif4.gif|why_1|[EMOJI]gif4.gif|why_1|[EMOJI]smart.png|why_1|[EMOJI]facepalm.png|why_1|[EMOJI]gif4.gif|why|1|why_1|[EMOJI]smirk.png|why|1|why_1|2|why_1|[EMOJI]smirk.png|why_1|[EMOJI]gif4.gif|why_1|[EMOJI]gif4.gif|why|[EMOJI]smart.png|why|[EMOJI]image_emoticon6.png|why|[EMOJI]image_emoticon6.png|why|[EMOJI]gif4.gif|why_1|[EMOJI]image_emoticon19.png|why|[EMOJI]gif4.gif|why_1|[EMOJI]image_emoticon31.png|why_1|诶呀|why_1|弄得差不多了|why|但是文件还不能下载，语音也打不通|why_1|[EMOJI]image_emoticon19.png|why_1|1|why|[EMOJI]gif2.gif|why|1
2025-05-24 20:02:54,464 [DEBUG] 尝试发起语音通话
2025-05-24 20:02:54,464 [DEBUG] 发起语音通话请求：why -> why_1
2025-05-24 20:02:54,464 [DEBUG] 准备发送通话请求: CALL_REQUEST|why|why_1|57266
2025-05-24 20:02:54,464 [DEBUG] 已发送CALL_REQUEST消息，本地UDP端口: 57266
2025-05-24 20:02:54,480 [DEBUG] 已创建通话对话框(主叫方)
2025-05-24 20:02:56,135 [DEBUG] 结束通话
2025-05-24 20:02:56,136 [ERROR] 断开音频接收信号失败: 'method' object is not connected
2025-05-24 20:02:57,734 [DEBUG] 停止客户端线程
2025-05-24 20:02:57,735 [WARNING] 服务器连接断开
2025-05-24 20:02:57,735 [DEBUG] 客户端线程结束
