2025-05-26 17:02:33,582 [DEBUG] 服务器地址 127.0.0.1 解析成功
2025-05-26 17:02:33,583 [DEBUG] 成功连接到服务器 127.0.0.1:12345
2025-05-26 17:02:33,583 [DEBUG] 服务器地址 127.0.0.1 解析成功
2025-05-26 17:02:33,595 [DEBUG] 成功连接到服务器 127.0.0.1:12345
2025-05-26 17:02:39,048 [DEBUG] 初始化主窗口: 用户=1
2025-05-26 17:02:39,048 [DEBUG] 创建客户端线程
2025-05-26 17:02:39,048 [DEBUG] 客户端线程初始化
2025-05-26 17:02:39,049 [DEBUG] 开始预加载表情...
2025-05-26 17:02:39,049 [DEBUG] 客户端线程开始运行
2025-05-26 17:02:39,066 [DEBUG] 预加载完成，共 12 个表情
2025-05-26 17:02:39,066 [DEBUG] 初始化UI
2025-05-26 17:02:39,070 [DEBUG] 初始刷新好友和群组列表
2025-05-26 17:02:39,070 [DEBUG] 主窗口初始化完成，用户: 1, UDP端口: None
2025-05-26 17:02:39,171 [DEBUG] 开始延迟刷新好友和群组列表
2025-05-26 17:02:39,171 [DEBUG] 发送消息: GET_FRIENDS|1, 长度: 14 字节
2025-05-26 17:02:39,171 [DEBUG] 发送消息: GET_GROUPS|1, 长度: 13 字节
2025-05-26 17:02:39,172 [DEBUG] 延迟刷新完成
2025-05-26 17:02:39,173 [DEBUG] 处理收到的消息: FRIEND_LIST|2:offline
2025-05-26 17:02:39,177 [DEBUG] 处理收到的消息: GROUP_LIST|6:6
2025-05-26 17:03:12,967 [DEBUG] 处理收到的消息: FRIEND_ONLINE|2
2025-05-26 17:03:18,437 [DEBUG] 发送消息: GET_PRIVATE_HISTORY|1|2, 长度: 24 字节
2025-05-26 17:03:18,469 [DEBUG] 发送消息: FILE_LIST|1|2, 长度: 14 字节
2025-05-26 17:03:18,470 [DEBUG] 处理收到的消息: PRIVATE_HISTORY|error|获取历史记录失败
2025-05-26 17:03:18,489 [DEBUG] 处理收到的消息: FILE_LIST|cxk.png
2025-05-26 17:03:28,529 [DEBUG] 处理收到的消息: EMOJI|2|image_emoticon19.png
2025-05-26 17:03:38,416 [DEBUG] 处理收到的消息: FRIEND_OFFLINE|2
2025-05-26 17:03:38,854 [DEBUG] 发送消息: LOGOUT|, 长度: 8 字节
2025-05-26 17:03:38,855 [DEBUG] 停止客户端线程
2025-05-26 17:03:39,417 [DEBUG] 客户端线程结束
