2025-05-26 16:22:12,485 [DEBUG] 服务器地址 127.0.0.1 解析成功
2025-05-26 16:22:12,496 [DEBUG] 成功连接到服务器 127.0.0.1:12345
2025-05-26 16:22:12,497 [DEBUG] 服务器地址 127.0.0.1 解析成功
2025-05-26 16:22:12,497 [DEBUG] 成功连接到服务器 127.0.0.1:12345
2025-05-26 16:22:21,176 [DEBUG] 初始化主窗口: 用户=2
2025-05-26 16:22:21,177 [DEBUG] 创建客户端线程
2025-05-26 16:22:21,177 [DEBUG] 客户端线程初始化
2025-05-26 16:22:21,178 [DEBUG] 客户端线程开始运行
2025-05-26 16:22:21,196 [DEBUG] 初始化UI
2025-05-26 16:22:21,197 [DEBUG] 初始刷新好友和群组列表
2025-05-26 16:22:21,198 [DEBUG] 主窗口初始化完成，用户: 2, UDP端口: None
2025-05-26 16:22:21,235 [DEBUG] 处理收到的消息: FRIEND_LIST|
2025-05-26 16:22:21,236 [DEBUG] 处理收到的消息: GROUP_LIST|
2025-05-26 16:22:22,533 [DEBUG] 处理收到的消息: FRIEND_LIST|
2025-05-26 16:22:25,461 [DEBUG] 处理收到的消息: ADD_FRIEND_RESULT|OK|Friend added.
2025-05-26 16:22:26,260 [DEBUG] 处理收到的消息: FRIEND_LIST|1:online
2025-05-26 16:22:28,957 [DEBUG] 处理收到的消息: PRIVATE_HISTORY
2025-05-26 16:22:28,959 [DEBUG] 处理收到的消息: FILE_LIST|
2025-05-26 16:22:31,465 [DEBUG] 处理收到的消息: EMOJI|1|gif4.gif
2025-05-26 16:22:45,764 [DEBUG] 处理收到的消息: PRIVATE_HISTORY|1|[EMOJI]gif4.gif
2025-05-26 16:22:45,768 [DEBUG] 处理收到的消息: FILE_LIST|cxk.png
2025-05-26 16:22:56,224 [DEBUG] 处理收到的消息: PRIVATE_HISTORY|1|[EMOJI]gif4.gif
2025-05-26 16:22:56,227 [DEBUG] 处理收到的消息: FILE_LIST|cxk.png
2025-05-26 16:23:00,463 [DEBUG] 处理收到的消息: PRIVATE_HISTORY|1|[EMOJI]gif4.gif
2025-05-26 16:23:00,465 [DEBUG] 处理收到的消息: FILE_LIST|cxk.png
2025-05-26 16:23:01,662 [DEBUG] 处理收到的消息: FRIEND_LIST|1:online
2025-05-26 16:23:04,107 [DEBUG] 处理收到的消息: PRIVATE_HISTORY|1|[EMOJI]gif4.gif
2025-05-26 16:23:04,110 [DEBUG] 处理收到的消息: FILE_LIST|cxk.png
2025-05-26 16:23:10,151 [DEBUG] 准备发送语音消息: 数据长度=51200, 类型=original
2025-05-26 16:23:10,154 [DEBUG] 音频数据编码成功，base64长度: 68268
2025-05-26 16:23:10,154 [DEBUG] 计算音频时长: 1.6秒
2025-05-26 16:23:10,154 [DEBUG] 发送语音消息: 目标=1, 消息长度=68293
2025-05-26 16:23:10,155 [DEBUG] 语音消息发送成功
2025-05-26 16:23:10,176 [DEBUG] 处理收到的消息: VOICE_MSG_SENT|1
2025-05-26 16:23:10,176 [DEBUG] 语音消息发送成功: 发送给 1
2025-05-26 16:23:10,177 [DEBUG] 处理收到的消息: ERROR|Unknown command.
2025-05-26 16:23:19,364 [DEBUG] 准备发送语音消息: 数据长度=30720, 类型=original
2025-05-26 16:23:19,365 [DEBUG] 音频数据编码成功，base64长度: 40960
2025-05-26 16:23:19,365 [DEBUG] 计算音频时长: 1.0秒
2025-05-26 16:23:19,365 [DEBUG] 发送语音消息: 目标=1, 消息长度=40985
2025-05-26 16:23:19,366 [DEBUG] 语音消息发送成功
2025-05-26 16:23:19,376 [DEBUG] 处理收到的消息: VOICE_MSG_SENT|1
2025-05-26 16:23:19,377 [DEBUG] 语音消息发送成功: 发送给 1
2025-05-26 16:23:28,126 [DEBUG] 处理收到的消息: FRIEND_OFFLINE|1
2025-05-26 16:23:29,223 [DEBUG] 停止客户端线程
2025-05-26 16:23:29,224 [WARNING] 服务器连接断开
2025-05-26 16:23:29,224 [DEBUG] 客户端线程结束
