2025-05-16 23:00:01,221 [DEBUG] 初始化主窗口: 用户=why
2025-05-16 23:00:01,221 [DEBUG] 创建客户端线程
2025-05-16 23:00:01,221 [DEBUG] 客户端线程初始化
2025-05-16 23:00:01,222 [DEBUG] 开始初始化UDP音频服务
2025-05-16 23:00:01,222 [DEBUG] 计算得到初始UDP端口: 40266
2025-05-16 23:00:01,222 [DEBUG] 客户端线程开始运行
2025-05-16 23:00:01,222 [DEBUG] 尝试绑定UDP端口: 40266
2025-05-16 23:00:01,223 [DEBUG] UDP端口绑定成功: 40266
2025-05-16 23:00:01,223 [DEBUG] 创建UDP音频线程，端口: 40266
2025-05-16 23:00:01,223 [DEBUG] UDP音频线程启动成功
2025-05-16 23:00:01,223 [DEBUG] 发送UDP端口更新消息: UDP_PORT_UPDATE|why|40266
2025-05-16 23:00:01,234 [DEBUG] UDP音频服务初始化完成，端口: 40266
2025-05-16 23:00:01,256 [DEBUG] 初始化UI
2025-05-16 23:00:01,259 [DEBUG] 初始刷新好友和群组列表
2025-05-16 23:00:01,260 [DEBUG] 主窗口初始化完成，用户: why, UDP端口: 40266
2025-05-16 23:00:01,277 [DEBUG] 接收到消息: FRIEND_LIST|why_1:offline
2025-05-16 23:00:01,278 [DEBUG] 接收到消息: GROUP_LIST|1:first_grop|2:second_grop|3:third_grop|4:4
2025-05-16 23:00:01,300 [DEBUG] 处理收到的消息: FRIEND_LIST|why_1:offline
2025-05-16 23:00:01,301 [DEBUG] 处理收到的消息: GROUP_LIST|1:first_grop|2:second_grop|3:third_grop|4:4
2025-05-16 23:00:21,396 [DEBUG] 接收到消息: FRIEND_ONLINE|why_1
2025-05-16 23:00:21,400 [DEBUG] 处理收到的消息: FRIEND_ONLINE|why_1
2025-05-16 23:00:30,933 [DEBUG] 接收到消息: PRIVATE_HISTORY|why_1|1|why_1|[EMOJI]smart.png|why_1|[EMOJI]gif4.gif|why_1|[EMOJI]gif4.gif|why_1|[EMOJI]smart.png|why_1|[EMOJI]facepalm.png|why_1|[EMOJI]gif4.gif|why|1|why_1|[EMOJI]smirk.png
2025-05-16 23:00:30,935 [DEBUG] 处理收到的消息: PRIVATE_HISTORY|why_1|1|why_1|[EMOJI]smart.png|why_1|[EMOJI]gif4.gif|why_1|[EMOJI]gif4.gif|why_1|[EMOJI]smart.png|why_1|[EMOJI]facepalm.png|why_1|[EMOJI]gif4.gif|why|1|why_1|[EMOJI]smirk.png
2025-05-16 23:00:46,449 [DEBUG] 接收到消息: MSG|why_1|2
2025-05-16 23:00:46,450 [DEBUG] 处理收到的消息: MSG|why_1|2
2025-05-16 23:00:52,887 [DEBUG] 尝试发起语音通话
2025-05-16 23:00:52,887 [DEBUG] 发起语音通话请求：why -> why_1
2025-05-16 23:00:52,888 [DEBUG] 准备发送通话请求: CALL_REQUEST|why|why_1|40266
2025-05-16 23:00:52,888 [DEBUG] 已发送CALL_REQUEST消息，本地UDP端口: 40266
2025-05-16 23:00:52,896 [DEBUG] 已创建通话对话框(主叫方)
2025-05-16 23:01:43,258 [DEBUG] 尝试发起语音通话
2025-05-16 23:01:43,258 [DEBUG] 发起语音通话请求：why -> why_1
2025-05-16 23:01:43,258 [DEBUG] 准备发送通话请求: CALL_REQUEST|why|why_1|40266
2025-05-16 23:01:43,258 [DEBUG] 已发送CALL_REQUEST消息，本地UDP端口: 40266
2025-05-16 23:01:43,265 [DEBUG] 已创建通话对话框(主叫方)
2025-05-16 23:02:19,857 [DEBUG] 停止客户端线程
2025-05-16 23:02:19,858 [WARNING] 服务器连接断开
2025-05-16 23:02:19,858 [DEBUG] 客户端线程结束
2025-05-16 23:02:20,808 [DEBUG] 停止客户端线程
2025-05-16 23:02:27,730 [DEBUG] 初始化主窗口: 用户=why
2025-05-16 23:02:27,730 [DEBUG] 创建客户端线程
2025-05-16 23:02:27,730 [DEBUG] 客户端线程初始化
2025-05-16 23:02:27,730 [DEBUG] 开始初始化UDP音频服务
2025-05-16 23:02:27,730 [DEBUG] 计算得到初始UDP端口: 40266
2025-05-16 23:02:27,730 [DEBUG] 客户端线程开始运行
2025-05-16 23:02:27,731 [DEBUG] 尝试绑定UDP端口: 40266
2025-05-16 23:02:27,731 [DEBUG] UDP端口绑定成功: 40266
2025-05-16 23:02:27,731 [DEBUG] 创建UDP音频线程，端口: 40266
2025-05-16 23:02:27,731 [DEBUG] UDP音频线程启动成功
2025-05-16 23:02:27,731 [DEBUG] 发送UDP端口更新消息: UDP_PORT_UPDATE|why|40266
2025-05-16 23:02:27,732 [DEBUG] UDP音频服务初始化完成，端口: 40266
2025-05-16 23:02:27,733 [DEBUG] 初始化UI
2025-05-16 23:02:27,736 [DEBUG] 初始刷新好友和群组列表
2025-05-16 23:02:27,736 [DEBUG] 主窗口初始化完成，用户: why, UDP端口: 40266
2025-05-16 23:02:27,754 [DEBUG] 接收到消息: FRIEND_LIST|why_1:online
2025-05-16 23:02:27,754 [DEBUG] 接收到消息: GROUP_LIST|1:first_grop|2:second_grop|3:third_grop|4:4
2025-05-16 23:02:27,767 [DEBUG] 处理收到的消息: FRIEND_LIST|why_1:online
2025-05-16 23:02:27,767 [DEBUG] 处理收到的消息: GROUP_LIST|1:first_grop|2:second_grop|3:third_grop|4:4
2025-05-16 23:07:10,014 [DEBUG] 停止客户端线程
2025-05-16 23:07:10,016 [WARNING] 服务器连接断开
2025-05-16 23:07:10,017 [DEBUG] 客户端线程结束
2025-05-16 23:07:11,903 [DEBUG] 停止客户端线程
