2025-05-17 15:38:10,905 [DEBUG] 初始化主窗口: 用户=why_1
2025-05-17 15:38:10,906 [DEBUG] 创建客户端线程
2025-05-17 15:38:10,906 [DEBUG] 客户端线程初始化
2025-05-17 15:38:10,906 [DEBUG] 开始初始化UDP音频服务
2025-05-17 15:38:10,906 [DEBUG] 分配随机UDP端口: 57430
2025-05-17 15:38:10,907 [DEBUG] 客户端线程开始运行
2025-05-17 15:38:10,907 [DEBUG] 尝试绑定UDP端口: 57430
2025-05-17 15:38:10,907 [DEBUG] UDP端口绑定成功: 57430
2025-05-17 15:38:10,907 [DEBUG] 创建UDP音频线程，端口: 57430
2025-05-17 15:38:10,908 [DEBUG] UDP音频线程启动成功
2025-05-17 15:38:10,908 [DEBUG] 发送UDP端口更新消息: UDP_PORT_UPDATE|why_1|57430
2025-05-17 15:38:10,918 [DEBUG] UDP音频服务初始化完成，端口: 57430
2025-05-17 15:38:10,936 [DEBUG] 初始化UI
2025-05-17 15:38:10,939 [DEBUG] 初始刷新好友和群组列表
2025-05-17 15:38:10,940 [DEBUG] 主窗口初始化完成，用户: why_1, UDP端口: 57430
2025-05-17 15:38:10,987 [DEBUG] 处理收到的消息: FRIEND_LIST|why:online
2025-05-17 15:38:10,987 [DEBUG] 处理收到的消息: GROUP_LIST|1:first_grop|2:second_grop|3:third_grop|4:4
2025-05-17 15:38:14,773 [DEBUG] 处理收到的消息: PRIVATE_HISTORY|why_1|1|why_1|[EMOJI]smart.png|why_1|[EMOJI]gif4.gif|why_1|[EMOJI]gif4.gif|why_1|[EMOJI]smart.png|why_1|[EMOJI]facepalm.png|why_1|[EMOJI]gif4.gif|why|1|why_1|[EMOJI]smirk.png|why|1|why_1|2|why_1|[EMOJI]smirk.png|why_1|[EMOJI]gif4.gif|why_1|[EMOJI]gif4.gif|why|[EMOJI]smart.png|why|[EMOJI]image_emoticon6.png|why|[EMOJI]image_emoticon6.png|why|[EMOJI]gif4.gif|why_1|[EMOJI]image_emoticon19.png|why|[EMOJI]gif4.gif|why_1|[EMOJI]image_emoticon31.png|why_1|诶呀|why_1|弄得差不多了|why|但是文件还不能下载，语音也打不通
2025-05-17 15:38:14,795 [DEBUG] 处理收到的消息: FILE_LIST|ConFuzzius_A_Data_Dependency-Aware_Hybrid_Fuzzer_for_Smart_Contracts.pdf|cxk.png|sFuzz_An_Efficient_Adaptive_Fuzzer_for_Solidity_Smart_Contracts.pdf|xijin.png|下载测试.txt
2025-05-17 15:38:16,220 [DEBUG] 尝试发起语音通话
2025-05-17 15:38:16,220 [DEBUG] 发起语音通话请求：why_1 -> why
2025-05-17 15:38:16,220 [DEBUG] 准备发送通话请求: CALL_REQUEST|why_1|why|57430
2025-05-17 15:38:16,221 [DEBUG] 已发送CALL_REQUEST消息，本地UDP端口: 57430
2025-05-17 15:38:16,229 [DEBUG] 已创建通话对话框(主叫方)
2025-05-17 15:38:17,725 [DEBUG] 处理收到的消息: CALL_RESPONSE|SENDING|why
2025-05-17 15:38:17,726 [DEBUG] 服务器确认正在向 why 发送通话请求
2025-05-17 15:38:28,690 [DEBUG] 处理收到的消息: CALL_INCOMING|why
2025-05-17 15:38:28,691 [DEBUG] ======= CALL_INCOMING详细调试信息 =======
2025-05-17 15:38:28,691 [DEBUG] 收到CALL_INCOMING消息: CALL_INCOMING|why
2025-05-17 15:38:28,691 [DEBUG] 来电者: why
2025-05-17 15:38:28,691 [DEBUG] 当前用户: why_1
2025-05-17 15:38:28,691 [DEBUG] 当前通话状态: in_call=True, call_target=why
2025-05-17 15:38:28,692 [DEBUG] 当前窗口状态: visible=True, active=False
2025-05-17 15:38:28,692 [DEBUG] 添加来电到待处理队列: why
2025-05-17 15:38:28,692 [DEBUG] CALL_INCOMING已添加到待处理队列
2025-05-17 15:38:28,692 [DEBUG] ======= CALL_INCOMING详细调试信息结束 =======
2025-05-17 15:38:28,793 [DEBUG] 从待处理队列中处理来电: why
2025-05-17 15:38:28,793 [DEBUG] 已在通话中，自动拒绝来电: why
2025-05-17 15:38:29,190 [DEBUG] 处理收到的消息: CALL_INCOMING|why
2025-05-17 15:38:29,191 [DEBUG] ======= CALL_INCOMING详细调试信息 =======
2025-05-17 15:38:29,191 [DEBUG] 收到CALL_INCOMING消息: CALL_INCOMING|why
2025-05-17 15:38:29,192 [DEBUG] 来电者: why
2025-05-17 15:38:29,192 [DEBUG] 当前用户: why_1
2025-05-17 15:38:29,192 [DEBUG] 当前通话状态: in_call=True, call_target=why
2025-05-17 15:38:29,192 [DEBUG] 当前窗口状态: visible=True, active=False
2025-05-17 15:38:29,193 [DEBUG] 添加来电到待处理队列: why
2025-05-17 15:38:29,193 [DEBUG] CALL_INCOMING已添加到待处理队列
2025-05-17 15:38:29,193 [DEBUG] ======= CALL_INCOMING详细调试信息结束 =======
2025-05-17 15:38:29,294 [DEBUG] 从待处理队列中处理来电: why
2025-05-17 15:38:29,294 [DEBUG] 已在通话中，自动拒绝来电: why
2025-05-17 15:38:29,691 [DEBUG] 处理收到的消息: CALL_INCOMING|why
2025-05-17 15:38:29,692 [DEBUG] ======= CALL_INCOMING详细调试信息 =======
2025-05-17 15:38:29,692 [DEBUG] 收到CALL_INCOMING消息: CALL_INCOMING|why
2025-05-17 15:38:29,693 [DEBUG] 来电者: why
2025-05-17 15:38:29,693 [DEBUG] 当前用户: why_1
2025-05-17 15:38:29,693 [DEBUG] 当前通话状态: in_call=True, call_target=why
2025-05-17 15:38:29,693 [DEBUG] 当前窗口状态: visible=True, active=False
2025-05-17 15:38:29,694 [DEBUG] 添加来电到待处理队列: why
2025-05-17 15:38:29,694 [DEBUG] CALL_INCOMING已添加到待处理队列
2025-05-17 15:38:29,694 [DEBUG] ======= CALL_INCOMING详细调试信息结束 =======
2025-05-17 15:38:29,795 [DEBUG] 从待处理队列中处理来电: why
2025-05-17 15:38:29,795 [DEBUG] 已在通话中，自动拒绝来电: why
2025-05-17 15:38:41,142 [DEBUG] 尝试发起语音通话
2025-05-17 15:38:41,142 [DEBUG] 发起语音通话请求：why_1 -> why
2025-05-17 15:38:41,143 [DEBUG] 准备发送通话请求: CALL_REQUEST|why_1|why|57430
2025-05-17 15:38:41,143 [DEBUG] 已发送CALL_REQUEST消息，本地UDP端口: 57430
2025-05-17 15:38:41,151 [DEBUG] 已创建通话对话框(主叫方)
2025-05-17 15:38:42,646 [DEBUG] 处理收到的消息: CALL_RESPONSE|SENDING|why
2025-05-17 15:38:42,647 [DEBUG] 服务器确认正在向 why 发送通话请求
2025-05-17 15:38:55,427 [DEBUG] 尝试发起语音通话
2025-05-17 15:38:55,427 [DEBUG] 发起语音通话请求：why_1 -> why
2025-05-17 15:38:55,427 [DEBUG] 准备发送通话请求: CALL_REQUEST|why_1|why|57430
2025-05-17 15:38:55,428 [DEBUG] 已发送CALL_REQUEST消息，本地UDP端口: 57430
2025-05-17 15:38:55,436 [DEBUG] 已创建通话对话框(主叫方)
2025-05-17 15:38:56,931 [DEBUG] 处理收到的消息: CALL_RESPONSE|SENDING|why
2025-05-17 15:38:56,931 [DEBUG] 服务器确认正在向 why 发送通话请求
2025-05-17 15:39:03,007 [DEBUG] 处理收到的消息: CALL_INCOMING|why
2025-05-17 15:39:03,007 [DEBUG] ======= CALL_INCOMING详细调试信息 =======
2025-05-17 15:39:03,007 [DEBUG] 收到CALL_INCOMING消息: CALL_INCOMING|why
2025-05-17 15:39:03,007 [DEBUG] 来电者: why
2025-05-17 15:39:03,007 [DEBUG] 当前用户: why_1
2025-05-17 15:39:03,007 [DEBUG] 当前通话状态: in_call=False, call_target=None
2025-05-17 15:39:03,007 [DEBUG] 当前窗口状态: visible=True, active=False
2025-05-17 15:39:03,008 [DEBUG] 添加来电到待处理队列: why
2025-05-17 15:39:03,008 [DEBUG] CALL_INCOMING已添加到待处理队列
2025-05-17 15:39:03,008 [DEBUG] ======= CALL_INCOMING详细调试信息结束 =======
2025-05-17 15:39:03,108 [DEBUG] 从待处理队列中处理来电: why
2025-05-17 15:39:03,121 [DEBUG] 已显示通知窗口并从队列中移除: why
2025-05-17 15:39:03,507 [DEBUG] 处理收到的消息: CALL_INCOMING|why
2025-05-17 15:39:03,508 [DEBUG] ======= CALL_INCOMING详细调试信息 =======
2025-05-17 15:39:03,509 [DEBUG] 收到CALL_INCOMING消息: CALL_INCOMING|why
2025-05-17 15:39:03,509 [DEBUG] 来电者: why
2025-05-17 15:39:03,509 [DEBUG] 当前用户: why_1
2025-05-17 15:39:03,509 [DEBUG] 当前通话状态: in_call=False, call_target=None
2025-05-17 15:39:03,510 [DEBUG] 当前窗口状态: visible=True, active=False
2025-05-17 15:39:03,510 [DEBUG] 添加来电到待处理队列: why
2025-05-17 15:39:03,510 [DEBUG] CALL_INCOMING已添加到待处理队列
2025-05-17 15:39:03,510 [DEBUG] ======= CALL_INCOMING详细调试信息结束 =======
2025-05-17 15:39:03,611 [DEBUG] 从待处理队列中处理来电: why
2025-05-17 15:39:03,626 [DEBUG] 已显示通知窗口并从队列中移除: why
2025-05-17 15:39:04,009 [DEBUG] 处理收到的消息: CALL_INCOMING|why
2025-05-17 15:39:04,009 [DEBUG] ======= CALL_INCOMING详细调试信息 =======
2025-05-17 15:39:04,009 [DEBUG] 收到CALL_INCOMING消息: CALL_INCOMING|why
2025-05-17 15:39:04,009 [DEBUG] 来电者: why
2025-05-17 15:39:04,009 [DEBUG] 当前用户: why_1
2025-05-17 15:39:04,009 [DEBUG] 当前通话状态: in_call=False, call_target=None
2025-05-17 15:39:04,010 [DEBUG] 当前窗口状态: visible=True, active=False
2025-05-17 15:39:04,010 [DEBUG] 添加来电到待处理队列: why
2025-05-17 15:39:04,010 [DEBUG] CALL_INCOMING已添加到待处理队列
2025-05-17 15:39:04,010 [DEBUG] ======= CALL_INCOMING详细调试信息结束 =======
2025-05-17 15:39:04,110 [DEBUG] 从待处理队列中处理来电: why
2025-05-17 15:39:04,124 [DEBUG] 已显示通知窗口并从队列中移除: why
2025-05-17 15:39:12,473 [DEBUG] 处理收到的消息: CALL_INCOMING|why
2025-05-17 15:39:12,473 [DEBUG] ======= CALL_INCOMING详细调试信息 =======
2025-05-17 15:39:12,473 [DEBUG] 收到CALL_INCOMING消息: CALL_INCOMING|why
2025-05-17 15:39:12,474 [DEBUG] 来电者: why
2025-05-17 15:39:12,474 [DEBUG] 当前用户: why_1
2025-05-17 15:39:12,474 [DEBUG] 当前通话状态: in_call=False, call_target=None
2025-05-17 15:39:12,474 [DEBUG] 当前窗口状态: visible=True, active=False
2025-05-17 15:39:12,474 [DEBUG] 添加来电到待处理队列: why
2025-05-17 15:39:12,474 [DEBUG] CALL_INCOMING已添加到待处理队列
2025-05-17 15:39:12,474 [DEBUG] ======= CALL_INCOMING详细调试信息结束 =======
2025-05-17 15:39:12,575 [DEBUG] 从待处理队列中处理来电: why
2025-05-17 15:39:12,587 [DEBUG] 已显示通知窗口并从队列中移除: why
2025-05-17 15:39:12,974 [DEBUG] 处理收到的消息: CALL_INCOMING|why
2025-05-17 15:39:12,974 [DEBUG] ======= CALL_INCOMING详细调试信息 =======
2025-05-17 15:39:12,974 [DEBUG] 收到CALL_INCOMING消息: CALL_INCOMING|why
2025-05-17 15:39:12,974 [DEBUG] 来电者: why
2025-05-17 15:39:12,974 [DEBUG] 当前用户: why_1
2025-05-17 15:39:12,974 [DEBUG] 当前通话状态: in_call=False, call_target=None
2025-05-17 15:39:12,975 [DEBUG] 当前窗口状态: visible=True, active=False
2025-05-17 15:39:12,975 [DEBUG] 添加来电到待处理队列: why
2025-05-17 15:39:12,975 [DEBUG] CALL_INCOMING已添加到待处理队列
2025-05-17 15:39:12,975 [DEBUG] ======= CALL_INCOMING详细调试信息结束 =======
2025-05-17 15:39:13,076 [DEBUG] 从待处理队列中处理来电: why
2025-05-17 15:39:13,089 [DEBUG] 已显示通知窗口并从队列中移除: why
2025-05-17 15:39:13,474 [DEBUG] 处理收到的消息: CALL_INCOMING|why
2025-05-17 15:39:13,475 [DEBUG] ======= CALL_INCOMING详细调试信息 =======
2025-05-17 15:39:13,475 [DEBUG] 收到CALL_INCOMING消息: CALL_INCOMING|why
2025-05-17 15:39:13,475 [DEBUG] 来电者: why
2025-05-17 15:39:13,475 [DEBUG] 当前用户: why_1
2025-05-17 15:39:13,476 [DEBUG] 当前通话状态: in_call=False, call_target=None
2025-05-17 15:39:13,476 [DEBUG] 当前窗口状态: visible=True, active=False
2025-05-17 15:39:13,476 [DEBUG] 添加来电到待处理队列: why
2025-05-17 15:39:13,476 [DEBUG] CALL_INCOMING已添加到待处理队列
2025-05-17 15:39:13,476 [DEBUG] ======= CALL_INCOMING详细调试信息结束 =======
2025-05-17 15:39:13,577 [DEBUG] 从待处理队列中处理来电: why
2025-05-17 15:39:13,587 [DEBUG] 已显示通知窗口并从队列中移除: why
2025-05-17 15:41:02,584 [DEBUG] 停止客户端线程
2025-05-17 15:41:02,586 [WARNING] 服务器连接断开
2025-05-17 15:41:02,586 [DEBUG] 客户端线程结束
