2025-05-17 17:11:46,745 [DEBUG] 初始化主窗口: 用户=why
2025-05-17 17:11:46,746 [DEBUG] 创建客户端线程
2025-05-17 17:11:46,747 [DEBUG] 客户端线程初始化
2025-05-17 17:11:46,748 [DEBUG] 开始初始化UDP音频服务
2025-05-17 17:11:46,748 [DEBUG] 客户端线程开始运行
2025-05-17 17:11:46,748 [DEBUG] 分配随机UDP端口: 43055
2025-05-17 17:11:46,749 [DEBUG] 尝试绑定UDP端口: 43055
2025-05-17 17:11:46,750 [DEBUG] UDP端口绑定成功: 43055
2025-05-17 17:11:46,750 [DEBUG] 创建UDP音频线程，端口: 43055
2025-05-17 17:11:46,751 [DEBUG] UDP音频线程启动成功
2025-05-17 17:11:46,752 [DEBUG] 发送UDP端口更新消息: UDP_PORT_UPDATE|why|43055
2025-05-17 17:11:46,763 [DEBUG] UDP音频服务初始化完成，端口: 43055
2025-05-17 17:11:46,818 [DEBUG] 初始化UI
2025-05-17 17:11:46,825 [DEBUG] 初始刷新好友和群组列表
2025-05-17 17:11:46,826 [DEBUG] 主窗口初始化完成，用户: why, UDP端口: 43055
2025-05-17 17:11:46,922 [DEBUG] 处理收到的消息: FRIEND_LIST|why_1:offline
2025-05-17 17:11:46,922 [DEBUG] 处理收到的消息: GROUP_LIST|1:first_grop|2:second_grop|3:third_grop|4:4
2025-05-17 17:11:48,098 [DEBUG] 处理收到的消息: PRIVATE_HISTORY|why_1|1|why_1|[EMOJI]smart.png|why_1|[EMOJI]gif4.gif|why_1|[EMOJI]gif4.gif|why_1|[EMOJI]smart.png|why_1|[EMOJI]facepalm.png|why_1|[EMOJI]gif4.gif|why|1|why_1|[EMOJI]smirk.png|why|1|why_1|2|why_1|[EMOJI]smirk.png|why_1|[EMOJI]gif4.gif|why_1|[EMOJI]gif4.gif|why|[EMOJI]smart.png|why|[EMOJI]image_emoticon6.png|why|[EMOJI]image_emoticon6.png|why|[EMOJI]gif4.gif|why_1|[EMOJI]image_emoticon19.png|why|[EMOJI]gif4.gif|why_1|[EMOJI]image_emoticon31.png|why_1|诶呀|why_1|弄得差不多了|why|但是文件还不能下载，语音也打不通|why_1|[EMOJI]image_emoticon19.png
2025-05-17 17:11:48,185 [DEBUG] 处理收到的消息: FILE_LIST|client_20250516_225953.log
2025-05-17 17:12:03,420 [DEBUG] 处理收到的消息: CHUNK|0|1|4212
2025-05-17 17:13:08,339 [DEBUG] 停止客户端线程
2025-05-17 17:13:16,197 [ERROR] 接收消息出错: [WinError 10053] 你的主机中的软件中止了一个已建立的连接。
2025-05-17 17:13:16,198 [DEBUG] 客户端线程结束
