2025-05-24 14:23:49,348 [DEBUG] 服务器地址 127.0.0.1 解析成功
2025-05-24 14:23:49,350 [DEBUG] 成功连接到服务器 127.0.0.1:12345
2025-05-24 14:23:49,351 [DEBUG] 服务器地址 127.0.0.1 解析成功
2025-05-24 14:23:49,352 [DEBUG] 成功连接到服务器 127.0.0.1:12345
2025-05-24 14:23:58,284 [DEBUG] 初始化主窗口: 用户=why_1
2025-05-24 14:23:58,285 [DEBUG] 创建客户端线程
2025-05-24 14:23:58,286 [DEBUG] 客户端线程初始化
2025-05-24 14:23:58,287 [DEBUG] 客户端线程开始运行
2025-05-24 14:23:58,287 [DEBUG] 找到可用UDP端口: 40626
2025-05-24 14:23:58,288 [DEBUG] UDP音频线程绑定到端口: 40626
2025-05-24 14:23:58,300 [DEBUG] UDP音频线程已启动，端口: 40626
2025-05-24 14:23:58,300 [DEBUG] UDP音频接收线程开始运行，端口: 40626
2025-05-24 14:23:58,300 [DEBUG] 发送UDP端口更新消息: UDP_PORT_UPDATE|why_1|40626
2025-05-24 14:23:58,301 [DEBUG] UDP音频服务初始化完成，端口: 40626
2025-05-24 14:23:58,323 [DEBUG] 初始化UI
2025-05-24 14:23:58,327 [DEBUG] 初始刷新好友和群组列表
2025-05-24 14:23:58,327 [DEBUG] 主窗口初始化完成，用户: why_1, UDP端口: 40626
2025-05-24 14:23:58,393 [DEBUG] 处理收到的消息: FRIEND_LIST|why:online
2025-05-24 14:23:58,395 [DEBUG] 处理收到的消息: GROUP_LIST|1:first_grop|2:second_grop|3:third_grop|4:4|5:5
2025-05-24 14:24:01,677 [DEBUG] 处理收到的消息: PRIVATE_HISTORY|why_1|1|why_1|[EMOJI]smart.png|why_1|[EMOJI]gif4.gif|why_1|[EMOJI]gif4.gif|why_1|[EMOJI]smart.png|why_1|[EMOJI]facepalm.png|why_1|[EMOJI]gif4.gif|why|1|why_1|[EMOJI]smirk.png|why|1|why_1|2|why_1|[EMOJI]smirk.png|why_1|[EMOJI]gif4.gif|why_1|[EMOJI]gif4.gif|why|[EMOJI]smart.png|why|[EMOJI]image_emoticon6.png|why|[EMOJI]image_emoticon6.png|why|[EMOJI]gif4.gif|why_1|[EMOJI]image_emoticon19.png|why|[EMOJI]gif4.gif|why_1|[EMOJI]image_emoticon31.png|why_1|诶呀|why_1|弄得差不多了|why|但是文件还不能下载，语音也打不通|why_1|[EMOJI]image_emoticon19.png|why_1|1|why|[EMOJI]gif2.gif
2025-05-24 14:24:01,772 [DEBUG] 处理收到的消息: FILE_LIST|client_20250516_225953.log|cxk.png
2025-05-24 14:24:03,679 [DEBUG] 处理收到的消息: CALL_INCOMING|why
2025-05-24 14:24:03,681 [DEBUG] ======= CALL_INCOMING详细调试信息 =======
2025-05-24 14:24:03,681 [DEBUG] 收到CALL_INCOMING消息: CALL_INCOMING|why
2025-05-24 14:24:03,682 [DEBUG] 来电者: why
2025-05-24 14:24:03,682 [DEBUG] 当前用户: why_1
2025-05-24 14:24:03,682 [DEBUG] 当前通话状态: in_call=False, call_target=None
2025-05-24 14:24:03,683 [DEBUG] 当前窗口状态: visible=True, active=False
2025-05-24 14:24:03,683 [DEBUG] 添加来电到待处理队列: why
2025-05-24 14:24:03,684 [DEBUG] CALL_INCOMING已添加到待处理队列
2025-05-24 14:24:03,684 [DEBUG] ======= CALL_INCOMING详细调试信息结束 =======
2025-05-24 14:24:03,784 [DEBUG] 从待处理队列中处理来电: why
2025-05-24 14:24:03,814 [DEBUG] 已显示通知窗口并从队列中移除: why
2025-05-24 14:24:04,180 [DEBUG] 处理收到的消息: CALL_INCOMING|why
2025-05-24 14:24:04,181 [DEBUG] ======= CALL_INCOMING详细调试信息 =======
2025-05-24 14:24:04,182 [DEBUG] 收到CALL_INCOMING消息: CALL_INCOMING|why
2025-05-24 14:24:04,182 [DEBUG] 来电者: why
2025-05-24 14:24:04,182 [DEBUG] 当前用户: why_1
2025-05-24 14:24:04,183 [DEBUG] 当前通话状态: in_call=False, call_target=None
2025-05-24 14:24:04,183 [DEBUG] 当前窗口状态: visible=True, active=False
2025-05-24 14:24:04,183 [DEBUG] 添加来电到待处理队列: why
2025-05-24 14:24:04,183 [DEBUG] CALL_INCOMING已添加到待处理队列
2025-05-24 14:24:04,184 [DEBUG] ======= CALL_INCOMING详细调试信息结束 =======
2025-05-24 14:24:04,283 [DEBUG] 从待处理队列中处理来电: why
2025-05-24 14:24:04,296 [DEBUG] 已显示通知窗口并从队列中移除: why
2025-05-24 14:24:04,681 [DEBUG] 处理收到的消息: CALL_INCOMING|why
2025-05-24 14:24:04,682 [DEBUG] ======= CALL_INCOMING详细调试信息 =======
2025-05-24 14:24:04,683 [DEBUG] 收到CALL_INCOMING消息: CALL_INCOMING|why
2025-05-24 14:24:04,683 [DEBUG] 来电者: why
2025-05-24 14:24:04,684 [DEBUG] 当前用户: why_1
2025-05-24 14:24:04,684 [DEBUG] 当前通话状态: in_call=False, call_target=None
2025-05-24 14:24:04,684 [DEBUG] 当前窗口状态: visible=True, active=False
2025-05-24 14:24:04,684 [DEBUG] 添加来电到待处理队列: why
2025-05-24 14:24:04,684 [DEBUG] CALL_INCOMING已添加到待处理队列
2025-05-24 14:24:04,684 [DEBUG] ======= CALL_INCOMING详细调试信息结束 =======
2025-05-24 14:24:04,785 [DEBUG] 从待处理队列中处理来电: why
2025-05-24 14:24:04,802 [DEBUG] 已显示通知窗口并从队列中移除: why
2025-05-24 14:24:06,484 [DEBUG] 接受来电：why
2025-05-24 14:24:06,484 [DEBUG] 准备发送CALL_ACCEPT: b'CALL_ACCEPT|why_1|why|40626'
2025-05-24 14:24:06,486 [DEBUG] 已发送CALL_ACCEPT消息，本地UDP端口: 40626
2025-05-24 14:24:06,489 [ERROR] 接受通话失败: name 'AudioDeviceSelector' is not defined
2025-05-24 14:24:11,613 [DEBUG] 尝试发起语音通话
2025-05-24 14:24:11,614 [DEBUG] 发起语音通话请求：why_1 -> why
2025-05-24 14:24:11,615 [DEBUG] 准备发送通话请求: CALL_REQUEST|why_1|why|40626
2025-05-24 14:24:11,618 [DEBUG] 已发送CALL_REQUEST消息，本地UDP端口: 40626
2025-05-24 14:24:11,618 [ERROR] 发起通话请求失败: name 'AudioDeviceSelector' is not defined
Traceback (most recent call last):
  File "D:\OneDrive\Desktop\cursor_try_chat_app\client\main.py", line 1957, in start_voice_call
    self.call_dialog = CallDialog(
                       ^^^^^^^^^^^
  File "D:\OneDrive\Desktop\cursor_try_chat_app\client\main.py", line 496, in __init__
    self.audio_devices = self.get_audio_devices()
                         ^^^^^^^^^^^^^^^^^^^^^^^^
  File "D:\OneDrive\Desktop\cursor_try_chat_app\client\main.py", line 526, in get_audio_devices
    dialog = AudioDeviceSelector(self)
             ^^^^^^^^^^^^^^^^^^^
NameError: name 'AudioDeviceSelector' is not defined
2025-05-24 14:24:11,647 [DEBUG] 处理收到的消息: CALL_RESPONSE|BUSY|why
2025-05-24 14:24:19,711 [DEBUG] 停止UDP音频线程，发送: 0 包，接收: 0 包
2025-05-24 14:24:19,712 [ERROR] UDP接收错误: [WinError 10038] 在一个非套接字上尝试了一个操作。
2025-05-24 14:24:19,822 [DEBUG] 停止客户端线程
2025-05-24 14:24:19,822 [WARNING] 服务器连接断开
2025-05-24 14:24:19,823 [DEBUG] 客户端线程结束
