2025-05-17 20:57:38,533 [DEBUG] 服务器地址 127.0.0.1 解析成功
2025-05-17 20:57:38,534 [DEBUG] 成功连接到服务器 127.0.0.1:12345
2025-05-17 20:57:38,535 [DEBUG] 服务器地址 127.0.0.1 解析成功
2025-05-17 20:57:38,535 [DEBUG] 成功连接到服务器 127.0.0.1:12345
2025-05-17 20:57:54,320 [DEBUG] 初始化主窗口: 用户=why
2025-05-17 20:57:54,320 [DEBUG] 创建客户端线程
2025-05-17 20:57:54,321 [DEBUG] 客户端线程初始化
2025-05-17 20:57:54,321 [DEBUG] 开始初始化UDP音频服务
2025-05-17 20:57:54,321 [DEBUG] 分配随机UDP端口: 56207
2025-05-17 20:57:54,321 [DEBUG] 客户端线程开始运行
2025-05-17 20:57:54,322 [DEBUG] 尝试绑定UDP端口: 56207
2025-05-17 20:57:54,333 [DEBUG] UDP端口绑定成功: 56207
2025-05-17 20:57:54,333 [DEBUG] 创建UDP音频线程，端口: 56207
2025-05-17 20:57:54,334 [DEBUG] UDP音频线程绑定到端口: 56207
2025-05-17 20:57:54,334 [DEBUG] UDP音频线程启动成功
2025-05-17 20:57:54,334 [DEBUG] 发送UDP端口更新消息: UDP_PORT_UPDATE|why|56207
2025-05-17 20:57:54,335 [DEBUG] UDP音频服务初始化完成，端口: 56207
2025-05-17 20:57:54,351 [DEBUG] 初始化UI
2025-05-17 20:57:54,355 [DEBUG] 初始刷新好友和群组列表
2025-05-17 20:57:54,355 [DEBUG] 主窗口初始化完成，用户: why, UDP端口: 56207
2025-05-17 20:57:54,402 [DEBUG] 处理收到的消息: FRIEND_LIST|why_1:offline|gty:online
2025-05-17 20:57:54,403 [DEBUG] 处理收到的消息: GROUP_LIST|1:first_grop|2:second_grop|3:third_grop|4:4
2025-05-17 20:57:55,682 [DEBUG] 处理收到的消息: PRIVATE_HISTORY|gty|1|why|2|gty|[EMOJI]gif4.gif|gty|[EMOJI]image_emoticon31.png|gty|[EMOJI]image_emoticon6.png
2025-05-17 20:57:55,694 [DEBUG] 处理收到的消息: FILE_LIST|
2025-05-17 20:58:01,271 [DEBUG] 处理收到的消息: CALL_INCOMING|gty
2025-05-17 20:58:01,271 [DEBUG] ======= CALL_INCOMING详细调试信息 =======
2025-05-17 20:58:01,271 [DEBUG] 收到CALL_INCOMING消息: CALL_INCOMING|gty
2025-05-17 20:58:01,271 [DEBUG] 来电者: gty
2025-05-17 20:58:01,271 [DEBUG] 当前用户: why
2025-05-17 20:58:01,272 [DEBUG] 当前通话状态: in_call=False, call_target=None
2025-05-17 20:58:01,272 [DEBUG] 当前窗口状态: visible=True, active=True
2025-05-17 20:58:01,272 [DEBUG] 添加来电到待处理队列: gty
2025-05-17 20:58:01,272 [DEBUG] CALL_INCOMING已添加到待处理队列
2025-05-17 20:58:01,272 [DEBUG] ======= CALL_INCOMING详细调试信息结束 =======
2025-05-17 20:58:01,349 [DEBUG] 从待处理队列中处理来电: gty
2025-05-17 20:58:01,372 [DEBUG] 已显示通知窗口并从队列中移除: gty
2025-05-17 20:58:01,772 [DEBUG] 处理收到的消息: CALL_INCOMING|gty
2025-05-17 20:58:01,772 [DEBUG] ======= CALL_INCOMING详细调试信息 =======
2025-05-17 20:58:01,772 [DEBUG] 收到CALL_INCOMING消息: CALL_INCOMING|gty
2025-05-17 20:58:01,772 [DEBUG] 来电者: gty
2025-05-17 20:58:01,772 [DEBUG] 当前用户: why
2025-05-17 20:58:01,772 [DEBUG] 当前通话状态: in_call=False, call_target=None
2025-05-17 20:58:01,772 [DEBUG] 当前窗口状态: visible=True, active=False
2025-05-17 20:58:01,772 [DEBUG] 添加来电到待处理队列: gty
2025-05-17 20:58:01,773 [DEBUG] CALL_INCOMING已添加到待处理队列
2025-05-17 20:58:01,773 [DEBUG] ======= CALL_INCOMING详细调试信息结束 =======
2025-05-17 20:58:01,874 [DEBUG] 从待处理队列中处理来电: gty
2025-05-17 20:58:01,888 [DEBUG] 已显示通知窗口并从队列中移除: gty
2025-05-17 20:58:02,273 [DEBUG] 处理收到的消息: CALL_INCOMING|gty
2025-05-17 20:58:02,273 [DEBUG] ======= CALL_INCOMING详细调试信息 =======
2025-05-17 20:58:02,273 [DEBUG] 收到CALL_INCOMING消息: CALL_INCOMING|gty
2025-05-17 20:58:02,273 [DEBUG] 来电者: gty
2025-05-17 20:58:02,274 [DEBUG] 当前用户: why
2025-05-17 20:58:02,274 [DEBUG] 当前通话状态: in_call=False, call_target=None
2025-05-17 20:58:02,274 [DEBUG] 当前窗口状态: visible=True, active=False
2025-05-17 20:58:02,274 [DEBUG] 添加来电到待处理队列: gty
2025-05-17 20:58:02,274 [DEBUG] CALL_INCOMING已添加到待处理队列
2025-05-17 20:58:02,274 [DEBUG] ======= CALL_INCOMING详细调试信息结束 =======
2025-05-17 20:58:02,350 [DEBUG] 从待处理队列中处理来电: gty
2025-05-17 20:58:02,367 [DEBUG] 已显示通知窗口并从队列中移除: gty
2025-05-17 20:58:17,846 [DEBUG] 接受来电：gty
2025-05-17 20:58:17,846 [DEBUG] 准备发送CALL_ACCEPT: b'CALL_ACCEPT|why|gty|56207'
2025-05-17 20:58:17,847 [DEBUG] 已发送CALL_ACCEPT消息，本地UDP端口: 56207
2025-05-17 20:58:32,113 [DEBUG] 开始通话: is_caller=False, target_addr=None
2025-05-17 20:58:32,113 [DEBUG] 初始化音频播放器: output_device_index=6
2025-05-17 20:58:32,113 [DEBUG] 音频播放器已启动
2025-05-17 20:58:32,113 [WARNING] 没有目标地址，无法启动音频录制器
2025-05-17 20:58:32,114 [DEBUG] 使用输出设备: 主声音驱动程序
2025-05-17 20:58:32,114 [DEBUG] 设备信息: {'index': 6, 'structVersion': 2, 'name': '主声音驱动程序', 'hostApi': 1, 'maxInputChannels': 0, 'maxOutputChannels': 2, 'defaultLowInputLatency': 0.0, 'defaultLowOutputLatency': 0.12, 'defaultHighInputLatency': 0.0, 'defaultHighOutputLatency': 0.24, 'defaultSampleRate': 44100.0}
2025-05-17 20:58:32,117 [DEBUG] 已创建通话对话框(被叫方)
2025-05-17 20:58:32,366 [DEBUG] 开始音频播放...
