2025-05-17 15:33:36,060 [DEBUG] 初始化主窗口: 用户=why
2025-05-17 15:33:36,061 [DEBUG] 创建客户端线程
2025-05-17 15:33:36,061 [DEBUG] 客户端线程初始化
2025-05-17 15:33:36,061 [DEBUG] 开始初始化UDP音频服务
2025-05-17 15:33:36,061 [DEBUG] 分配随机UDP端口: 40519
2025-05-17 15:33:36,061 [DEBUG] 尝试绑定UDP端口: 40519
2025-05-17 15:33:36,062 [DEBUG] 客户端线程开始运行
2025-05-17 15:33:36,062 [DEBUG] UDP端口绑定成功: 40519
2025-05-17 15:33:36,063 [DEBUG] 创建UDP音频线程，端口: 40519
2025-05-17 15:33:36,063 [DEBUG] UDP音频线程启动成功
2025-05-17 15:33:36,063 [DEBUG] 发送UDP端口更新消息: UDP_PORT_UPDATE|why|40519
2025-05-17 15:33:36,073 [DEBUG] UDP音频服务初始化完成，端口: 40519
2025-05-17 15:33:36,092 [DEBUG] 初始化UI
2025-05-17 15:33:36,096 [DEBUG] 初始刷新好友和群组列表
2025-05-17 15:33:36,096 [DEBUG] 主窗口初始化完成，用户: why, UDP端口: 40519
2025-05-17 15:33:36,151 [DEBUG] 处理收到的消息: FRIEND_LIST|why_1:offline
2025-05-17 15:33:36,151 [DEBUG] 处理收到的消息: GROUP_LIST|1:first_grop|2:second_grop|3:third_grop|4:4
2025-05-17 15:33:45,222 [DEBUG] 处理收到的消息: FRIEND_ONLINE|why_1
2025-05-17 15:33:51,607 [DEBUG] 处理收到的消息: GROUP_MSG|1|why_1|1
2025-05-17 15:33:51,608 [DEBUG] 处理收到的消息: FRIEND_ONLINE|why_1
2025-05-17 15:33:52,659 [DEBUG] 处理收到的消息: GROUP_MEMBERS|why_1|why
2025-05-17 15:33:52,659 [DEBUG] 处理收到的消息: GROUP_HISTORY|user|why_1|1||user|why_1|2||user|why_1|3||user|why|1||user|why|2||user|why_1|1||user|why_1|2||anon|无名氏|匿名消息||anon|无名氏|啊||user|why_1|啊||user|why|[EMOJI]smart.png||user|why|[EMOJI]gif3.gif||user|why|[EMOJI]smart.png||user|why_1|[EMOJI]smart.png||user|why_1|[EMOJI]smart.png||user|why|[EMOJI]smirk.png||user|why|[EMOJI]smirk.png||user|why|[EMOJI]smirk.png||user|why_1|[EMOJI]gif3.gif||user|why|[EMOJI]smart.png||user|why|[EMOJI]smirk.png||user|why_1|1||user|why_1|1
2025-05-17 15:33:55,879 [DEBUG] 处理收到的消息: GROUP_MSG|1|why|2
2025-05-17 15:33:57,765 [DEBUG] 处理收到的消息: PRIVATE_HISTORY|why_1|1|why_1|[EMOJI]smart.png|why_1|[EMOJI]gif4.gif|why_1|[EMOJI]gif4.gif|why_1|[EMOJI]smart.png|why_1|[EMOJI]facepalm.png|why_1|[EMOJI]gif4.gif|why|1|why_1|[EMOJI]smirk.png|why|1|why_1|2|why_1|[EMOJI]smirk.png|why_1|[EMOJI]gif4.gif|why_1|[EMOJI]gif4.gif|why|[EMOJI]smart.png|why|[EMOJI]image_emoticon6.png|why|[EMOJI]image_emoticon6.png|why|[EMOJI]gif4.gif|why_1|[EMOJI]image_emoticon19.png|why|[EMOJI]gif4.gif|why_1|[EMOJI]image_emoticon31.png|why_1|诶呀|why_1|弄得差不多了|why|但是文件还不能下载，语音也打不通
2025-05-17 15:33:57,786 [DEBUG] 处理收到的消息: FILE_LIST|ConFuzzius_A_Data_Dependency-Aware_Hybrid_Fuzzer_for_Smart_Contracts.pdf|cxk.png|sFuzz_An_Efficient_Adaptive_Fuzzer_for_Solidity_Smart_Contracts.pdf|xijin.png|下载测试.txt
2025-05-17 15:33:58,832 [DEBUG] 处理收到的消息: PRIVATE_HISTORY|why_1|1|why_1|[EMOJI]smart.png|why_1|[EMOJI]gif4.gif|why_1|[EMOJI]gif4.gif|why_1|[EMOJI]smart.png|why_1|[EMOJI]facepalm.png|why_1|[EMOJI]gif4.gif|why|1|why_1|[EMOJI]smirk.png|why|1|why_1|2|why_1|[EMOJI]smirk.png|why_1|[EMOJI]gif4.gif|why_1|[EMOJI]gif4.gif|why|[EMOJI]smart.png|why|[EMOJI]image_emoticon6.png|why|[EMOJI]image_emoticon6.png|why|[EMOJI]gif4.gif|why_1|[EMOJI]image_emoticon19.png|why|[EMOJI]gif4.gif|why_1|[EMOJI]image_emoticon31.png|why_1|诶呀|why_1|弄得差不多了|why|但是文件还不能下载，语音也打不通
2025-05-17 15:33:58,878 [DEBUG] 处理收到的消息: FILE_LIST|ConFuzzius_A_Data_Dependency-Aware_Hybrid_Fuzzer_for_Smart_Contracts.pdf|cxk.png|sFuzz_An_Efficient_Adaptive_Fuzzer_for_Solidity_Smart_Contracts.pdf|xijin.png|下载测试.txt
2025-05-17 15:34:03,713 [DEBUG] 处理收到的消息: CALL_INCOMING|why_1
2025-05-17 15:34:03,713 [DEBUG] ======= CALL_INCOMING详细调试信息 =======
2025-05-17 15:34:03,713 [DEBUG] 收到CALL_INCOMING消息: CALL_INCOMING|why_1
2025-05-17 15:34:03,713 [DEBUG] 来电者: why_1
2025-05-17 15:34:03,713 [DEBUG] 当前用户: why
2025-05-17 15:34:03,713 [DEBUG] 当前通话状态: in_call=False, call_target=None
2025-05-17 15:34:03,713 [DEBUG] 当前窗口状态: visible=True, active=False
2025-05-17 15:34:03,714 [DEBUG] 添加来电到待处理队列: why_1
2025-05-17 15:34:03,714 [DEBUG] CALL_INCOMING已添加到待处理队列
2025-05-17 15:34:03,714 [DEBUG] ======= CALL_INCOMING详细调试信息结束 =======
2025-05-17 15:34:03,814 [DEBUG] 从待处理队列中处理来电: why_1
2025-05-17 15:34:03,838 [DEBUG] 已显示通知窗口并从队列中移除: why_1
2025-05-17 15:34:04,212 [DEBUG] 处理收到的消息: CALL_INCOMING|why_1
2025-05-17 15:34:04,213 [DEBUG] ======= CALL_INCOMING详细调试信息 =======
2025-05-17 15:34:04,213 [DEBUG] 收到CALL_INCOMING消息: CALL_INCOMING|why_1
2025-05-17 15:34:04,213 [DEBUG] 来电者: why_1
2025-05-17 15:34:04,214 [DEBUG] 当前用户: why
2025-05-17 15:34:04,214 [DEBUG] 当前通话状态: in_call=False, call_target=None
2025-05-17 15:34:04,214 [DEBUG] 当前窗口状态: visible=True, active=False
2025-05-17 15:34:04,214 [DEBUG] 添加来电到待处理队列: why_1
2025-05-17 15:34:04,214 [DEBUG] CALL_INCOMING已添加到待处理队列
2025-05-17 15:34:04,215 [DEBUG] ======= CALL_INCOMING详细调试信息结束 =======
2025-05-17 15:34:04,314 [DEBUG] 从待处理队列中处理来电: why_1
2025-05-17 15:34:04,325 [DEBUG] 已显示通知窗口并从队列中移除: why_1
2025-05-17 15:34:04,713 [DEBUG] 处理收到的消息: CALL_INCOMING|why_1
2025-05-17 15:34:04,714 [DEBUG] ======= CALL_INCOMING详细调试信息 =======
2025-05-17 15:34:04,714 [DEBUG] 收到CALL_INCOMING消息: CALL_INCOMING|why_1
2025-05-17 15:34:04,714 [DEBUG] 来电者: why_1
2025-05-17 15:34:04,714 [DEBUG] 当前用户: why
2025-05-17 15:34:04,715 [DEBUG] 当前通话状态: in_call=False, call_target=None
2025-05-17 15:34:04,715 [DEBUG] 当前窗口状态: visible=True, active=False
2025-05-17 15:34:04,715 [DEBUG] 添加来电到待处理队列: why_1
2025-05-17 15:34:04,715 [DEBUG] CALL_INCOMING已添加到待处理队列
2025-05-17 15:34:04,716 [DEBUG] ======= CALL_INCOMING详细调试信息结束 =======
2025-05-17 15:34:04,816 [DEBUG] 从待处理队列中处理来电: why_1
2025-05-17 15:34:04,828 [DEBUG] 已显示通知窗口并从队列中移除: why_1
2025-05-17 15:34:11,238 [DEBUG] 尝试发起语音通话
2025-05-17 15:34:11,238 [DEBUG] 发起语音通话请求：why -> why_1
2025-05-17 15:34:11,239 [DEBUG] 准备发送通话请求: CALL_REQUEST|why|why_1|40519
2025-05-17 15:34:11,239 [DEBUG] 已发送CALL_REQUEST消息，本地UDP端口: 40519
2025-05-17 15:34:11,247 [DEBUG] 已创建通话对话框(主叫方)
2025-05-17 15:34:12,743 [DEBUG] 处理收到的消息: CALL_RESPONSE|SENDING|why_1
2025-05-17 15:34:12,744 [DEBUG] 服务器确认正在向 why_1 发送通话请求
2025-05-17 15:34:15,623 [DEBUG] 处理收到的消息: CALL_INCOMING|why_1
2025-05-17 15:34:15,623 [DEBUG] ======= CALL_INCOMING详细调试信息 =======
2025-05-17 15:34:15,623 [DEBUG] 收到CALL_INCOMING消息: CALL_INCOMING|why_1
2025-05-17 15:34:15,623 [DEBUG] 来电者: why_1
2025-05-17 15:34:15,624 [DEBUG] 当前用户: why
2025-05-17 15:34:15,624 [DEBUG] 当前通话状态: in_call=False, call_target=None
2025-05-17 15:34:15,624 [DEBUG] 当前窗口状态: visible=True, active=False
2025-05-17 15:34:15,624 [DEBUG] 添加来电到待处理队列: why_1
2025-05-17 15:34:15,624 [DEBUG] CALL_INCOMING已添加到待处理队列
2025-05-17 15:34:15,624 [DEBUG] ======= CALL_INCOMING详细调试信息结束 =======
2025-05-17 15:34:15,725 [DEBUG] 从待处理队列中处理来电: why_1
2025-05-17 15:34:15,738 [DEBUG] 已显示通知窗口并从队列中移除: why_1
2025-05-17 15:34:16,123 [DEBUG] 处理收到的消息: CALL_INCOMING|why_1
2025-05-17 15:34:16,124 [DEBUG] ======= CALL_INCOMING详细调试信息 =======
2025-05-17 15:34:16,125 [DEBUG] 收到CALL_INCOMING消息: CALL_INCOMING|why_1
2025-05-17 15:34:16,125 [DEBUG] 来电者: why_1
2025-05-17 15:34:16,125 [DEBUG] 当前用户: why
2025-05-17 15:34:16,125 [DEBUG] 当前通话状态: in_call=False, call_target=None
2025-05-17 15:34:16,126 [DEBUG] 当前窗口状态: visible=True, active=False
2025-05-17 15:34:16,126 [DEBUG] 添加来电到待处理队列: why_1
2025-05-17 15:34:16,126 [DEBUG] CALL_INCOMING已添加到待处理队列
2025-05-17 15:34:16,127 [DEBUG] ======= CALL_INCOMING详细调试信息结束 =======
2025-05-17 15:34:16,227 [DEBUG] 从待处理队列中处理来电: why_1
2025-05-17 15:34:16,233 [DEBUG] 已显示通知窗口并从队列中移除: why_1
2025-05-17 15:34:16,625 [DEBUG] 处理收到的消息: CALL_INCOMING|why_1
2025-05-17 15:34:16,625 [DEBUG] ======= CALL_INCOMING详细调试信息 =======
2025-05-17 15:34:16,626 [DEBUG] 收到CALL_INCOMING消息: CALL_INCOMING|why_1
2025-05-17 15:34:16,626 [DEBUG] 来电者: why_1
2025-05-17 15:34:16,626 [DEBUG] 当前用户: why
2025-05-17 15:34:16,627 [DEBUG] 当前通话状态: in_call=False, call_target=None
2025-05-17 15:34:16,627 [DEBUG] 当前窗口状态: visible=True, active=False
2025-05-17 15:34:16,627 [DEBUG] 添加来电到待处理队列: why_1
2025-05-17 15:34:16,627 [DEBUG] CALL_INCOMING已添加到待处理队列
2025-05-17 15:34:16,627 [DEBUG] ======= CALL_INCOMING详细调试信息结束 =======
2025-05-17 15:34:16,728 [DEBUG] 从待处理队列中处理来电: why_1
2025-05-17 15:34:16,735 [DEBUG] 已显示通知窗口并从队列中移除: why_1
2025-05-17 15:34:18,899 [DEBUG] 尝试发起语音通话
2025-05-17 15:34:18,900 [DEBUG] 发起语音通话请求：why -> why_1
2025-05-17 15:34:18,900 [DEBUG] 准备发送通话请求: CALL_REQUEST|why|why_1|40519
2025-05-17 15:34:18,900 [DEBUG] 已发送CALL_REQUEST消息，本地UDP端口: 40519
2025-05-17 15:34:18,909 [DEBUG] 已创建通话对话框(主叫方)
2025-05-17 15:34:20,402 [DEBUG] 处理收到的消息: CALL_RESPONSE|SENDING|why_1
2025-05-17 15:34:20,403 [DEBUG] 服务器确认正在向 why_1 发送通话请求
2025-05-17 15:34:21,762 [DEBUG] 尝试发起语音通话
2025-05-17 15:34:21,762 [DEBUG] 发起语音通话请求：why -> why_1
2025-05-17 15:34:21,762 [DEBUG] 准备发送通话请求: CALL_REQUEST|why|why_1|40519
2025-05-17 15:34:21,762 [DEBUG] 已发送CALL_REQUEST消息，本地UDP端口: 40519
2025-05-17 15:34:21,769 [DEBUG] 已创建通话对话框(主叫方)
2025-05-17 15:34:23,265 [DEBUG] 处理收到的消息: CALL_RESPONSE|SENDING|why_1
2025-05-17 15:34:23,266 [DEBUG] 服务器确认正在向 why_1 发送通话请求
2025-05-17 15:37:26,451 [DEBUG] 处理收到的消息: FRIEND_OFFLINE|why_1
2025-05-17 15:37:27,794 [DEBUG] 停止客户端线程
2025-05-17 15:37:27,794 [WARNING] 服务器连接断开
2025-05-17 15:37:27,794 [DEBUG] 客户端线程结束
