2025-05-24 20:42:39,289 [DEBUG] 服务器地址 54.252.240.58 解析成功
2025-05-24 20:42:39,494 [DEBUG] 成功连接到服务器 54.252.240.58:12345
2025-05-24 20:42:39,495 [DEBUG] 服务器地址 54.252.240.58 解析成功
2025-05-24 20:42:39,703 [DEBUG] 成功连接到服务器 54.252.240.58:12345
2025-05-24 20:42:49,681 [DEBUG] 初始化主窗口: 用户=why
2025-05-24 20:42:49,681 [DEBUG] 创建客户端线程
2025-05-24 20:42:49,682 [DEBUG] 客户端线程初始化
2025-05-24 20:42:49,682 [DEBUG] 开始初始化UDP音频服务
2025-05-24 20:42:49,682 [DEBUG] 分配随机UDP端口: 55755
2025-05-24 20:42:49,682 [DEBUG] 客户端线程开始运行
2025-05-24 20:42:49,683 [DEBUG] 尝试绑定UDP端口: 55755
2025-05-24 20:42:49,692 [DEBUG] UDP端口绑定成功: 55755
2025-05-24 20:42:49,692 [DEBUG] 创建UDP音频线程，端口: 55755
2025-05-24 20:42:49,692 [DEBUG] UDP音频线程绑定到端口: 55755
2025-05-24 20:42:49,693 [DEBUG] UDP音频线程启动成功
2025-05-24 20:42:49,693 [DEBUG] 发送UDP端口更新消息: UDP_PORT_UPDATE|why|55755
2025-05-24 20:42:49,693 [DEBUG] UDP音频服务初始化完成，端口: 55755
2025-05-24 20:42:49,711 [DEBUG] 初始化UI
2025-05-24 20:42:49,715 [DEBUG] 初始刷新好友和群组列表
2025-05-24 20:42:49,715 [DEBUG] 主窗口初始化完成，用户: why, UDP端口: 55755
2025-05-24 20:42:50,208 [DEBUG] 处理收到的消息: FRIEND_LIST|
2025-05-24 20:42:54,321 [DEBUG] 处理收到的消息: FRIEND_LIST|why_1:online|gty:offline
2025-05-24 20:42:54,999 [DEBUG] 处理收到的消息: PRIVATE_HISTORY|why_1|1|why_1|[EMOJI]smart.png|why_1|[EMOJI]gif4.gif|why_1|[EMOJI]gif4.gif|why_1|[EMOJI]smart.png|why_1|[EMOJI]facepalm.png|why_1|[EMOJI]gif4.gif|why|1|why_1|[EMOJI]smirk.png|why|1|why_1|2|why_1|[EMOJI]smirk.png|why_1|[EMOJI]gif4.gif|why_1|[EMOJI]gif4.gif|why|[EMOJI]smart.png|why|[EMOJI]image_emoticon6.png|why|[EMOJI]image_emoticon6.png|why|[EMOJI]gif4.gif|why_1|[EMOJI]image_emoticon19.png|why|[EMOJI]gif4.gif|why_1|[EMOJI]image_emoticon31.png|why_1|诶呀|why_1|弄得差不多了|why|但是文件还不能下载，语音也打不通|why_1|[EMOJI]image_emoticon19.png|why_1|1|why|[EMOJI]gif2.gif|why|1|why|2|why|[EMOJI]image_emoticon19.png|why_1|[EMOJI]gif4.gif|why|[EMOJI]image_emoticon31.png
2025-05-24 20:43:04,582 [DEBUG] 处理收到的消息: CALL_INCOMING|why_1
2025-05-24 20:43:04,582 [DEBUG] 收到CALL_INCOMING消息: CALL_INCOMING|why_1
2025-05-24 20:43:04,582 [DEBUG] 来电者: why_1
2025-05-24 20:43:04,582 [DEBUG] 添加来电到待处理队列: why_1
2025-05-24 20:43:04,692 [DEBUG] 从待处理队列中处理来电: why_1
2025-05-24 20:43:04,721 [DEBUG] 已显示通知窗口并从队列中移除: why_1
2025-05-24 20:43:06,855 [DEBUG] 接受来电：why_1
2025-05-24 20:43:06,855 [DEBUG] 准备发送CALL_ACCEPT: b'CALL_ACCEPT|why|why_1|55755'
2025-05-24 20:43:06,855 [DEBUG] 已发送CALL_ACCEPT消息，本地UDP端口: 55755
2025-05-24 20:43:06,873 [DEBUG] 已创建通话对话框(被叫方)
2025-05-24 20:43:10,676 [DEBUG] 开始通话: is_caller=False, target_addr=None
2025-05-24 20:43:10,677 [WARNING] 没有目标地址，等待对方接受通话
2025-05-24 20:43:10,677 [ERROR] 接收方没有目标地址，这是一个错误
2025-05-24 20:43:10,677 [DEBUG] 结束通话
2025-05-24 20:43:10,677 [ERROR] 断开音频接收信号失败: 'method' object is not connected
2025-05-24 20:43:15,436 [DEBUG] 处理收到的消息: FRIEND_OFFLINE|why_1
2025-05-24 20:49:46,598 [WARNING] 服务器连接断开
2025-05-24 20:49:46,598 [DEBUG] 客户端线程结束
2025-05-24 20:49:56,642 [DEBUG] 停止客户端线程
2025-05-24 20:49:56,647 [DEBUG] 服务器地址 54.252.240.58 解析成功
2025-05-24 20:49:56,840 [DEBUG] 成功连接到服务器 54.252.240.58:12345
