2025-05-26 17:03:08,363 [DEBUG] 服务器地址 127.0.0.1 解析成功
2025-05-26 17:03:08,364 [DEBUG] 成功连接到服务器 127.0.0.1:12345
2025-05-26 17:03:08,365 [DEBUG] 服务器地址 127.0.0.1 解析成功
2025-05-26 17:03:08,375 [DEBUG] 成功连接到服务器 127.0.0.1:12345
2025-05-26 17:03:12,969 [DEBUG] 初始化主窗口: 用户=2
2025-05-26 17:03:12,970 [DEBUG] 创建客户端线程
2025-05-26 17:03:12,971 [DEBUG] 客户端线程初始化
2025-05-26 17:03:12,971 [DEBUG] 客户端线程开始运行
2025-05-26 17:03:12,972 [DEBUG] 开始预加载表情...
2025-05-26 17:03:13,003 [DEBUG] 预加载完成，共 12 个表情
2025-05-26 17:03:13,003 [DEBUG] 初始化UI
2025-05-26 17:03:13,007 [DEBUG] 初始刷新好友和群组列表
2025-05-26 17:03:13,007 [DEBUG] 主窗口初始化完成，用户: 2, UDP端口: None
2025-05-26 17:03:13,108 [DEBUG] 开始延迟刷新好友和群组列表
2025-05-26 17:03:13,108 [DEBUG] 发送消息: GET_FRIENDS|2, 长度: 14 字节
2025-05-26 17:03:13,110 [DEBUG] 发送消息: GET_GROUPS|2, 长度: 13 字节
2025-05-26 17:03:13,110 [DEBUG] 延迟刷新完成
2025-05-26 17:03:13,111 [DEBUG] 处理收到的消息: FRIEND_LIST|1:online
2025-05-26 17:03:13,112 [DEBUG] 处理收到的消息: GROUP_LIST|6:6
2025-05-26 17:03:19,374 [DEBUG] 发送消息: GET_PRIVATE_HISTORY|2|1, 长度: 24 字节
2025-05-26 17:03:19,404 [DEBUG] 发送消息: FILE_LIST|2|1, 长度: 14 字节
2025-05-26 17:03:19,406 [DEBUG] 处理收到的消息: PRIVATE_HISTORY|error|获取历史记录失败
2025-05-26 17:03:19,424 [DEBUG] 处理收到的消息: FILE_LIST|cxk.png
2025-05-26 17:03:28,524 [DEBUG] 发送消息: EMOJI|1|image_emoticon19.png, 长度: 29 字节
2025-05-26 17:03:37,676 [DEBUG] 发送消息: LOGOUT|, 长度: 8 字节
2025-05-26 17:03:37,676 [DEBUG] 停止客户端线程
2025-05-26 17:03:38,414 [DEBUG] 客户端线程结束
