2025-05-17 11:06:23,951 [DEBUG] 初始化主窗口: 用户=why_1
2025-05-17 11:06:23,952 [DEBUG] 创建客户端线程
2025-05-17 11:06:23,952 [DEBUG] 客户端线程初始化
2025-05-17 11:06:23,953 [DEBUG] 开始初始化UDP音频服务
2025-05-17 11:06:23,953 [DEBUG] 客户端线程开始运行
2025-05-17 11:06:23,953 [DEBUG] 分配随机UDP端口: 47754
2025-05-17 11:06:23,955 [DEBUG] 尝试绑定UDP端口: 47754
2025-05-17 11:06:23,956 [DEBUG] UDP端口绑定成功: 47754
2025-05-17 11:06:23,959 [DEBUG] 创建UDP音频线程，端口: 47754
2025-05-17 11:06:23,963 [DEBUG] UDP音频线程启动成功
2025-05-17 11:06:23,965 [DEBUG] 发送UDP端口更新消息: UDP_PORT_UPDATE|why_1|47754
2025-05-17 11:06:23,970 [DEBUG] UDP音频服务初始化完成，端口: 47754
2025-05-17 11:06:23,990 [DEBUG] 初始化UI
2025-05-17 11:06:23,994 [DEBUG] 初始刷新好友和群组列表
2025-05-17 11:06:23,994 [DEBUG] 主窗口初始化完成，用户: why_1, UDP端口: 47754
2025-05-17 11:06:24,038 [DEBUG] 处理收到的消息: FRIEND_LIST|why:online
2025-05-17 11:06:24,041 [DEBUG] 处理收到的消息: GROUP_LIST|1:first_grop|2:second_grop|3:third_grop|4:4
2025-05-17 11:06:46,973 [DEBUG] 处理收到的消息: PRIVATE_HISTORY|why_1|1|why_1|[EMOJI]smart.png|why_1|[EMOJI]gif4.gif|why_1|[EMOJI]gif4.gif|why_1|[EMOJI]smart.png|why_1|[EMOJI]facepalm.png|why_1|[EMOJI]gif4.gif|why|1|why_1|[EMOJI]smirk.png|why|1|why_1|2|why_1|[EMOJI]smirk.png|why_1|[EMOJI]gif4.gif|why_1|[EMOJI]gif4.gif|why|[EMOJI]smart.png|why|[EMOJI]image_emoticon6.png|why|[EMOJI]image_emoticon6.png|why|[EMOJI]gif4.gif
2025-05-17 11:06:54,813 [DEBUG] 处理收到的消息: FRIEND_OFFLINE|why
2025-05-17 11:06:57,504 [DEBUG] 停止客户端线程
2025-05-17 11:06:57,505 [WARNING] 服务器连接断开
2025-05-17 11:06:57,506 [DEBUG] 客户端线程结束
2025-05-17 11:06:58,325 [DEBUG] 停止客户端线程
