2025-05-16 23:27:34,661 [DEBUG] 初始化主窗口: 用户=why_1
2025-05-16 23:27:34,663 [DEBUG] 创建客户端线程
2025-05-16 23:27:34,667 [DEBUG] 客户端线程初始化
2025-05-16 23:27:34,668 [DEBUG] 开始初始化UDP音频服务
2025-05-16 23:27:34,669 [DEBUG] 客户端线程开始运行
2025-05-16 23:27:34,670 [DEBUG] 分配随机UDP端口: 60096
2025-05-16 23:27:34,684 [DEBUG] 尝试绑定UDP端口: 60096
2025-05-16 23:27:34,687 [DEBUG] UDP端口绑定成功: 60096
2025-05-16 23:27:34,693 [DEBUG] 创建UDP音频线程，端口: 60096
2025-05-16 23:27:34,709 [DEBUG] UDP音频线程启动成功
2025-05-16 23:27:34,714 [DEBUG] 发送UDP端口更新消息: UDP_PORT_UPDATE|why_1|60096
2025-05-16 23:27:34,726 [DEBUG] UDP音频服务初始化完成，端口: 60096
2025-05-16 23:27:34,783 [DEBUG] 初始化UI
2025-05-16 23:27:34,789 [DEBUG] 初始刷新好友和群组列表
2025-05-16 23:27:34,791 [DEBUG] 主窗口初始化完成，用户: why_1, UDP端口: 60096
2025-05-16 23:27:34,871 [DEBUG] 处理收到的消息: FRIEND_LIST|why:online
2025-05-16 23:27:34,873 [DEBUG] 处理收到的消息: GROUP_LIST|1:first_grop|2:second_grop|3:third_grop|4:4
2025-05-16 23:27:39,354 [DEBUG] 处理收到的消息: PRIVATE_HISTORY|why_1|1|why_1|[EMOJI]smart.png|why_1|[EMOJI]gif4.gif|why_1|[EMOJI]gif4.gif|why_1|[EMOJI]smart.png|why_1|[EMOJI]facepalm.png|why_1|[EMOJI]gif4.gif|why|1|why_1|[EMOJI]smirk.png|why|1|why_1|2|why_1|[EMOJI]smirk.png|why_1|[EMOJI]gif4.gif|why_1|[EMOJI]gif4.gif
2025-05-16 23:27:41,930 [DEBUG] 尝试发起语音通话
2025-05-16 23:27:41,931 [DEBUG] 发起语音通话请求：why_1 -> why
2025-05-16 23:27:41,934 [DEBUG] 准备发送通话请求: CALL_REQUEST|why_1|why|60096
2025-05-16 23:27:41,938 [DEBUG] 已发送CALL_REQUEST消息，本地UDP端口: 60096
2025-05-16 23:27:41,969 [DEBUG] 已创建通话对话框(主叫方)
2025-05-16 23:27:53,670 [DEBUG] 尝试发起语音通话
2025-05-16 23:27:53,671 [DEBUG] 发起语音通话请求：why_1 -> why
2025-05-16 23:27:53,673 [DEBUG] 准备发送通话请求: CALL_REQUEST|why_1|why|60096
2025-05-16 23:27:53,675 [DEBUG] 已发送CALL_REQUEST消息，本地UDP端口: 60096
2025-05-16 23:27:53,702 [DEBUG] 已创建通话对话框(主叫方)
2025-05-16 23:28:00,992 [DEBUG] 处理收到的消息: PRIVATE_HISTORY|why_1|1|why_1|[EMOJI]smart.png|why_1|[EMOJI]gif4.gif|why_1|[EMOJI]gif4.gif|why_1|[EMOJI]smart.png|why_1|[EMOJI]facepalm.png|why_1|[EMOJI]gif4.gif|why|1|why_1|[EMOJI]smirk.png|why|1|why_1|2|why_1|[EMOJI]smirk.png|why_1|[EMOJI]gif4.gif|why_1|[EMOJI]gif4.gif
2025-05-16 23:28:02,308 [DEBUG] 处理收到的消息: PRIVATE_HISTORY|why_1|1|why_1|[EMOJI]smart.png|why_1|[EMOJI]gif4.gif|why_1|[EMOJI]gif4.gif|why_1|[EMOJI]smart.png|why_1|[EMOJI]facepalm.png|why_1|[EMOJI]gif4.gif|why|1|why_1|[EMOJI]smirk.png|why|1|why_1|2|why_1|[EMOJI]smirk.png|why_1|[EMOJI]gif4.gif|why_1|[EMOJI]gif4.gif
2025-05-16 23:28:18,063 [DEBUG] 尝试发起语音通话
2025-05-16 23:28:18,064 [WARNING] 已在通话中，无法发起新通话
2025-05-16 23:28:31,274 [DEBUG] 停止客户端线程
2025-05-16 23:28:31,275 [WARNING] 服务器连接断开
2025-05-16 23:28:31,277 [DEBUG] 客户端线程结束
2025-05-16 23:28:32,703 [DEBUG] 停止客户端线程
