2025-05-16 23:07:56,110 [DEBUG] 初始化主窗口: 用户=why_1
2025-05-16 23:07:56,112 [DEBUG] 创建客户端线程
2025-05-16 23:07:56,128 [DEBUG] 客户端线程初始化
2025-05-16 23:07:56,134 [DEBUG] 开始初始化UDP音频服务
2025-05-16 23:07:56,136 [DEBUG] 计算得到初始UDP端口: 40218
2025-05-16 23:07:56,138 [DEBUG] 客户端线程开始运行
2025-05-16 23:07:56,142 [DEBUG] 尝试绑定UDP端口: 40218
2025-05-16 23:07:56,156 [DEBUG] UDP端口绑定成功: 40218
2025-05-16 23:07:56,165 [DEBUG] 创建UDP音频线程，端口: 40218
2025-05-16 23:07:56,182 [DEBUG] UDP音频线程启动成功
2025-05-16 23:07:56,187 [DEBUG] 发送UDP端口更新消息: UDP_PORT_UPDATE|why_1|40218
2025-05-16 23:07:56,203 [DEBUG] UDP音频服务初始化完成，端口: 40218
2025-05-16 23:07:56,270 [DEBUG] 初始化UI
2025-05-16 23:07:56,277 [DEBUG] 初始刷新好友和群组列表
2025-05-16 23:07:56,278 [DEBUG] 主窗口初始化完成，用户: why_1, UDP端口: 40218
2025-05-16 23:07:56,278 [DEBUG] 接收到消息: FRIEND_LIST|why:online
2025-05-16 23:07:56,306 [DEBUG] 接收到消息: GROUP_LIST|1:first_grop|2:second_grop|3:third_grop|4:4
2025-05-16 23:07:56,387 [DEBUG] 处理收到的消息: FRIEND_LIST|why:online
2025-05-16 23:07:56,395 [DEBUG] 处理收到的消息: GROUP_LIST|1:first_grop|2:second_grop|3:third_grop|4:4
2025-05-16 23:08:00,627 [DEBUG] 接收到消息: PRIVATE_HISTORY|why_1|1|why_1|[EMOJI]smart.png|why_1|[EMOJI]gif4.gif|why_1|[EMOJI]gif4.gif|why_1|[EMOJI]smart.png|why_1|[EMOJI]facepalm.png|why_1|[EMOJI]gif4.gif|why|1|why_1|[EMOJI]smirk.png|why|1|why_1|2
2025-05-16 23:08:00,636 [DEBUG] 处理收到的消息: PRIVATE_HISTORY|why_1|1|why_1|[EMOJI]smart.png|why_1|[EMOJI]gif4.gif|why_1|[EMOJI]gif4.gif|why_1|[EMOJI]smart.png|why_1|[EMOJI]facepalm.png|why_1|[EMOJI]gif4.gif|why|1|why_1|[EMOJI]smirk.png|why|1|why_1|2
2025-05-16 23:08:06,919 [DEBUG] 尝试发起语音通话
2025-05-16 23:08:06,919 [DEBUG] 发起语音通话请求：why_1 -> why
2025-05-16 23:08:06,922 [DEBUG] 准备发送通话请求: CALL_REQUEST|why_1|why|40218
2025-05-16 23:08:06,923 [DEBUG] 已发送CALL_REQUEST消息，本地UDP端口: 40218
2025-05-16 23:08:06,951 [DEBUG] 已创建通话对话框(主叫方)
2025-05-16 23:08:35,187 [DEBUG] 接收到消息: FRIEND_OFFLINE|why
2025-05-16 23:08:35,194 [DEBUG] 处理收到的消息: FRIEND_OFFLINE|why
2025-05-16 23:08:40,516 [DEBUG] 接收到消息: GROUP_MEMBERS|why_1|why
2025-05-16 23:08:40,517 [DEBUG] 接收到消息: GROUP_HISTORY|user|why_1|1||user|why_1|2||user|why_1|3||user|why|1||user|why|2||user|why_1|1||user|why_1|2||anon|无名氏|匿名消息||anon|无名氏|啊||user|why_1|啊||user|why|[EMOJI]smart.png||user|why|[EMOJI]gif3.gif||user|why|[EMOJI]smart.png||user|why_1|[EMOJI]smart.png||user|why_1|[EMOJI]smart.png||user|why|[EMOJI]smirk.png||user|why|[EMOJI]smirk.png||user|why|[EMOJI]smirk.png||user|why_1|[EMOJI]gif3.gif||user|why|[EMOJI]smart.png||user|why|[EMOJI]smirk.png|
2025-05-16 23:08:40,523 [DEBUG] 处理收到的消息: GROUP_MEMBERS|why_1|why
2025-05-16 23:08:40,524 [DEBUG] 处理收到的消息: GROUP_HISTORY|user|why_1|1||user|why_1|2||user|why_1|3||user|why|1||user|why|2||user|why_1|1||user|why_1|2||anon|无名氏|匿名消息||anon|无名氏|啊||user|why_1|啊||user|why|[EMOJI]smart.png||user|why|[EMOJI]gif3.gif||user|why|[EMOJI]smart.png||user|why_1|[EMOJI]smart.png||user|why_1|[EMOJI]smart.png||user|why|[EMOJI]smirk.png||user|why|[EMOJI]smirk.png||user|why|[EMOJI]smirk.png||user|why_1|[EMOJI]gif3.gif||user|why|[EMOJI]smart.png||user|why|[EMOJI]smirk.png|
2025-05-16 23:08:44,530 [DEBUG] 接收到消息: GROUP_MSG|1|why_1|1|
2025-05-16 23:08:44,539 [DEBUG] 处理收到的消息: GROUP_MSG|1|why_1|1|
2025-05-16 23:08:46,764 [DEBUG] 停止客户端线程
2025-05-16 23:08:46,765 [WARNING] 服务器连接断开
2025-05-16 23:08:46,768 [DEBUG] 客户端线程结束
2025-05-16 23:08:48,039 [DEBUG] 停止客户端线程
