2025-05-17 20:48:11,050 [DEBUG] 初始化主窗口: 用户=why
2025-05-17 20:48:11,050 [DEBUG] 创建客户端线程
2025-05-17 20:48:11,050 [DEBUG] 客户端线程初始化
2025-05-17 20:48:11,051 [DEBUG] 开始初始化UDP音频服务
2025-05-17 20:48:11,051 [DEBUG] 分配随机UDP端口: 41721
2025-05-17 20:48:11,051 [DEBUG] 客户端线程开始运行
2025-05-17 20:48:11,051 [DEBUG] 尝试绑定UDP端口: 41721
2025-05-17 20:48:11,052 [DEBUG] UDP端口绑定成功: 41721
2025-05-17 20:48:11,052 [DEBUG] 创建UDP音频线程，端口: 41721
2025-05-17 20:48:11,052 [DEBUG] UDP音频线程绑定到端口: 41721
2025-05-17 20:48:11,052 [DEBUG] UDP音频线程启动成功
2025-05-17 20:48:11,064 [DEBUG] 发送UDP端口更新消息: UDP_PORT_UPDATE|why|41721
2025-05-17 20:48:11,064 [DEBUG] UDP音频服务初始化完成，端口: 41721
2025-05-17 20:48:11,080 [DEBUG] 初始化UI
2025-05-17 20:48:11,084 [DEBUG] 初始刷新好友和群组列表
2025-05-17 20:48:11,085 [DEBUG] 主窗口初始化完成，用户: why, UDP端口: 41721
2025-05-17 20:48:11,129 [DEBUG] 处理收到的消息: FRIEND_LIST|why_1:offline|gty:online
2025-05-17 20:48:11,130 [DEBUG] 处理收到的消息: GROUP_LIST|1:first_grop|2:second_grop|3:third_grop|4:4
2025-05-17 20:48:12,465 [DEBUG] 处理收到的消息: PRIVATE_HISTORY|gty|1|why|2|gty|[EMOJI]gif4.gif|gty|[EMOJI]image_emoticon31.png|gty|[EMOJI]image_emoticon6.png
2025-05-17 20:48:12,479 [DEBUG] 处理收到的消息: FILE_LIST|
2025-05-17 20:48:19,952 [DEBUG] 处理收到的消息: CALL_INCOMING|gty
2025-05-17 20:48:19,953 [DEBUG] ======= CALL_INCOMING详细调试信息 =======
2025-05-17 20:48:19,953 [DEBUG] 收到CALL_INCOMING消息: CALL_INCOMING|gty
2025-05-17 20:48:19,953 [DEBUG] 来电者: gty
2025-05-17 20:48:19,953 [DEBUG] 当前用户: why
2025-05-17 20:48:19,953 [DEBUG] 当前通话状态: in_call=False, call_target=None
2025-05-17 20:48:19,953 [DEBUG] 当前窗口状态: visible=True, active=True
2025-05-17 20:48:19,953 [DEBUG] 添加来电到待处理队列: gty
2025-05-17 20:48:19,953 [DEBUG] CALL_INCOMING已添加到待处理队列
2025-05-17 20:48:19,954 [DEBUG] ======= CALL_INCOMING详细调试信息结束 =======
2025-05-17 20:48:20,054 [DEBUG] 从待处理队列中处理来电: gty
2025-05-17 20:48:20,079 [DEBUG] 已显示通知窗口并从队列中移除: gty
2025-05-17 20:48:20,453 [DEBUG] 处理收到的消息: CALL_INCOMING|gty
2025-05-17 20:48:20,453 [DEBUG] ======= CALL_INCOMING详细调试信息 =======
2025-05-17 20:48:20,453 [DEBUG] 收到CALL_INCOMING消息: CALL_INCOMING|gty
2025-05-17 20:48:20,453 [DEBUG] 来电者: gty
2025-05-17 20:48:20,453 [DEBUG] 当前用户: why
2025-05-17 20:48:20,454 [DEBUG] 当前通话状态: in_call=False, call_target=None
2025-05-17 20:48:20,454 [DEBUG] 当前窗口状态: visible=True, active=False
2025-05-17 20:48:20,454 [DEBUG] 添加来电到待处理队列: gty
2025-05-17 20:48:20,454 [DEBUG] CALL_INCOMING已添加到待处理队列
2025-05-17 20:48:20,454 [DEBUG] ======= CALL_INCOMING详细调试信息结束 =======
2025-05-17 20:48:20,554 [DEBUG] 从待处理队列中处理来电: gty
2025-05-17 20:48:20,567 [DEBUG] 已显示通知窗口并从队列中移除: gty
2025-05-17 20:48:20,954 [DEBUG] 处理收到的消息: CALL_INCOMING|gty
2025-05-17 20:48:20,954 [DEBUG] ======= CALL_INCOMING详细调试信息 =======
2025-05-17 20:48:20,954 [DEBUG] 收到CALL_INCOMING消息: CALL_INCOMING|gty
2025-05-17 20:48:20,954 [DEBUG] 来电者: gty
2025-05-17 20:48:20,954 [DEBUG] 当前用户: why
2025-05-17 20:48:20,954 [DEBUG] 当前通话状态: in_call=False, call_target=None
2025-05-17 20:48:20,955 [DEBUG] 当前窗口状态: visible=True, active=False
2025-05-17 20:48:20,955 [DEBUG] 添加来电到待处理队列: gty
2025-05-17 20:48:20,955 [DEBUG] CALL_INCOMING已添加到待处理队列
2025-05-17 20:48:20,955 [DEBUG] ======= CALL_INCOMING详细调试信息结束 =======
2025-05-17 20:48:21,055 [DEBUG] 从待处理队列中处理来电: gty
2025-05-17 20:48:21,072 [DEBUG] 已显示通知窗口并从队列中移除: gty
2025-05-17 20:48:33,336 [DEBUG] 接受来电：gty
2025-05-17 20:48:33,336 [DEBUG] 准备发送CALL_ACCEPT: b'CALL_ACCEPT|why|gty|41721'
2025-05-17 20:48:33,337 [DEBUG] 已发送CALL_ACCEPT消息，本地UDP端口: 41721
2025-05-17 20:48:48,908 [DEBUG] 开始通话: is_caller=False, target_addr=None
2025-05-17 20:48:48,908 [DEBUG] 初始化音频播放器: output_device_index=10
2025-05-17 20:48:48,908 [DEBUG] 音频播放器已启动
2025-05-17 20:48:48,908 [WARNING] 没有目标地址，无法启动音频录制器
2025-05-17 20:48:48,908 [DEBUG] 使用输出设备: Speakers 1 (Realtek HD Audio output with SST)
2025-05-17 20:48:48,908 [DEBUG] 设备信息: {'index': 10, 'structVersion': 2, 'name': 'Speakers 1 (Realtek HD Audio output with SST)', 'hostApi': 3, 'maxInputChannels': 0, 'maxOutputChannels': 2, 'defaultLowInputLatency': 0.01, 'defaultLowOutputLatency': 0.01, 'defaultHighInputLatency': 0.04, 'defaultHighOutputLatency': 0.04, 'defaultSampleRate': 44100.0}
2025-05-17 20:48:48,912 [DEBUG] 已创建通话对话框(被叫方)
2025-05-17 20:48:48,912 [ERROR] 播放初始化错误: [Errno -9999] Unanticipated host error
2025-05-17 20:49:32,015 [DEBUG] 处理收到的消息: FRIEND_OFFLINE|gty
2025-05-17 20:57:27,628 [DEBUG] 停止客户端线程
2025-05-17 20:57:27,628 [WARNING] 服务器连接断开
2025-05-17 20:57:27,629 [DEBUG] 客户端线程结束
