2025-05-16 23:42:01,154 [DEBUG] 初始化主窗口: 用户=why
2025-05-16 23:42:01,155 [DEBUG] 创建客户端线程
2025-05-16 23:42:01,155 [DEBUG] 客户端线程初始化
2025-05-16 23:42:01,156 [DEBUG] 开始初始化UDP音频服务
2025-05-16 23:42:01,156 [DEBUG] 分配随机UDP端口: 53208
2025-05-16 23:42:01,157 [DEBUG] 客户端线程开始运行
2025-05-16 23:42:01,157 [DEBUG] 尝试绑定UDP端口: 53208
2025-05-16 23:42:01,158 [DEBUG] UDP端口绑定成功: 53208
2025-05-16 23:42:01,159 [DEBUG] 创建UDP音频线程，端口: 53208
2025-05-16 23:42:01,159 [DEBUG] UDP音频线程启动成功
2025-05-16 23:42:01,160 [DEBUG] 发送UDP端口更新消息: UDP_PORT_UPDATE|why|53208
2025-05-16 23:42:01,161 [DEBUG] UDP音频服务初始化完成，端口: 53208
2025-05-16 23:42:01,214 [DEBUG] 初始化UI
2025-05-16 23:42:01,235 [DEBUG] 初始刷新好友和群组列表
2025-05-16 23:42:01,236 [DEBUG] 主窗口初始化完成，用户: why, UDP端口: 53208
2025-05-16 23:42:01,326 [DEBUG] 处理收到的消息: FRIEND_LIST|why_1:offline
2025-05-16 23:42:01,328 [DEBUG] 处理收到的消息: GROUP_LIST|1:first_grop|2:second_grop|3:third_grop|4:4
2025-05-16 23:47:34,654 [DEBUG] 处理收到的消息: FRIEND_LIST|why_1:offline
2025-05-16 23:48:40,319 [DEBUG] 处理收到的消息: FRIEND_ONLINE|why_1
2025-05-16 23:49:02,351 [DEBUG] 处理收到的消息: PRIVATE_HISTORY|why_1|1|why_1|[EMOJI]smart.png|why_1|[EMOJI]gif4.gif|why_1|[EMOJI]gif4.gif|why_1|[EMOJI]smart.png|why_1|[EMOJI]facepalm.png|why_1|[EMOJI]gif4.gif|why|1|why_1|[EMOJI]smirk.png|why|1|why_1|2|why_1|[EMOJI]smirk.png|why_1|[EMOJI]gif4.gif|why_1|[EMOJI]gif4.gif
2025-05-16 23:49:04,153 [DEBUG] 尝试发起语音通话
2025-05-16 23:49:04,153 [DEBUG] 发起语音通话请求：why -> why_1
2025-05-16 23:49:04,154 [DEBUG] 准备发送通话请求: CALL_REQUEST|why|why_1|53208
2025-05-16 23:49:04,154 [DEBUG] 已发送CALL_REQUEST消息，本地UDP端口: 53208
2025-05-16 23:49:04,200 [DEBUG] 已创建通话对话框(主叫方)
2025-05-16 23:49:07,636 [DEBUG] 尝试发起语音通话
2025-05-16 23:49:07,637 [DEBUG] 发起语音通话请求：why -> why_1
2025-05-16 23:49:07,637 [DEBUG] 准备发送通话请求: CALL_REQUEST|why|why_1|53208
2025-05-16 23:49:07,637 [DEBUG] 已发送CALL_REQUEST消息，本地UDP端口: 53208
2025-05-16 23:49:07,654 [DEBUG] 已创建通话对话框(主叫方)
2025-05-16 23:49:12,637 [DEBUG] 尝试发起语音通话
2025-05-16 23:49:12,638 [DEBUG] 发起语音通话请求：why -> why_1
2025-05-16 23:49:12,638 [DEBUG] 准备发送通话请求: CALL_REQUEST|why|why_1|53208
2025-05-16 23:49:12,638 [DEBUG] 已发送CALL_REQUEST消息，本地UDP端口: 53208
2025-05-16 23:49:12,650 [DEBUG] 已创建通话对话框(主叫方)
2025-05-16 23:49:21,668 [DEBUG] 停止客户端线程
2025-05-16 23:49:21,668 [WARNING] 服务器连接断开
2025-05-16 23:49:21,669 [DEBUG] 客户端线程结束
2025-05-16 23:49:23,418 [DEBUG] 停止客户端线程
