2025-05-17 16:55:00,519 [DEBUG] 初始化主窗口: 用户=why_1
2025-05-17 16:55:00,520 [DEBUG] 创建客户端线程
2025-05-17 16:55:00,525 [DEBUG] 客户端线程初始化
2025-05-17 16:55:00,530 [DEBUG] 开始初始化UDP音频服务
2025-05-17 16:55:00,531 [DEBUG] 客户端线程开始运行
2025-05-17 16:55:00,531 [DEBUG] 分配随机UDP端口: 60512
2025-05-17 16:55:00,533 [DEBUG] 尝试绑定UDP端口: 60512
2025-05-17 16:55:00,535 [DEBUG] UDP端口绑定成功: 60512
2025-05-17 16:55:00,536 [DEBUG] 创建UDP音频线程，端口: 60512
2025-05-17 16:55:00,539 [DEBUG] UDP音频线程启动成功
2025-05-17 16:55:00,542 [DEBUG] 发送UDP端口更新消息: UDP_PORT_UPDATE|why_1|60512
2025-05-17 16:55:00,544 [DEBUG] UDP音频服务初始化完成，端口: 60512
2025-05-17 16:55:00,595 [DEBUG] 初始化UI
2025-05-17 16:55:00,603 [DEBUG] 初始刷新好友和群组列表
2025-05-17 16:55:00,604 [DEBUG] 主窗口初始化完成，用户: why_1, UDP端口: 60512
2025-05-17 16:55:00,717 [DEBUG] 处理收到的消息: FRIEND_LIST|why:online
2025-05-17 16:55:00,718 [DEBUG] 处理收到的消息: GROUP_LIST|1:first_grop|2:second_grop|3:third_grop|4:4
2025-05-17 16:55:03,297 [DEBUG] 处理收到的消息: PRIVATE_HISTORY|why_1|1|why_1|[EMOJI]smart.png|why_1|[EMOJI]gif4.gif|why_1|[EMOJI]gif4.gif|why_1|[EMOJI]smart.png|why_1|[EMOJI]facepalm.png|why_1|[EMOJI]gif4.gif|why|1|why_1|[EMOJI]smirk.png|why|1|why_1|2|why_1|[EMOJI]smirk.png|why_1|[EMOJI]gif4.gif|why_1|[EMOJI]gif4.gif|why|[EMOJI]smart.png|why|[EMOJI]image_emoticon6.png|why|[EMOJI]image_emoticon6.png|why|[EMOJI]gif4.gif|why_1|[EMOJI]image_emoticon19.png|why|[EMOJI]gif4.gif|why_1|[EMOJI]image_emoticon31.png|why_1|诶呀|why_1|弄得差不多了|why|但是文件还不能下载，语音也打不通
2025-05-17 16:55:03,419 [DEBUG] 处理收到的消息: FILE_LIST|
2025-05-17 16:55:26,217 [DEBUG] 处理收到的消息: CHUNK_OK|0
2025-05-17 16:57:02,258 [DEBUG] 处理收到的消息: FRIEND_OFFLINE|why
2025-05-17 16:57:04,941 [ERROR] 连接被重置
2025-05-17 16:57:04,942 [DEBUG] 客户端线程结束
2025-05-17 16:57:09,673 [DEBUG] 停止客户端线程
