2025-05-25 20:11:18,892 [DEBUG] 服务器地址 127.0.0.1 解析成功
2025-05-25 20:11:18,893 [DEBUG] 成功连接到服务器 127.0.0.1:12345
2025-05-25 20:11:18,894 [DEBUG] 服务器地址 127.0.0.1 解析成功
2025-05-25 20:11:18,905 [DEBUG] 成功连接到服务器 127.0.0.1:12345
2025-05-25 20:11:25,570 [DEBUG] 初始化主窗口: 用户=why
2025-05-25 20:11:25,571 [DEBUG] 创建客户端线程
2025-05-25 20:11:25,571 [DEBUG] 客户端线程初始化
2025-05-25 20:11:25,571 [DEBUG] 开始初始化UDP音频服务
2025-05-25 20:11:25,571 [DEBUG] 分配随机UDP端口: 40432
2025-05-25 20:11:25,571 [DEBUG] 客户端线程开始运行
2025-05-25 20:11:25,572 [DEBUG] 尝试绑定UDP端口: 40432
2025-05-25 20:11:25,581 [DEBUG] UDP端口绑定成功: 40432
2025-05-25 20:11:25,581 [DEBUG] 创建UDP音频线程，端口: 40432
2025-05-25 20:11:25,581 [DEBUG] UDP音频线程绑定到端口: 40432
2025-05-25 20:11:25,581 [DEBUG] UDP音频线程启动成功
2025-05-25 20:11:25,582 [DEBUG] 发送UDP端口更新消息: UDP_PORT_UPDATE|why|40432
2025-05-25 20:11:25,582 [DEBUG] UDP音频服务初始化完成，端口: 40432
2025-05-25 20:11:25,599 [DEBUG] 初始化UI
2025-05-25 20:11:25,602 [DEBUG] 初始刷新好友和群组列表
2025-05-25 20:11:25,603 [DEBUG] 主窗口初始化完成，用户: why, UDP端口: 40432
2025-05-25 20:11:25,648 [DEBUG] 处理收到的消息: FRIEND_LIST|why_1:online|gty:offline
2025-05-25 20:11:25,649 [DEBUG] 处理收到的消息: GROUP_LIST|1:first_grop|2:second_grop|3:third_grop|4:4|5:5
2025-05-25 20:11:26,554 [DEBUG] 处理收到的消息: PRIVATE_HISTORY|why_1|1|why_1|[EMOJI]smart.png|why_1|[EMOJI]gif4.gif|why_1|[EMOJI]gif4.gif|why_1|[EMOJI]smart.png|why_1|[EMOJI]facepalm.png|why_1|[EMOJI]gif4.gif|why|1|why_1|[EMOJI]smirk.png|why|1|why_1|2|why_1|[EMOJI]smirk.png|why_1|[EMOJI]gif4.gif|why_1|[EMOJI]gif4.gif|why|[EMOJI]smart.png|why|[EMOJI]image_emoticon6.png|why|[EMOJI]image_emoticon6.png|why|[EMOJI]gif4.gif|why_1|[EMOJI]image_emoticon19.png|why|[EMOJI]gif4.gif|why_1|[EMOJI]image_emoticon31.png|why_1|诶呀|why_1|弄得差不多了|why|但是文件还不能下载，语音也打不通|why_1|[EMOJI]image_emoticon19.png|why_1|1|why|[EMOJI]gif2.gif|why|1|why|2|why|[EMOJI]image_emoticon19.png|why|[EMOJI]image_emoticon19.png
2025-05-25 20:11:26,651 [DEBUG] 处理收到的消息: FILE_LIST|client_20250516_225953.log|cxk.png|facepalm.png|main.py
2025-05-25 20:11:31,226 [DEBUG] 处理收到的消息: PRIVATE_HISTORY|why_1|1|why_1|[EMOJI]smart.png|why_1|[EMOJI]gif4.gif|why_1|[EMOJI]gif4.gif|why_1|[EMOJI]smart.png|why_1|[EMOJI]facepalm.png|why_1|[EMOJI]gif4.gif|why|1|why_1|[EMOJI]smirk.png|why|1|why_1|2|why_1|[EMOJI]smirk.png|why_1|[EMOJI]gif4.gif|why_1|[EMOJI]gif4.gif|why|[EMOJI]smart.png|why|[EMOJI]image_emoticon6.png|why|[EMOJI]image_emoticon6.png|why|[EMOJI]gif4.gif|why_1|[EMOJI]image_emoticon19.png|why|[EMOJI]gif4.gif|why_1|[EMOJI]image_emoticon31.png|why_1|诶呀|why_1|弄得差不多了|why|但是文件还不能下载，语音也打不通|why_1|[EMOJI]image_emoticon19.png|why_1|1|why|[EMOJI]gif2.gif|why|1|why|2|why|[EMOJI]image_emoticon19.png|why|[EMOJI]image_emoticon19.png
2025-05-25 20:11:31,286 [DEBUG] 处理收到的消息: FILE_LIST|client_20250516_225953.log|cxk.png|facepalm.png|main.py
