2025-05-17 11:48:24,261 [DEBUG] 初始化主窗口: 用户=why
2025-05-17 11:48:24,261 [DEBUG] 创建客户端线程
2025-05-17 11:48:24,261 [DEBUG] 客户端线程初始化
2025-05-17 11:48:24,262 [DEBUG] 开始初始化UDP音频服务
2025-05-17 11:48:24,262 [DEBUG] 分配随机UDP端口: 54416
2025-05-17 11:48:24,262 [DEBUG] 尝试绑定UDP端口: 54416
2025-05-17 11:48:24,262 [DEBUG] 客户端线程开始运行
2025-05-17 11:48:24,262 [DEBUG] UDP端口绑定成功: 54416
2025-05-17 11:48:24,263 [DEBUG] 创建UDP音频线程，端口: 54416
2025-05-17 11:48:24,263 [DEBUG] UDP音频线程启动成功
2025-05-17 11:48:24,263 [DEBUG] 发送UDP端口更新消息: UDP_PORT_UPDATE|why|54416
2025-05-17 11:48:24,273 [DEBUG] UDP音频服务初始化完成，端口: 54416
2025-05-17 11:48:24,290 [DEBUG] 初始化UI
2025-05-17 11:48:24,293 [DEBUG] 初始刷新好友和群组列表
2025-05-17 11:48:24,294 [DEBUG] 主窗口初始化完成，用户: why, UDP端口: 54416
2025-05-17 11:48:24,340 [DEBUG] 处理收到的消息: FRIEND_LIST|why_1:offline
2025-05-17 11:48:24,341 [DEBUG] 处理收到的消息: GROUP_LIST|1:first_grop|2:second_grop|3:third_grop|4:4
2025-05-17 11:48:26,780 [DEBUG] 处理收到的消息: PRIVATE_HISTORY|why_1|1|why_1|[EMOJI]smart.png|why_1|[EMOJI]gif4.gif|why_1|[EMOJI]gif4.gif|why_1|[EMOJI]smart.png|why_1|[EMOJI]facepalm.png|why_1|[EMOJI]gif4.gif|why|1|why_1|[EMOJI]smirk.png|why|1|why_1|2|why_1|[EMOJI]smirk.png|why_1|[EMOJI]gif4.gif|why_1|[EMOJI]gif4.gif|why|[EMOJI]smart.png|why|[EMOJI]image_emoticon6.png|why|[EMOJI]image_emoticon6.png|why|[EMOJI]gif4.gif|why_1|[EMOJI]image_emoticon19.png|why|[EMOJI]gif4.gif
2025-05-17 11:48:26,822 [DEBUG] 处理收到的消息: FILE_LIST|2022级通信工程专业学生绩点及排名公示-截至2025年3月17日.pdf|ConFuzzius_A_Data_Dependency-Aware_Hybrid_Fuzzer_for_Smart_Contracts.pdf|main1.py
2025-05-17 11:48:30,169 [DEBUG] 处理收到的消息: PRIVATE_HISTORY|why_1|1|why_1|[EMOJI]smart.png|why_1|[EMOJI]gif4.gif|why_1|[EMOJI]gif4.gif|why_1|[EMOJI]smart.png|why_1|[EMOJI]facepalm.png|why_1|[EMOJI]gif4.gif|why|1|why_1|[EMOJI]smirk.png|why|1|why_1|2|why_1|[EMOJI]smirk.png|why_1|[EMOJI]gif4.gif|why_1|[EMOJI]gif4.gif|why|[EMOJI]smart.png|why|[EMOJI]image_emoticon6.png|why|[EMOJI]image_emoticon6.png|why|[EMOJI]gif4.gif|why_1|[EMOJI]image_emoticon19.png|why|[EMOJI]gif4.gif
2025-05-17 11:48:30,206 [DEBUG] 处理收到的消息: FILE_LIST|2022级通信工程专业学生绩点及排名公示-截至2025年3月17日.pdf|ConFuzzius_A_Data_Dependency-Aware_Hybrid_Fuzzer_for_Smart_Contracts.pdf|main1.py
2025-05-17 11:48:31,105 [DEBUG] 处理收到的消息: FRIEND_LIST|why_1:offline
2025-05-17 11:48:36,779 [DEBUG] 停止客户端线程
2025-05-17 11:48:36,780 [WARNING] 服务器连接断开
2025-05-17 11:48:36,780 [DEBUG] 客户端线程结束
2025-05-17 11:48:38,022 [DEBUG] 停止客户端线程
2025-05-17 11:49:15,458 [DEBUG] 初始化主窗口: 用户=why
2025-05-17 11:49:15,459 [DEBUG] 创建客户端线程
2025-05-17 11:49:15,459 [DEBUG] 客户端线程初始化
2025-05-17 11:49:15,459 [DEBUG] 开始初始化UDP音频服务
2025-05-17 11:49:15,459 [DEBUG] 分配随机UDP端口: 49817
2025-05-17 11:49:15,459 [DEBUG] 客户端线程开始运行
2025-05-17 11:49:15,459 [DEBUG] 尝试绑定UDP端口: 49817
2025-05-17 11:49:15,460 [DEBUG] UDP端口绑定成功: 49817
2025-05-17 11:49:15,460 [DEBUG] 创建UDP音频线程，端口: 49817
2025-05-17 11:49:15,460 [DEBUG] UDP音频线程启动成功
2025-05-17 11:49:15,460 [DEBUG] 发送UDP端口更新消息: UDP_PORT_UPDATE|why|49817
2025-05-17 11:49:15,461 [DEBUG] UDP音频服务初始化完成，端口: 49817
2025-05-17 11:49:15,462 [DEBUG] 初始化UI
2025-05-17 11:49:15,466 [DEBUG] 初始刷新好友和群组列表
2025-05-17 11:49:15,466 [DEBUG] 主窗口初始化完成，用户: why, UDP端口: 49817
2025-05-17 11:49:15,494 [DEBUG] 处理收到的消息: FRIEND_LIST|why_1:offline
2025-05-17 11:49:15,494 [DEBUG] 处理收到的消息: GROUP_LIST|1:first_grop|2:second_grop|3:third_grop|4:4
2025-05-17 11:49:25,989 [DEBUG] 处理收到的消息: FRIEND_ONLINE|why_1
2025-05-17 11:49:48,044 [DEBUG] 处理收到的消息: FRIEND_OFFLINE|why_1
2025-05-17 11:49:50,995 [DEBUG] 停止客户端线程
2025-05-17 11:49:50,996 [WARNING] 服务器连接断开
2025-05-17 11:49:50,997 [DEBUG] 客户端线程结束
2025-05-17 11:49:51,827 [DEBUG] 停止客户端线程
