2025-05-17 14:39:59,963 [DEBUG] 初始化主窗口: 用户=why_1
2025-05-17 14:39:59,964 [DEBUG] 创建客户端线程
2025-05-17 14:39:59,976 [DEBUG] 客户端线程初始化
2025-05-17 14:39:59,977 [DEBUG] 开始初始化UDP音频服务
2025-05-17 14:39:59,977 [DEBUG] 客户端线程开始运行
2025-05-17 14:39:59,978 [DEBUG] 分配随机UDP端口: 53453
2025-05-17 14:39:59,978 [DEBUG] 尝试绑定UDP端口: 53453
2025-05-17 14:39:59,978 [DEBUG] UDP端口绑定成功: 53453
2025-05-17 14:39:59,978 [DEBUG] 创建UDP音频线程，端口: 53453
2025-05-17 14:39:59,980 [DEBUG] UDP音频线程启动成功
2025-05-17 14:39:59,983 [DEBUG] 发送UDP端口更新消息: UDP_PORT_UPDATE|why_1|53453
2025-05-17 14:39:59,984 [DEBUG] UDP音频服务初始化完成，端口: 53453
2025-05-17 14:40:00,012 [DEBUG] 初始化UI
2025-05-17 14:40:00,015 [DEBUG] 初始刷新好友和群组列表
2025-05-17 14:40:00,016 [DEBUG] 主窗口初始化完成，用户: why_1, UDP端口: 53453
2025-05-17 14:40:00,065 [DEBUG] 处理收到的消息: FRIEND_LIST|why:offline
2025-05-17 14:40:00,067 [DEBUG] 处理收到的消息: GROUP_LIST|1:first_grop|2:second_grop|3:third_grop|4:4
2025-05-17 14:40:05,953 [DEBUG] 处理收到的消息: FRIEND_ONLINE|why
2025-05-17 14:40:07,736 [DEBUG] 处理收到的消息: PRIVATE_HISTORY|why_1|1|why_1|[EMOJI]smart.png|why_1|[EMOJI]gif4.gif|why_1|[EMOJI]gif4.gif|why_1|[EMOJI]smart.png|why_1|[EMOJI]facepalm.png|why_1|[EMOJI]gif4.gif|why|1|why_1|[EMOJI]smirk.png|why|1|why_1|2|why_1|[EMOJI]smirk.png|why_1|[EMOJI]gif4.gif|why_1|[EMOJI]gif4.gif|why|[EMOJI]smart.png|why|[EMOJI]image_emoticon6.png|why|[EMOJI]image_emoticon6.png|why|[EMOJI]gif4.gif|why_1|[EMOJI]image_emoticon19.png|why|[EMOJI]gif4.gif|why_1|[EMOJI]image_emoticon31.png
2025-05-17 14:40:07,802 [DEBUG] 处理收到的消息: FILE_LIST|ConFuzzius_A_Data_Dependency-Aware_Hybrid_Fuzzer_for_Smart_Contracts.pdf|cxk.png|sFuzz_An_Efficient_Adaptive_Fuzzer_for_Solidity_Smart_Contracts.pdf|xijin.png|下载测试.txt
2025-05-17 14:40:41,928 [DEBUG] 处理收到的消息: MSG|why|但是文件还不能下载，语音也打不通
2025-05-17 14:41:00,800 [DEBUG] 处理收到的消息: CALL_INCOMING|why
2025-05-17 14:41:00,804 [DEBUG] ======= CALL_INCOMING详细调试信息 =======
2025-05-17 14:41:00,804 [DEBUG] 收到CALL_INCOMING消息: CALL_INCOMING|why
2025-05-17 14:41:00,805 [DEBUG] 来电者: why
2025-05-17 14:41:00,805 [DEBUG] 当前用户: why_1
2025-05-17 14:41:00,805 [DEBUG] 当前通话状态: in_call=False, call_target=None
2025-05-17 14:41:00,806 [DEBUG] 当前窗口状态: visible=True, active=False
2025-05-17 14:41:00,806 [DEBUG] 添加来电到待处理队列: why
2025-05-17 14:41:00,807 [DEBUG] CALL_INCOMING已添加到待处理队列
2025-05-17 14:41:00,810 [DEBUG] ======= CALL_INCOMING详细调试信息结束 =======
2025-05-17 14:41:00,908 [DEBUG] 从待处理队列中处理来电: why
2025-05-17 14:41:00,935 [DEBUG] 已显示通知窗口并从队列中移除: why
2025-05-17 14:41:01,300 [DEBUG] 处理收到的消息: CALL_INCOMING|why
2025-05-17 14:41:01,302 [DEBUG] ======= CALL_INCOMING详细调试信息 =======
2025-05-17 14:41:01,302 [DEBUG] 收到CALL_INCOMING消息: CALL_INCOMING|why
2025-05-17 14:41:01,303 [DEBUG] 来电者: why
2025-05-17 14:41:01,303 [DEBUG] 当前用户: why_1
2025-05-17 14:41:01,303 [DEBUG] 当前通话状态: in_call=False, call_target=None
2025-05-17 14:41:01,304 [DEBUG] 当前窗口状态: visible=True, active=False
2025-05-17 14:41:01,304 [DEBUG] 添加来电到待处理队列: why
2025-05-17 14:41:01,304 [DEBUG] CALL_INCOMING已添加到待处理队列
2025-05-17 14:41:01,305 [DEBUG] ======= CALL_INCOMING详细调试信息结束 =======
2025-05-17 14:41:01,405 [DEBUG] 从待处理队列中处理来电: why
2025-05-17 14:41:01,414 [DEBUG] 已显示通知窗口并从队列中移除: why
2025-05-17 14:41:01,800 [DEBUG] 处理收到的消息: CALL_INCOMING|why
2025-05-17 14:41:01,802 [DEBUG] ======= CALL_INCOMING详细调试信息 =======
2025-05-17 14:41:01,802 [DEBUG] 收到CALL_INCOMING消息: CALL_INCOMING|why
2025-05-17 14:41:01,803 [DEBUG] 来电者: why
2025-05-17 14:41:01,803 [DEBUG] 当前用户: why_1
2025-05-17 14:41:01,804 [DEBUG] 当前通话状态: in_call=False, call_target=None
2025-05-17 14:41:01,804 [DEBUG] 当前窗口状态: visible=True, active=False
2025-05-17 14:41:01,804 [DEBUG] 添加来电到待处理队列: why
2025-05-17 14:41:01,805 [DEBUG] CALL_INCOMING已添加到待处理队列
2025-05-17 14:41:01,805 [DEBUG] ======= CALL_INCOMING详细调试信息结束 =======
2025-05-17 14:41:01,906 [DEBUG] 从待处理队列中处理来电: why
2025-05-17 14:41:01,914 [DEBUG] 已显示通知窗口并从队列中移除: why
2025-05-17 14:41:08,621 [DEBUG] 尝试发起语音通话
2025-05-17 14:41:08,622 [DEBUG] 发起语音通话请求：why_1 -> why
2025-05-17 14:41:08,623 [DEBUG] 准备发送通话请求: CALL_REQUEST|why_1|why|53453
2025-05-17 14:41:08,623 [DEBUG] 已发送CALL_REQUEST消息，本地UDP端口: 53453
2025-05-17 14:41:08,631 [DEBUG] 已创建通话对话框(主叫方)
2025-05-17 14:41:10,126 [DEBUG] 处理收到的消息: CALL_RESPONSE|SENDING|why
2025-05-17 14:41:10,128 [DEBUG] 服务器确认正在向 why 发送通话请求
2025-05-17 14:41:20,916 [DEBUG] 处理收到的消息: GROUP_MEMBERS|why_1|why
2025-05-17 14:41:20,916 [DEBUG] 处理收到的消息: GROUP_HISTORY|user|why_1|1||user|why_1|2||user|why_1|3||user|why|1||user|why|2||user|why_1|1||user|why_1|2||anon|无名氏|匿名消息||anon|无名氏|啊||user|why_1|啊||user|why|[EMOJI]smart.png||user|why|[EMOJI]gif3.gif||user|why|[EMOJI]smart.png||user|why_1|[EMOJI]smart.png||user|why_1|[EMOJI]smart.png||user|why|[EMOJI]smirk.png||user|why|[EMOJI]smirk.png||user|why|[EMOJI]smirk.png||user|why_1|[EMOJI]gif3.gif||user|why|[EMOJI]smart.png||user|why|[EMOJI]smirk.png||user|why_1|1|
2025-05-17 14:41:26,048 [DEBUG] 处理收到的消息: FRIEND_OFFLINE|why
2025-05-17 14:41:27,064 [DEBUG] 停止客户端线程
2025-05-17 14:41:27,064 [WARNING] 服务器连接断开
2025-05-17 14:41:27,066 [DEBUG] 客户端线程结束
