2025-05-17 19:52:52,339 [DEBUG] 初始化主窗口: 用户=why
2025-05-17 19:52:52,339 [DEBUG] 创建客户端线程
2025-05-17 19:52:52,340 [DEBUG] 客户端线程初始化
2025-05-17 19:52:52,340 [DEBUG] 开始初始化UDP音频服务
2025-05-17 19:52:52,340 [DEBUG] 分配随机UDP端口: 54181
2025-05-17 19:52:52,340 [DEBUG] 客户端线程开始运行
2025-05-17 19:52:52,341 [DEBUG] 尝试绑定UDP端口: 54181
2025-05-17 19:52:52,341 [DEBUG] UDP端口绑定成功: 54181
2025-05-17 19:52:52,341 [DEBUG] 创建UDP音频线程，端口: 54181
2025-05-17 19:52:52,342 [DEBUG] UDP音频线程启动成功
2025-05-17 19:52:52,342 [DEBUG] 发送UDP端口更新消息: UDP_PORT_UPDATE|why|54181
2025-05-17 19:52:52,351 [DEBUG] UDP音频服务初始化完成，端口: 54181
2025-05-17 19:52:52,385 [DEBUG] 初始化UI
2025-05-17 19:52:52,391 [DEBUG] 初始刷新好友和群组列表
2025-05-17 19:52:52,391 [DEBUG] 主窗口初始化完成，用户: why, UDP端口: 54181
2025-05-17 19:52:52,427 [DEBUG] 处理收到的消息: FRIEND_LIST|why_1:online
2025-05-17 19:52:52,428 [DEBUG] 处理收到的消息: GROUP_LIST|1:first_grop|2:second_grop|3:third_grop|4:4
2025-05-17 19:53:52,077 [DEBUG] 处理收到的消息: FRIEND_LIST|why_1:online
2025-05-17 19:53:52,961 [DEBUG] 处理收到的消息: FRIEND_LIST|why_1:online
2025-05-17 19:53:54,903 [DEBUG] 停止客户端线程
2025-05-17 19:53:54,903 [WARNING] 服务器连接断开
2025-05-17 19:53:54,904 [DEBUG] 客户端线程结束
