2025-05-17 12:10:14,354 [DEBUG] 初始化主窗口: 用户=why_1
2025-05-17 12:10:14,355 [DEBUG] 创建客户端线程
2025-05-17 12:10:14,356 [DEBUG] 客户端线程初始化
2025-05-17 12:10:14,357 [DEBUG] 开始初始化UDP音频服务
2025-05-17 12:10:14,357 [DEBUG] 客户端线程开始运行
2025-05-17 12:10:14,357 [DEBUG] 分配随机UDP端口: 55348
2025-05-17 12:10:14,357 [DEBUG] 尝试绑定UDP端口: 55348
2025-05-17 12:10:14,358 [DEBUG] UDP端口绑定成功: 55348
2025-05-17 12:10:14,358 [DEBUG] 创建UDP音频线程，端口: 55348
2025-05-17 12:10:14,359 [DEBUG] UDP音频线程启动成功
2025-05-17 12:10:14,359 [DEBUG] 发送UDP端口更新消息: UDP_PORT_UPDATE|why_1|55348
2025-05-17 12:10:14,370 [DEBUG] UDP音频服务初始化完成，端口: 55348
2025-05-17 12:10:14,391 [DEBUG] 初始化UI
2025-05-17 12:10:14,395 [DEBUG] 初始刷新好友和群组列表
2025-05-17 12:10:14,395 [DEBUG] 主窗口初始化完成，用户: why_1, UDP端口: 55348
2025-05-17 12:10:14,442 [DEBUG] 处理收到的消息: FRIEND_LIST|why:online
2025-05-17 12:10:14,443 [DEBUG] 处理收到的消息: GROUP_LIST|1:first_grop|2:second_grop|3:third_grop|4:4
2025-05-17 12:10:50,770 [DEBUG] 处理收到的消息: FRIEND_OFFLINE|why
2025-05-17 12:12:35,270 [ERROR] 连接被重置
2025-05-17 12:12:35,270 [DEBUG] 客户端线程结束
2025-05-17 12:12:38,498 [DEBUG] 停止客户端线程
