2025-05-17 12:12:53,888 [DEBUG] 初始化主窗口: 用户=why
2025-05-17 12:12:53,889 [DEBUG] 创建客户端线程
2025-05-17 12:12:53,889 [DEBUG] 客户端线程初始化
2025-05-17 12:12:53,889 [DEBUG] 开始初始化UDP音频服务
2025-05-17 12:12:53,890 [DEBUG] 分配随机UDP端口: 62812
2025-05-17 12:12:53,890 [DEBUG] 客户端线程开始运行
2025-05-17 12:12:53,890 [DEBUG] 尝试绑定UDP端口: 62812
2025-05-17 12:12:53,890 [DEBUG] UDP端口绑定成功: 62812
2025-05-17 12:12:53,891 [DEBUG] 创建UDP音频线程，端口: 62812
2025-05-17 12:12:53,891 [DEBUG] UDP音频线程启动成功
2025-05-17 12:12:53,891 [DEBUG] 发送UDP端口更新消息: UDP_PORT_UPDATE|why|62812
2025-05-17 12:12:53,901 [DEBUG] UDP音频服务初始化完成，端口: 62812
2025-05-17 12:12:53,918 [DEBUG] 初始化UI
2025-05-17 12:12:53,921 [DEBUG] 初始刷新好友和群组列表
2025-05-17 12:12:53,922 [DEBUG] 主窗口初始化完成，用户: why, UDP端口: 62812
2025-05-17 12:12:53,969 [DEBUG] 处理收到的消息: FRIEND_LIST|why_1:offline
2025-05-17 12:12:53,970 [DEBUG] 处理收到的消息: GROUP_LIST|1:first_grop|2:second_grop|3:third_grop|4:4
2025-05-17 12:13:06,831 [DEBUG] 处理收到的消息: FRIEND_ONLINE|why_1
2025-05-17 12:13:09,933 [DEBUG] 处理收到的消息: PRIVATE_HISTORY|why_1|1|why_1|[EMOJI]smart.png|why_1|[EMOJI]gif4.gif|why_1|[EMOJI]gif4.gif|why_1|[EMOJI]smart.png|why_1|[EMOJI]facepalm.png|why_1|[EMOJI]gif4.gif|why|1|why_1|[EMOJI]smirk.png|why|1|why_1|2|why_1|[EMOJI]smirk.png|why_1|[EMOJI]gif4.gif|why_1|[EMOJI]gif4.gif|why|[EMOJI]smart.png|why|[EMOJI]image_emoticon6.png|why|[EMOJI]image_emoticon6.png|why|[EMOJI]gif4.gif|why_1|[EMOJI]image_emoticon19.png|why|[EMOJI]gif4.gif
2025-05-17 12:13:09,985 [DEBUG] 处理收到的消息: FILE_LIST|ConFuzzius_A_Data_Dependency-Aware_Hybrid_Fuzzer_for_Smart_Contracts.pdf
2025-05-17 12:13:12,980 [DEBUG] 处理收到的消息: EMOJI|why_1|image_emoticon31.png
2025-05-17 12:15:06,021 [DEBUG] 停止客户端线程
2025-05-17 12:15:06,021 [WARNING] 服务器连接断开
2025-05-17 12:15:06,022 [DEBUG] 客户端线程结束
2025-05-17 12:15:07,017 [DEBUG] 停止客户端线程
