2025-05-17 14:38:04,537 [DEBUG] 初始化主窗口: 用户=why
2025-05-17 14:38:04,538 [DEBUG] 创建客户端线程
2025-05-17 14:38:04,538 [DEBUG] 客户端线程初始化
2025-05-17 14:38:04,538 [DEBUG] 开始初始化UDP音频服务
2025-05-17 14:38:04,539 [DEBUG] 客户端线程开始运行
2025-05-17 14:38:04,539 [DEBUG] 分配随机UDP端口: 41300
2025-05-17 14:38:04,539 [DEBUG] 尝试绑定UDP端口: 41300
2025-05-17 14:38:04,539 [DEBUG] UDP端口绑定成功: 41300
2025-05-17 14:38:04,539 [DEBUG] 创建UDP音频线程，端口: 41300
2025-05-17 14:38:04,540 [DEBUG] UDP音频线程启动成功
2025-05-17 14:38:04,540 [DEBUG] 发送UDP端口更新消息: UDP_PORT_UPDATE|why|41300
2025-05-17 14:38:04,540 [DEBUG] UDP音频服务初始化完成，端口: 41300
2025-05-17 14:38:04,558 [DEBUG] 初始化UI
2025-05-17 14:38:04,561 [DEBUG] 初始刷新好友和群组列表
2025-05-17 14:38:04,563 [DEBUG] 主窗口初始化完成，用户: why, UDP端口: 41300
2025-05-17 14:38:04,611 [DEBUG] 处理收到的消息: FRIEND_LIST|why_1:offline
2025-05-17 14:38:04,612 [DEBUG] 处理收到的消息: GROUP_LIST|1:first_grop|2:second_grop|3:third_grop|4:4
2025-05-17 14:38:06,213 [DEBUG] 处理收到的消息: GROUP_MEMBERS|why_1|why
2025-05-17 14:38:06,213 [DEBUG] 处理收到的消息: GROUP_HISTORY|user|why_1|1||user|why_1|2||user|why_1|3||user|why|1||user|why|2||user|why_1|1||user|why_1|2||anon|无名氏|匿名消息||anon|无名氏|啊||user|why_1|啊||user|why|[EMOJI]smart.png||user|why|[EMOJI]gif3.gif||user|why|[EMOJI]smart.png||user|why_1|[EMOJI]smart.png||user|why_1|[EMOJI]smart.png||user|why|[EMOJI]smirk.png||user|why|[EMOJI]smirk.png||user|why|[EMOJI]smirk.png||user|why_1|[EMOJI]gif3.gif||user|why|[EMOJI]smart.png||user|why|[EMOJI]smirk.png||user|why_1|1|
2025-05-17 14:38:07,544 [DEBUG] 停止客户端线程
2025-05-17 14:38:07,545 [WARNING] 服务器连接断开
2025-05-17 14:38:07,545 [DEBUG] 客户端线程结束
