2025-05-19 14:07:34,812 [DEBUG] 服务器地址 127.0.0.1 解析成功
2025-05-19 14:07:34,826 [DEBUG] 成功连接到服务器 127.0.0.1:12345
2025-05-19 14:07:34,829 [DEBUG] 服务器地址 127.0.0.1 解析成功
2025-05-19 14:07:34,841 [DEBUG] 成功连接到服务器 127.0.0.1:12345
2025-05-19 14:08:19,157 [DEBUG] 初始化主窗口: 用户=why
2025-05-19 14:08:19,157 [DEBUG] 创建客户端线程
2025-05-19 14:08:19,158 [DEBUG] 客户端线程初始化
2025-05-19 14:08:19,158 [DEBUG] 开始初始化UDP音频服务
2025-05-19 14:08:19,159 [DEBUG] 分配随机UDP端口: 41443
2025-05-19 14:08:19,159 [DEBUG] 客户端线程开始运行
2025-05-19 14:08:19,159 [DEBUG] 尝试绑定UDP端口: 41443
2025-05-19 14:08:19,180 [DEBUG] UDP端口绑定成功: 41443
2025-05-19 14:08:19,180 [DEBUG] 创建UDP音频线程，端口: 41443
2025-05-19 14:08:19,181 [DEBUG] UDP音频线程绑定到端口: 41443
2025-05-19 14:08:19,182 [DEBUG] UDP音频线程启动成功
2025-05-19 14:08:19,182 [DEBUG] 发送UDP端口更新消息: UDP_PORT_UPDATE|why|41443
2025-05-19 14:08:19,183 [DEBUG] UDP音频服务初始化完成，端口: 41443
2025-05-19 14:08:19,251 [DEBUG] 初始化UI
2025-05-19 14:08:19,264 [DEBUG] 初始刷新好友和群组列表
2025-05-19 14:08:19,264 [DEBUG] 主窗口初始化完成，用户: why, UDP端口: 41443
2025-05-19 14:08:19,351 [DEBUG] 处理收到的消息: FRIEND_LIST|why_1:offline|gty:offline
2025-05-19 14:08:19,352 [DEBUG] 处理收到的消息: GROUP_LIST|1:first_grop|2:second_grop|3:third_grop|4:4
2025-05-19 14:08:27,750 [DEBUG] 停止客户端线程
2025-05-19 14:08:27,751 [WARNING] 服务器连接断开
2025-05-19 14:08:27,752 [DEBUG] 客户端线程结束
