2025-05-25 20:16:31,978 [DEBUG] 服务器地址 54.252.240.58 解析成功
2025-05-25 20:16:32,222 [DEBUG] 成功连接到服务器 54.252.240.58:12345
2025-05-25 20:16:32,223 [DEBUG] 服务器地址 54.252.240.58 解析成功
2025-05-25 20:16:32,470 [DEBUG] 成功连接到服务器 54.252.240.58:12345
2025-05-25 20:16:38,632 [DEBUG] 初始化主窗口: 用户=why
2025-05-25 20:16:38,632 [DEBUG] 创建客户端线程
2025-05-25 20:16:38,633 [DEBUG] 客户端线程初始化
2025-05-25 20:16:38,633 [DEBUG] 开始初始化UDP音频服务
2025-05-25 20:16:38,633 [DEBUG] 分配随机UDP端口: 62223
2025-05-25 20:16:38,633 [DEBUG] 尝试绑定UDP端口: 62223
2025-05-25 20:16:38,634 [DEBUG] UDP端口绑定成功: 62223
2025-05-25 20:16:38,634 [DEBUG] 创建UDP音频线程，端口: 62223
2025-05-25 20:16:38,634 [DEBUG] UDP音频线程绑定到端口: 62223
2025-05-25 20:16:38,634 [DEBUG] UDP音频线程启动成功
2025-05-25 20:16:38,634 [DEBUG] 发送UDP端口更新消息: UDP_PORT_UPDATE|why|62223
2025-05-25 20:16:38,635 [DEBUG] UDP音频服务初始化完成，端口: 62223
2025-05-25 20:16:38,654 [DEBUG] 客户端线程开始运行
2025-05-25 20:16:38,658 [DEBUG] 初始化UI
2025-05-25 20:16:38,662 [DEBUG] 初始刷新好友和群组列表
2025-05-25 20:16:38,662 [DEBUG] 主窗口初始化完成，用户: why, UDP端口: 62223
2025-05-25 20:16:39,170 [DEBUG] 处理收到的消息: FRIEND_LIST|
2025-05-25 20:16:39,974 [DEBUG] 处理收到的消息: FRIEND_LIST|why_1:offline|gty:offline
2025-05-25 20:16:52,016 [DEBUG] 处理收到的消息: FRIEND_ONLINE|why_1
2025-05-25 20:16:57,397 [DEBUG] 处理收到的消息: PRIVATE_HISTORY|why_1|1|why_1|[EMOJI]smart.png|why_1|[EMOJI]gif4.gif|why_1|[EMOJI]gif4.gif|why_1|[EMOJI]smart.png|why_1|[EMOJI]facepalm.png|why_1|[EMOJI]gif4.gif|why|1|why_1|[EMOJI]smirk.png|why|1|why_1|2|why_1|[EMOJI]smirk.png|why_1|[EMOJI]gif4.gif|why_1|[EMOJI]gif4.gif|why|[EMOJI]smart.png|why|[EMOJI]image_emoticon6.png|why|[EMOJI]image_emoticon6.png|why|[EMOJI]gif4.gif|why_1|[EMOJI]image_emoticon19.png|why|[EMOJI]gif4.gif|why_1|[EMOJI]image_emoticon31.png|why_1|诶呀|why_1|弄得差不多了|why|但是文件还不能下载，语音也打不通|why_1|[EMOJI]image_emoticon19.png|why_1|1|why|[EMOJI]gif2.gif|why|1|why|2|why|[EMOJI]image_emoticon19.png|why|[EMOJI]image_emoticon19.png
2025-05-25 20:16:57,644 [DEBUG] 处理收到的消息: FILE_LIST|main.py|client_20250516_225953.log|facepalm.png|cxk.png
2025-05-25 20:16:59,688 [DEBUG] 处理收到的消息: CALL_INCOMING|why_1
2025-05-25 20:16:59,689 [DEBUG] ======= CALL_INCOMING详细调试信息 =======
2025-05-25 20:16:59,689 [DEBUG] 收到CALL_INCOMING消息: CALL_INCOMING|why_1
2025-05-25 20:16:59,689 [DEBUG] 来电者: why_1
2025-05-25 20:16:59,690 [DEBUG] 当前用户: why
2025-05-25 20:16:59,690 [DEBUG] 当前通话状态: in_call=False, call_target=None
2025-05-25 20:16:59,690 [DEBUG] 当前窗口状态: visible=True, active=False
2025-05-25 20:16:59,690 [DEBUG] 添加来电到待处理队列: why_1
2025-05-25 20:16:59,691 [DEBUG] CALL_INCOMING已添加到待处理队列
2025-05-25 20:16:59,691 [DEBUG] ======= CALL_INCOMING详细调试信息结束 =======
2025-05-25 20:16:59,792 [DEBUG] 从待处理队列中处理来电: why_1
2025-05-25 20:16:59,815 [DEBUG] 已显示通知窗口并从队列中移除: why_1
2025-05-25 20:17:00,187 [DEBUG] 处理收到的消息: CALL_INCOMING|why_1
2025-05-25 20:17:00,188 [DEBUG] ======= CALL_INCOMING详细调试信息 =======
2025-05-25 20:17:00,188 [DEBUG] 收到CALL_INCOMING消息: CALL_INCOMING|why_1
2025-05-25 20:17:00,188 [DEBUG] 来电者: why_1
2025-05-25 20:17:00,188 [DEBUG] 当前用户: why
2025-05-25 20:17:00,188 [DEBUG] 当前通话状态: in_call=False, call_target=None
2025-05-25 20:17:00,188 [DEBUG] 当前窗口状态: visible=True, active=False
2025-05-25 20:17:00,188 [DEBUG] 添加来电到待处理队列: why_1
2025-05-25 20:17:00,189 [DEBUG] CALL_INCOMING已添加到待处理队列
2025-05-25 20:17:00,189 [DEBUG] ======= CALL_INCOMING详细调试信息结束 =======
2025-05-25 20:17:00,291 [DEBUG] 从待处理队列中处理来电: why_1
2025-05-25 20:17:00,306 [DEBUG] 已显示通知窗口并从队列中移除: why_1
2025-05-25 20:17:00,687 [DEBUG] 处理收到的消息: CALL_INCOMING|why_1
2025-05-25 20:17:00,688 [DEBUG] ======= CALL_INCOMING详细调试信息 =======
2025-05-25 20:17:00,688 [DEBUG] 收到CALL_INCOMING消息: CALL_INCOMING|why_1
2025-05-25 20:17:00,688 [DEBUG] 来电者: why_1
2025-05-25 20:17:00,688 [DEBUG] 当前用户: why
2025-05-25 20:17:00,688 [DEBUG] 当前通话状态: in_call=False, call_target=None
2025-05-25 20:17:00,688 [DEBUG] 当前窗口状态: visible=True, active=False
2025-05-25 20:17:00,688 [DEBUG] 添加来电到待处理队列: why_1
2025-05-25 20:17:00,688 [DEBUG] CALL_INCOMING已添加到待处理队列
2025-05-25 20:17:00,689 [DEBUG] ======= CALL_INCOMING详细调试信息结束 =======
2025-05-25 20:17:00,789 [DEBUG] 从待处理队列中处理来电: why_1
2025-05-25 20:17:00,800 [DEBUG] 已显示通知窗口并从队列中移除: why_1
2025-05-25 20:17:04,771 [DEBUG] 接受来电：why_1
2025-05-25 20:17:04,771 [DEBUG] 准备发送CALL_ACCEPT: b'CALL_ACCEPT|why|why_1|62223'
2025-05-25 20:17:04,771 [DEBUG] 已发送CALL_ACCEPT消息，本地UDP端口: 62223
2025-05-25 20:17:05,018 [DEBUG] 处理收到的消息: CALL_CONNECT_INFO|why_1|210.30.195.137|42856
2025-05-25 20:17:05,018 [DEBUG] 收到CALL_CONNECT_INFO: caller=why_1, ip=210.30.195.137, port=42856
2025-05-25 20:17:05,019 [DEBUG] 接收方获得发起方UDP地址: ('210.30.195.137', 42856)
2025-05-25 20:17:05,019 [DEBUG] 创建新的通话对话框
2025-05-25 20:17:12,191 [DEBUG] 用户选择的音频设备: {'input': 2, 'output': 3}
2025-05-25 20:17:12,194 [DEBUG] 开始通话: is_caller=False, target_addr=('210.30.195.137', 42856)
2025-05-25 20:17:12,194 [DEBUG] 初始化音频播放器: output_device_index=3
2025-05-25 20:17:12,194 [DEBUG] 音频播放器已启动
2025-05-25 20:17:12,194 [DEBUG] 初始化音频录制器: input_device_index=2
2025-05-25 20:17:12,195 [DEBUG] 使用输出设备: Microsoft 声音映射器 - Output
2025-05-25 20:17:12,195 [DEBUG] 音频录制器已启动
2025-05-25 20:17:12,195 [DEBUG] 使用输入设备: 外部麦克风 (Realtek(R) Audio)
2025-05-25 20:17:12,195 [DEBUG] 设备信息: {'index': 3, 'structVersion': 2, 'name': 'Microsoft 声音映射器 - Output', 'hostApi': 0, 'maxInputChannels': 0, 'maxOutputChannels': 2, 'defaultLowInputLatency': 0.09, 'defaultLowOutputLatency': 0.09, 'defaultHighInputLatency': 0.18, 'defaultHighOutputLatency': 0.18, 'defaultSampleRate': 44100.0}
2025-05-25 20:17:12,195 [DEBUG] 设备信息: {'index': 2, 'structVersion': 2, 'name': '外部麦克风 (Realtek(R) Audio)', 'hostApi': 0, 'maxInputChannels': 4, 'maxOutputChannels': 0, 'defaultLowInputLatency': 0.09, 'defaultLowOutputLatency': 0.09, 'defaultHighInputLatency': 0.18, 'defaultHighOutputLatency': 0.18, 'defaultSampleRate': 44100.0}
2025-05-25 20:17:12,202 [DEBUG] 为接收方创建通话对话框
2025-05-25 20:17:12,477 [DEBUG] 开始录音...
2025-05-25 20:17:12,509 [DEBUG] 开始音频播放...
2025-05-25 20:17:13,906 [DEBUG] 用户选择的音频设备: {'input': 0, 'output': 3}
2025-05-25 20:17:13,912 [DEBUG] 已创建通话对话框(被叫方)，等待连接信息...
2025-05-25 20:17:15,719 [DEBUG] 发送UDP音频数据: 包 #50, 2048 字节，到: ('210.30.195.137', 42856)
2025-05-25 20:17:18,919 [DEBUG] 录制到音频数据: 包 #100, 2048 字节
2025-05-25 20:17:18,920 [DEBUG] 发送UDP音频数据: 包 #100, 2048 字节，到: ('210.30.195.137', 42856)
2025-05-25 20:17:22,120 [DEBUG] 发送UDP音频数据: 包 #150, 2048 字节，到: ('210.30.195.137', 42856)
2025-05-25 20:17:25,319 [DEBUG] 录制到音频数据: 包 #200, 2048 字节
2025-05-25 20:17:25,319 [DEBUG] 发送UDP音频数据: 包 #200, 2048 字节，到: ('210.30.195.137', 42856)
2025-05-25 20:17:25,710 [DEBUG] 结束通话
