2025-05-24 20:11:36,110 [DEBUG] 服务器地址 54.252.240.58 解析成功
2025-05-24 20:11:36,380 [DEBUG] 成功连接到服务器 54.252.240.58:12345
2025-05-24 20:11:36,381 [DEBUG] 服务器地址 54.252.240.58 解析成功
2025-05-24 20:11:36,577 [DEBUG] 成功连接到服务器 54.252.240.58:12345
2025-05-24 20:11:57,340 [DEBUG] 初始化主窗口: 用户=why
2025-05-24 20:11:57,340 [DEBUG] 创建客户端线程
2025-05-24 20:11:57,341 [DEBUG] 客户端线程初始化
2025-05-24 20:11:57,341 [DEBUG] 开始初始化UDP音频服务
2025-05-24 20:11:57,341 [DEBUG] 分配随机UDP端口: 63412
2025-05-24 20:11:57,341 [DEBUG] 客户端线程开始运行
2025-05-24 20:11:57,341 [DEBUG] 尝试绑定UDP端口: 63412
2025-05-24 20:11:57,343 [DEBUG] UDP端口绑定成功: 63412
2025-05-24 20:11:57,343 [DEBUG] 创建UDP音频线程，端口: 63412
2025-05-24 20:11:57,344 [DEBUG] UDP音频线程绑定到端口: 63412
2025-05-24 20:11:57,344 [DEBUG] UDP音频线程启动成功
2025-05-24 20:11:57,344 [DEBUG] 发送UDP端口更新消息: UDP_PORT_UPDATE|why|63412
2025-05-24 20:11:57,344 [DEBUG] UDP音频服务初始化完成，端口: 63412
2025-05-24 20:11:57,367 [DEBUG] 初始化UI
2025-05-24 20:11:57,374 [DEBUG] 初始刷新好友和群组列表
2025-05-24 20:11:57,375 [DEBUG] 主窗口初始化完成，用户: why, UDP端口: 63412
2025-05-24 20:11:57,903 [DEBUG] 处理收到的消息: FRIEND_LIST|
2025-05-24 20:11:58,573 [DEBUG] 处理收到的消息: FRIEND_LIST|why_1:online|gty:offline
2025-05-24 20:12:04,880 [DEBUG] 处理收到的消息: PRIVATE_HISTORY|why_1|1|why_1|[EMOJI]smart.png|why_1|[EMOJI]gif4.gif|why_1|[EMOJI]gif4.gif|why_1|[EMOJI]smart.png|why_1|[EMOJI]facepalm.png|why_1|[EMOJI]gif4.gif|why|1|why_1|[EMOJI]smirk.png|why|1|why_1|2|why_1|[EMOJI]smirk.png|why_1|[EMOJI]gif4.gif|why_1|[EMOJI]gif4.gif|why|[EMOJI]smart.png|why|[EMOJI]image_emoticon6.png|why|[EMOJI]image_emoticon6.png|why|[EMOJI]gif4.gif|why_1|[EMOJI]image_emoticon19.png|why|[EMOJI]gif4.gif|why_1|[EMOJI]image_emoticon31.png|why_1|诶呀|why_1|弄得差不多了|why|但是文件还不能下载，语音也打不通|why_1|[EMOJI]image_emoticon19.png|why_1|1|why|[EMOJI]gif2.gif|why|1|why_1|1|why|2|why_1|1|why|[EMOJI]smirk.png
2025-05-24 20:12:08,138 [DEBUG] 处理收到的消息: MSG|why_1|1
2025-05-24 20:12:19,591 [DEBUG] 尝试发起语音通话
2025-05-24 20:12:19,592 [DEBUG] 发起语音通话请求：why -> why_1
2025-05-24 20:12:19,592 [DEBUG] 准备发送通话请求: CALL_REQUEST|why|why_1|63412
2025-05-24 20:12:19,592 [DEBUG] 已发送CALL_REQUEST消息，本地UDP端口: 63412
2025-05-24 20:12:19,603 [DEBUG] 已创建通话对话框(主叫方)
2025-05-24 20:12:43,118 [DEBUG] 处理收到的消息: FRIEND_OFFLINE|why_1
2025-05-24 20:12:58,592 [WARNING] 服务器连接断开
2025-05-24 20:12:58,592 [DEBUG] 客户端线程结束
2025-05-24 20:14:20,981 [DEBUG] 停止客户端线程
2025-05-24 20:14:20,988 [DEBUG] 服务器地址 54.252.240.58 解析成功
2025-05-24 20:14:22,694 [ERROR] 网络配置检查失败: [WinError 10061] 由于目标计算机积极拒绝，无法连接。
