2025-05-17 20:36:07,361 [DEBUG] 初始化主窗口: 用户=why
2025-05-17 20:36:07,362 [DEBUG] 创建客户端线程
2025-05-17 20:36:07,362 [DEBUG] 客户端线程初始化
2025-05-17 20:36:07,362 [DEBUG] 开始初始化UDP音频服务
2025-05-17 20:36:07,362 [DEBUG] 分配随机UDP端口: 41890
2025-05-17 20:36:07,363 [DEBUG] 客户端线程开始运行
2025-05-17 20:36:07,363 [DEBUG] 尝试绑定UDP端口: 41890
2025-05-17 20:36:07,364 [DEBUG] UDP端口绑定成功: 41890
2025-05-17 20:36:07,364 [DEBUG] 创建UDP音频线程，端口: 41890
2025-05-17 20:36:07,365 [DEBUG] UDP音频线程启动成功
2025-05-17 20:36:07,365 [DEBUG] 发送UDP端口更新消息: UDP_PORT_UPDATE|why|41890
2025-05-17 20:36:07,375 [DEBUG] UDP音频服务初始化完成，端口: 41890
2025-05-17 20:36:07,391 [DEBUG] 初始化UI
2025-05-17 20:36:07,396 [DEBUG] 初始刷新好友和群组列表
2025-05-17 20:36:07,397 [DEBUG] 主窗口初始化完成，用户: why, UDP端口: 41890
2025-05-17 20:36:07,447 [DEBUG] 处理收到的消息: FRIEND_LIST|why_1:offline|gty:online
2025-05-17 20:36:07,447 [DEBUG] 处理收到的消息: GROUP_LIST|1:first_grop|2:second_grop|3:third_grop|4:4
2025-05-17 20:36:08,696 [DEBUG] 处理收到的消息: PRIVATE_HISTORY|gty|1|why|2|gty|[EMOJI]gif4.gif|gty|[EMOJI]image_emoticon31.png|gty|[EMOJI]image_emoticon6.png
2025-05-17 20:36:08,706 [DEBUG] 处理收到的消息: FILE_LIST|
2025-05-17 20:36:15,898 [DEBUG] 处理收到的消息: CALL_INCOMING|gty
2025-05-17 20:36:15,898 [DEBUG] ======= CALL_INCOMING详细调试信息 =======
2025-05-17 20:36:15,899 [DEBUG] 收到CALL_INCOMING消息: CALL_INCOMING|gty
2025-05-17 20:36:15,899 [DEBUG] 来电者: gty
2025-05-17 20:36:15,899 [DEBUG] 当前用户: why
2025-05-17 20:36:15,899 [DEBUG] 当前通话状态: in_call=False, call_target=None
2025-05-17 20:36:15,900 [DEBUG] 当前窗口状态: visible=True, active=True
2025-05-17 20:36:15,900 [DEBUG] 添加来电到待处理队列: gty
2025-05-17 20:36:15,900 [DEBUG] CALL_INCOMING已添加到待处理队列
2025-05-17 20:36:15,900 [DEBUG] ======= CALL_INCOMING详细调试信息结束 =======
2025-05-17 20:36:16,001 [DEBUG] 从待处理队列中处理来电: gty
2025-05-17 20:36:16,029 [DEBUG] 已显示通知窗口并从队列中移除: gty
2025-05-17 20:36:16,396 [DEBUG] 处理收到的消息: CALL_INCOMING|gty
2025-05-17 20:36:16,396 [DEBUG] ======= CALL_INCOMING详细调试信息 =======
2025-05-17 20:36:16,396 [DEBUG] 收到CALL_INCOMING消息: CALL_INCOMING|gty
2025-05-17 20:36:16,396 [DEBUG] 来电者: gty
2025-05-17 20:36:16,397 [DEBUG] 当前用户: why
2025-05-17 20:36:16,397 [DEBUG] 当前通话状态: in_call=False, call_target=None
2025-05-17 20:36:16,397 [DEBUG] 当前窗口状态: visible=True, active=False
2025-05-17 20:36:16,397 [DEBUG] 添加来电到待处理队列: gty
2025-05-17 20:36:16,397 [DEBUG] CALL_INCOMING已添加到待处理队列
2025-05-17 20:36:16,397 [DEBUG] ======= CALL_INCOMING详细调试信息结束 =======
2025-05-17 20:36:16,397 [DEBUG] 从待处理队列中处理来电: gty
2025-05-17 20:36:16,411 [DEBUG] 已显示通知窗口并从队列中移除: gty
2025-05-17 20:36:16,897 [DEBUG] 处理收到的消息: CALL_INCOMING|gty
2025-05-17 20:36:16,897 [DEBUG] ======= CALL_INCOMING详细调试信息 =======
2025-05-17 20:36:16,897 [DEBUG] 收到CALL_INCOMING消息: CALL_INCOMING|gty
2025-05-17 20:36:16,897 [DEBUG] 来电者: gty
2025-05-17 20:36:16,898 [DEBUG] 当前用户: why
2025-05-17 20:36:16,898 [DEBUG] 当前通话状态: in_call=False, call_target=None
2025-05-17 20:36:16,898 [DEBUG] 当前窗口状态: visible=True, active=False
2025-05-17 20:36:16,898 [DEBUG] 添加来电到待处理队列: gty
2025-05-17 20:36:16,898 [DEBUG] CALL_INCOMING已添加到待处理队列
2025-05-17 20:36:16,898 [DEBUG] ======= CALL_INCOMING详细调试信息结束 =======
2025-05-17 20:36:16,998 [DEBUG] 从待处理队列中处理来电: gty
2025-05-17 20:36:17,011 [DEBUG] 已显示通知窗口并从队列中移除: gty
2025-05-17 20:36:35,806 [DEBUG] 接受来电：gty
2025-05-17 20:36:35,807 [DEBUG] 准备发送CALL_ACCEPT: b'CALL_ACCEPT|why|gty|41890'
2025-05-17 20:36:35,807 [DEBUG] 已发送CALL_ACCEPT消息，本地UDP端口: 41890
2025-05-17 20:36:47,824 [DEBUG] 已创建通话对话框(被叫方)
