2025-05-17 20:24:09,534 [DEBUG] 初始化主窗口: 用户=why
2025-05-17 20:24:09,534 [DEBUG] 创建客户端线程
2025-05-17 20:24:09,535 [DEBUG] 客户端线程初始化
2025-05-17 20:24:09,535 [DEBUG] 开始初始化UDP音频服务
2025-05-17 20:24:09,535 [DEBUG] 分配随机UDP端口: 48008
2025-05-17 20:24:09,535 [DEBUG] 客户端线程开始运行
2025-05-17 20:24:09,536 [DEBUG] 尝试绑定UDP端口: 48008
2025-05-17 20:24:09,536 [DEBUG] UDP端口绑定成功: 48008
2025-05-17 20:24:09,537 [DEBUG] 创建UDP音频线程，端口: 48008
2025-05-17 20:24:09,537 [DEBUG] UDP音频线程启动成功
2025-05-17 20:24:09,537 [DEBUG] 发送UDP端口更新消息: UDP_PORT_UPDATE|why|48008
2025-05-17 20:24:09,539 [DEBUG] UDP音频服务初始化完成，端口: 48008
2025-05-17 20:24:09,556 [DEBUG] 初始化UI
2025-05-17 20:24:09,560 [DEBUG] 初始刷新好友和群组列表
2025-05-17 20:24:09,561 [DEBUG] 主窗口初始化完成，用户: why, UDP端口: 48008
2025-05-17 20:24:09,606 [DEBUG] 处理收到的消息: FRIEND_LIST|why_1:offline|gty:online
2025-05-17 20:24:09,606 [DEBUG] 处理收到的消息: GROUP_LIST|1:first_grop|2:second_grop|3:third_grop|4:4
2025-05-17 20:24:11,305 [DEBUG] 处理收到的消息: PRIVATE_HISTORY|gty|1|why|2|gty|[EMOJI]gif4.gif|gty|[EMOJI]image_emoticon31.png|gty|[EMOJI]image_emoticon6.png
2025-05-17 20:24:11,317 [DEBUG] 处理收到的消息: FILE_LIST|
2025-05-17 20:24:13,052 [DEBUG] 尝试发起语音通话
2025-05-17 20:24:13,052 [DEBUG] 发起语音通话请求：why -> gty
2025-05-17 20:24:13,052 [DEBUG] 准备发送通话请求: CALL_REQUEST|why|gty|48008
2025-05-17 20:24:13,052 [DEBUG] 已发送CALL_REQUEST消息，本地UDP端口: 48008
2025-05-17 20:24:13,060 [DEBUG] 已创建通话对话框(主叫方)
2025-05-17 20:24:14,557 [DEBUG] 处理收到的消息: CALL_RESPONSE|SENDING|gty
2025-05-17 20:24:14,557 [DEBUG] 服务器确认正在向 gty 发送通话请求
2025-05-17 20:24:16,059 [DEBUG] 处理收到的消息: CALL_ACCEPTED|gty|172.18.204.180|45005
2025-05-17 20:24:16,060 [ERROR] 地址信息格式错误: 172.18.204.180
2025-05-17 20:24:16,561 [DEBUG] 处理收到的消息: CALL_ACCEPTED|gty|172.18.204.180|45005
2025-05-17 20:24:16,561 [ERROR] 地址信息格式错误: 172.18.204.180
2025-05-17 20:24:17,062 [DEBUG] 处理收到的消息: CALL_ACCEPTED|gty|172.18.204.180|45005
2025-05-17 20:24:17,062 [ERROR] 地址信息格式错误: 172.18.204.180
2025-05-17 20:24:20,132 [DEBUG] 处理收到的消息: CALL_ENDED|gty
2025-05-17 20:29:57,897 [DEBUG] 停止客户端线程
2025-05-17 20:29:57,898 [WARNING] 服务器连接断开
2025-05-17 20:29:57,898 [DEBUG] 客户端线程结束
