2025-05-17 16:57:29,776 [DEBUG] 初始化主窗口: 用户=why
2025-05-17 16:57:29,777 [DEBUG] 创建客户端线程
2025-05-17 16:57:29,778 [DEBUG] 客户端线程初始化
2025-05-17 16:57:29,778 [DEBUG] 开始初始化UDP音频服务
2025-05-17 16:57:29,779 [DEBUG] 分配随机UDP端口: 52488
2025-05-17 16:57:29,779 [DEBUG] 客户端线程开始运行
2025-05-17 16:57:29,780 [DEBUG] 尝试绑定UDP端口: 52488
2025-05-17 16:57:29,781 [DEBUG] UDP端口绑定成功: 52488
2025-05-17 16:57:29,781 [DEBUG] 创建UDP音频线程，端口: 52488
2025-05-17 16:57:29,783 [DEBUG] UDP音频线程启动成功
2025-05-17 16:57:29,783 [DEBUG] 发送UDP端口更新消息: UDP_PORT_UPDATE|why|52488
2025-05-17 16:57:29,794 [DEBUG] UDP音频服务初始化完成，端口: 52488
2025-05-17 16:57:29,850 [DEBUG] 初始化UI
2025-05-17 16:57:29,856 [DEBUG] 初始刷新好友和群组列表
2025-05-17 16:57:29,856 [DEBUG] 主窗口初始化完成，用户: why, UDP端口: 52488
2025-05-17 16:57:29,932 [DEBUG] 处理收到的消息: FRIEND_LIST|why_1:offline
2025-05-17 16:57:29,933 [DEBUG] 处理收到的消息: GROUP_LIST|1:first_grop|2:second_grop|3:third_grop|4:4
2025-05-17 16:57:33,268 [DEBUG] 处理收到的消息: PRIVATE_HISTORY|why_1|1|why_1|[EMOJI]smart.png|why_1|[EMOJI]gif4.gif|why_1|[EMOJI]gif4.gif|why_1|[EMOJI]smart.png|why_1|[EMOJI]facepalm.png|why_1|[EMOJI]gif4.gif|why|1|why_1|[EMOJI]smirk.png|why|1|why_1|2|why_1|[EMOJI]smirk.png|why_1|[EMOJI]gif4.gif|why_1|[EMOJI]gif4.gif|why|[EMOJI]smart.png|why|[EMOJI]image_emoticon6.png|why|[EMOJI]image_emoticon6.png|why|[EMOJI]gif4.gif|why_1|[EMOJI]image_emoticon19.png|why|[EMOJI]gif4.gif|why_1|[EMOJI]image_emoticon31.png|why_1|诶呀|why_1|弄得差不多了|why|但是文件还不能下载，语音也打不通|why_1|[EMOJI]image_emoticon19.png
2025-05-17 16:57:33,364 [DEBUG] 处理收到的消息: FILE_LIST|.chunks
2025-05-17 16:58:21,670 [DEBUG] 处理收到的消息: UPLOAD_READY|373015|1
2025-05-17 16:58:46,789 [ERROR] 连接被重置
2025-05-17 16:58:46,790 [DEBUG] 客户端线程结束
2025-05-17 16:58:49,378 [DEBUG] 停止客户端线程
